Wed Mar 23 2022 08:59:24 GMT+0800 (China Standard Time) | INFO | type-item-api.log | API: /getAllTypeItems | data:{"message":"API Done","total":380,"status":true} | 
Wed Mar 23 2022 09:00:14 GMT+0800 (China Standard Time) | INFO | type-item-api.log | API: /getAllTypeItems | data:{"message":"API Done","total":380,"status":true} | 
Wed Mar 23 2022 11:14:43 GMT+0800 (China Standard Time) | INFO | type-item-api.log | API: /getAllTypeItems | data:{"message":"API Done","total":380,"status":true} | 
Wed Mar 23 2022 13:49:15 GMT+0800 (China Standard Time) | ERROR | type-item-api.log | API: /getAllTypeItem | data:{"message":"API Error: QueryFailedError: ER_NON_UNIQ_ERROR: Column 'status' in where clause is ambiguous","status":false} | 
Wed Mar 23 2022 13:49:18 GMT+0800 (China Standard Time) | ERROR | type-item-api.log | API: /getAllTypeItem | data:{"message":"API Error: QueryFailedError: ER_NON_UNIQ_ERROR: Column 'status' in where clause is ambiguous","status":false} | 
Wed Mar 23 2022 13:49:20 GMT+0800 (China Standard Time) | ERROR | type-item-api.log | API: /getAllTypeItem | data:{"message":"API Error: QueryFailedError: ER_NON_UNIQ_ERROR: Column 'status' in where clause is ambiguous","status":false} | 
Wed Mar 23 2022 13:50:53 GMT+0800 (China Standard Time) | ERROR | type-item-api.log | API: /getAllTypeItem | data:{"message":"API Error: QueryFailedError: ER_NON_UNIQ_ERROR: Column 'status' in where clause is ambiguous","status":false} | 
Wed Mar 23 2022 13:50:55 GMT+0800 (China Standard Time) | ERROR | type-item-api.log | API: /getAllTypeItem | data:{"message":"API Error: QueryFailedError: ER_NON_UNIQ_ERROR: Column 'status' in where clause is ambiguous","status":false} | 
Wed Mar 23 2022 13:51:54 GMT+0800 (China Standard Time) | INFO | type-item-api.log | API: /getAllTypeItem | data:{"message":"API Done","total":380,"status":true} | 
Wed Mar 23 2022 13:52:04 GMT+0800 (China Standard Time) | INFO | type-item-api.log | API: /getAllTypeItem | data:{"message":"API Done","total":380,"status":true} | 
Wed Mar 23 2022 13:52:07 GMT+0800 (China Standard Time) | INFO | type-item-api.log | API: /getAllTypeItem | data:{"message":"API Done","total":380,"status":true} | 
Wed Mar 23 2022 13:52:08 GMT+0800 (China Standard Time) | INFO | type-item-api.log | API: /getAllTypeItem | data:{"message":"API Done","total":380,"status":true} | 
Wed Mar 23 2022 13:52:33 GMT+0800 (China Standard Time) | INFO | type-item-api.log | API: /getAllTypeItem | data:{"message":"API Done","total":380,"status":true} | 
Wed Mar 23 2022 13:52:37 GMT+0800 (China Standard Time) | INFO | type-item-api.log | API: /getAllTypeItem | data:{"message":"API Done","total":380,"status":true} | 
Wed Mar 23 2022 13:53:09 GMT+0800 (China Standard Time) | INFO | type-item-api.log | API: /getAllTypeItem | data:{"message":"API Done","total":380,"status":true} | 
Wed Mar 23 2022 13:53:13 GMT+0800 (China Standard Time) | INFO | type-item-api.log | API: /getAllTypeItem | data:{"message":"API Done","total":380,"status":true} | 
Wed Mar 23 2022 13:53:46 GMT+0800 (China Standard Time) | INFO | type-item-api.log | API: /getAllTypeItem | data:{"message":"API Done","total":380,"status":true} | 
Wed Mar 23 2022 13:53:48 GMT+0800 (China Standard Time) | INFO | type-item-api.log | API: /getAllTypeItem | data:{"message":"API Done","total":380,"status":true} | 
Wed Mar 23 2022 13:53:58 GMT+0800 (China Standard Time) | INFO | type-item-api.log | API: /getAllTypeItem | data:{"message":"API Done","total":380,"status":true} | 
Wed Mar 23 2022 13:54:05 GMT+0800 (China Standard Time) | INFO | type-item-api.log | API: /getAllTypeItem | data:{"message":"API Done","total":380,"status":true} | 
Wed Mar 23 2022 13:56:04 GMT+0800 (China Standard Time) | INFO | type-item-api.log | API: /getAllTypeItem | data:{"message":"API Done","total":380,"status":true} | 
Wed Mar 23 2022 13:56:23 GMT+0800 (China Standard Time) | INFO | type-item-api.log | API: /getAllTypeItem | data:{"message":"API Done","total":380,"status":true} | 
Wed Mar 23 2022 13:56:24 GMT+0800 (China Standard Time) | INFO | type-item-api.log | API: /getAllTypeItem | data:{"message":"API Done","total":380,"status":true} | 
Wed Mar 23 2022 13:56:49 GMT+0800 (China Standard Time) | INFO | type-item-api.log | API: /getAllTypeItem | data:{"message":"API Done","total":380,"status":true} | 
Wed Mar 23 2022 13:56:50 GMT+0800 (China Standard Time) | INFO | type-item-api.log | API: /getAllTypeItem | data:{"message":"API Done","total":380,"status":true} | 
Wed Mar 23 2022 13:57:09 GMT+0800 (China Standard Time) | INFO | type-item-api.log | API: /getAllTypeItem | data:{"message":"API Done","total":380,"status":true} | 
Wed Mar 23 2022 13:57:09 GMT+0800 (China Standard Time) | INFO | type-item-api.log | API: /getTypeItemByCategory | data:{"message":"API Done","total":0,"status":true} | 
Wed Mar 23 2022 13:57:28 GMT+0800 (China Standard Time) | INFO | type-item-api.log | API: /getTypeItemByCategory | data:{"message":"API Done","total":0,"status":true} | 
Wed Mar 23 2022 13:57:29 GMT+0800 (China Standard Time) | INFO | type-item-api.log | API: /getAllTypeItem | data:{"message":"API Done","total":380,"status":true} | 
Wed Mar 23 2022 13:57:48 GMT+0800 (China Standard Time) | INFO | type-item-api.log | API: /getTypeItemByCategory | data:{"message":"API Done","total":0,"status":true} | 
Wed Mar 23 2022 13:57:49 GMT+0800 (China Standard Time) | INFO | type-item-api.log | API: /getAllTypeItem | data:{"message":"API Done","total":380,"status":true} | 
Wed Mar 23 2022 13:57:53 GMT+0800 (China Standard Time) | INFO | type-item-api.log | API: /getTypeItemByCategory | data:{"message":"API Done","total":0,"status":true} | 
Wed Mar 23 2022 13:57:53 GMT+0800 (China Standard Time) | INFO | type-item-api.log | API: /getAllTypeItem | data:{"message":"API Done","total":380,"status":true} | 
Wed Mar 23 2022 13:58:34 GMT+0800 (China Standard Time) | INFO | type-item-api.log | API: /getTypeItemByCategory | data:{"message":"API Done","total":0,"status":true} | 
Wed Mar 23 2022 13:58:34 GMT+0800 (China Standard Time) | INFO | type-item-api.log | API: /getAllTypeItem | data:{"message":"API Done","total":380,"status":true} | 
Wed Mar 23 2022 13:58:41 GMT+0800 (China Standard Time) | INFO | type-item-api.log | API: /getTypeItemByCategory | data:{"message":"API Done","total":0,"status":true} | 
Wed Mar 23 2022 13:58:42 GMT+0800 (China Standard Time) | INFO | type-item-api.log | API: /getAllTypeItem | data:{"message":"API Done","total":380,"status":true} | 
Wed Mar 23 2022 13:58:44 GMT+0800 (China Standard Time) | INFO | type-item-api.log | API: /getTypeItemByCategory | data:{"message":"API Done","total":0,"status":true} | 
Wed Mar 23 2022 13:58:44 GMT+0800 (China Standard Time) | INFO | type-item-api.log | API: /getAllTypeItem | data:{"message":"API Done","total":380,"status":true} | 
Wed Mar 23 2022 13:58:59 GMT+0800 (China Standard Time) | INFO | type-item-api.log | API: /getTypeItemByCategory | data:{"message":"API Done","total":0,"status":true} | 
Wed Mar 23 2022 13:59:02 GMT+0800 (China Standard Time) | INFO | type-item-api.log | API: /getTypeItemByCategory | data:{"message":"API Done","total":11,"status":true} | 
Wed Mar 23 2022 13:59:09 GMT+0800 (China Standard Time) | INFO | type-item-api.log | API: /getTypeItemByCategory | data:{"message":"API Done","total":4,"status":true} | 
Wed Mar 23 2022 13:59:22 GMT+0800 (China Standard Time) | INFO | type-item-api.log | API: /getTypeItemByCategory | data:{"message":"API Done","total":4,"status":true} | 
Wed Mar 23 2022 13:59:23 GMT+0800 (China Standard Time) | INFO | type-item-api.log | API: /getTypeItemByCategory | data:{"message":"API Done","total":0,"status":true} | 
Wed Mar 23 2022 13:59:25 GMT+0800 (China Standard Time) | INFO | type-item-api.log | API: /getTypeItemByCategory | data:{"message":"API Done","total":4,"status":true} | 
Wed Mar 23 2022 13:59:28 GMT+0800 (China Standard Time) | INFO | type-item-api.log | API: /getTypeItemByCategory | data:{"message":"API Done","total":12,"status":true} | 
Wed Mar 23 2022 14:00:32 GMT+0800 (China Standard Time) | INFO | type-item-api.log | API: /getTypeItemByCategory | data:{"message":"API Done","total":2,"status":true} | 
Wed Mar 23 2022 14:01:07 GMT+0800 (China Standard Time) | INFO | type-item-api.log | API: /getTypeItemByCategory | data:{"message":"API Done","total":0,"status":true} | 
Wed Mar 23 2022 14:01:08 GMT+0800 (China Standard Time) | INFO | type-item-api.log | API: /getTypeItemByCategory | data:{"message":"API Done","total":4,"status":true} | 
Wed Mar 23 2022 14:01:15 GMT+0800 (China Standard Time) | INFO | type-item-api.log | API: /getTypeItemByCategory | data:{"message":"API Done","total":4,"status":true} | 
Wed Mar 23 2022 14:01:17 GMT+0800 (China Standard Time) | INFO | type-item-api.log | API: /getTypeItemByCategory | data:{"message":"API Done","total":8,"status":true} | 
Wed Mar 23 2022 14:01:47 GMT+0800 (China Standard Time) | INFO | type-item-api.log | API: /getTypeItemByCategory | data:{"message":"API Done","total":8,"status":true} | 
Wed Mar 23 2022 14:01:54 GMT+0800 (China Standard Time) | INFO | type-item-api.log | API: /getTypeItemByCategory | data:{"message":"API Done","total":8,"status":true} | 
Wed Mar 23 2022 14:02:16 GMT+0800 (China Standard Time) | INFO | type-item-api.log | API: /getTypeItemByCategory | data:{"message":"API Done","total":8,"status":true} | 
Wed Mar 23 2022 14:02:35 GMT+0800 (China Standard Time) | INFO | type-item-api.log | API: /getTypeItemByCategory | data:{"message":"API Done","total":8,"status":true} | 
Wed Mar 23 2022 14:02:37 GMT+0800 (China Standard Time) | INFO | type-item-api.log | API: /getTypeItemByCategory | data:{"message":"API Done","total":0,"status":true} | 
Wed Mar 23 2022 14:03:48 GMT+0800 (China Standard Time) | INFO | type-item-api.log | API: /getTypeItemByCategory | data:{"message":"API Done","total":0,"status":true} | 
Wed Mar 23 2022 14:04:00 GMT+0800 (China Standard Time) | INFO | type-item-api.log | API: /getTypeItemByCategory | data:{"message":"API Done","total":0,"status":true} | 
Wed Mar 23 2022 14:04:04 GMT+0800 (China Standard Time) | INFO | type-item-api.log | API: /getTypeItemByCategory | data:{"message":"API Done","total":8,"status":true} | 
Wed Mar 23 2022 14:04:29 GMT+0800 (China Standard Time) | ERROR | type-item-api.log | API: /getTypeItemByCategory | data:{"message":"API Error: QueryFailedError: ER_BAD_FIELD_ERROR: Unknown column 'undefined' in 'where clause'","status":false} | 
Wed Mar 23 2022 14:04:29 GMT+0800 (China Standard Time) | INFO | type-item-api.log | API: /getTypeItemByCategory | data:{"message":"API Done","total":4,"status":true} | 
Wed Mar 23 2022 14:05:19 GMT+0800 (China Standard Time) | INFO | type-item-api.log | API: /getTypeItemByCategory | data:{"message":"API Done","total":4,"status":true} | 
Wed Mar 23 2022 14:05:22 GMT+0800 (China Standard Time) | INFO | type-item-api.log | API: /getTypeItemByCategory | data:{"message":"API Done","total":4,"status":true} | 
Wed Mar 23 2022 14:05:23 GMT+0800 (China Standard Time) | INFO | type-item-api.log | API: /getTypeItemByCategory | data:{"message":"API Done","total":8,"status":true} | 
Wed Mar 23 2022 14:05:39 GMT+0800 (China Standard Time) | INFO | type-item-api.log | API: /getTypeItemByCategory | data:{"message":"API Done","total":8,"status":true} | 
Wed Mar 23 2022 14:06:42 GMT+0800 (China Standard Time) | INFO | type-item-api.log | API: /getTypeItemByCategory | data:{"message":"API Done","total":8,"status":true} | 
Wed Mar 23 2022 14:06:44 GMT+0800 (China Standard Time) | INFO | type-item-api.log | API: /getTypeItemByCategory | data:{"message":"API Done","total":4,"status":true} | 
Wed Mar 23 2022 14:08:57 GMT+0800 (China Standard Time) | INFO | type-item-api.log | API: /getTypeItemByCategory | data:{"message":"API Done","total":4,"status":true} | 
Wed Mar 23 2022 14:09:25 GMT+0800 (China Standard Time) | INFO | type-item-api.log | API: /getTypeItemByCategory | data:{"message":"API Done","total":4,"status":true} | 
Wed Mar 23 2022 14:11:31 GMT+0800 (China Standard Time) | INFO | type-item-api.log | API: /getTypeItemByCategory | data:{"message":"API Done","total":4,"status":true} | 
Wed Mar 23 2022 14:14:05 GMT+0800 (China Standard Time) | INFO | type-item-api.log | API: /getTypeItemByCategory | data:{"message":"API Done","total":4,"status":true} | 
Wed Mar 23 2022 14:14:06 GMT+0800 (China Standard Time) | INFO | type-item-api.log | API: /getTypeItemByCategory | data:{"message":"API Done","total":6,"status":true} | 
Wed Mar 23 2022 14:14:08 GMT+0800 (China Standard Time) | INFO | type-item-api.log | API: /getTypeItemByCategory | data:{"message":"API Done","total":4,"status":true} | 
Wed Mar 23 2022 14:14:14 GMT+0800 (China Standard Time) | INFO | type-item-api.log | API: /getTypeItemByCategory | data:{"message":"API Done","total":4,"status":true} | 
Wed Mar 23 2022 14:14:18 GMT+0800 (China Standard Time) | INFO | type-item-api.log | API: /getTypeItemByCategory | data:{"message":"API Done","total":4,"status":true} | 
Wed Mar 23 2022 14:14:21 GMT+0800 (China Standard Time) | INFO | type-item-api.log | API: /getTypeItemByCategory | data:{"message":"API Done","total":6,"status":true} | 
Wed Mar 23 2022 14:14:35 GMT+0800 (China Standard Time) | INFO | type-item-api.log | API: /getTypeItemByCategory | data:{"message":"API Done","total":6,"status":true} | 
Wed Mar 23 2022 14:14:43 GMT+0800 (China Standard Time) | INFO | type-item-api.log | API: /getTypeItemByCategory | data:{"message":"API Done","total":6,"status":true} | 
Wed Mar 23 2022 14:14:56 GMT+0800 (China Standard Time) | INFO | type-item-api.log | API: /getTypeItemByCategory | data:{"message":"API Done","total":6,"status":true} | 
Wed Mar 23 2022 14:15:04 GMT+0800 (China Standard Time) | INFO | type-item-api.log | API: /getTypeItemByCategory | data:{"message":"API Done","total":6,"status":true} | 
Wed Mar 23 2022 14:15:17 GMT+0800 (China Standard Time) | INFO | type-item-api.log | API: /getTypeItemByCategory | data:{"message":"API Done","total":6,"status":true} | 
Wed Mar 23 2022 14:15:23 GMT+0800 (China Standard Time) | INFO | type-item-api.log | API: /getTypeItemByCategory | data:{"message":"API Done","total":6,"status":true} | 
Wed Mar 23 2022 14:15:28 GMT+0800 (China Standard Time) | INFO | type-item-api.log | API: /getTypeItemByCategory | data:{"message":"API Done","total":6,"status":true} | 
Wed Mar 23 2022 14:15:42 GMT+0800 (China Standard Time) | INFO | type-item-api.log | API: /getTypeItemByCategory | data:{"message":"API Done","total":6,"status":true} | 
Wed Mar 23 2022 14:15:43 GMT+0800 (China Standard Time) | INFO | type-item-api.log | API: /getTypeItemByCategory | data:{"message":"API Done","total":6,"status":true} | 
Wed Mar 23 2022 14:15:53 GMT+0800 (China Standard Time) | INFO | type-item-api.log | API: /getTypeItemByCategory | data:{"message":"API Done","total":6,"status":true} | 
Wed Mar 23 2022 14:15:58 GMT+0800 (China Standard Time) | INFO | type-item-api.log | API: /getTypeItemByCategory | data:{"message":"API Done","total":4,"status":true} | 
Wed Mar 23 2022 14:16:06 GMT+0800 (China Standard Time) | INFO | type-item-api.log | API: /getTypeItemByCategory | data:{"message":"API Done","total":4,"status":true} | 
Wed Mar 23 2022 14:16:09 GMT+0800 (China Standard Time) | INFO | type-item-api.log | API: /getTypeItemByCategory | data:{"message":"API Done","total":4,"status":true} | 
Wed Mar 23 2022 14:16:14 GMT+0800 (China Standard Time) | INFO | type-item-api.log | API: /getTypeItemByCategory | data:{"message":"API Done","total":4,"status":true} | 
Wed Mar 23 2022 14:16:18 GMT+0800 (China Standard Time) | INFO | type-item-api.log | API: /getTypeItemByCategory | data:{"message":"API Done","total":4,"status":true} | 
Wed Mar 23 2022 14:16:20 GMT+0800 (China Standard Time) | INFO | type-item-api.log | API: /getTypeItemByCategory | data:{"message":"API Done","total":6,"status":true} | 
Wed Mar 23 2022 14:16:24 GMT+0800 (China Standard Time) | INFO | type-item-api.log | API: /getTypeItemByCategory | data:{"message":"API Done","total":6,"status":true} | 
Wed Mar 23 2022 14:17:17 GMT+0800 (China Standard Time) | INFO | type-item-api.log | API: /getTypeItemByCategory | data:{"message":"API Done","total":6,"status":true} | 
Wed Mar 23 2022 14:17:18 GMT+0800 (China Standard Time) | INFO | type-item-api.log | API: /getTypeItemByCategory | data:{"message":"API Done","total":6,"status":true} | 
Wed Mar 23 2022 14:18:06 GMT+0800 (China Standard Time) | INFO | type-item-api.log | API: /getTypeItemByCategory | data:{"message":"API Done","total":6,"status":true} | 
Wed Mar 23 2022 14:18:06 GMT+0800 (China Standard Time) | INFO | type-item-api.log | API: /getTypeItemByCategory | data:{"message":"API Done","total":6,"status":true} | 
Wed Mar 23 2022 14:18:20 GMT+0800 (China Standard Time) | INFO | type-item-api.log | API: /getTypeItemByCategory | data:{"message":"API Done","total":6,"status":true} | 
Wed Mar 23 2022 14:18:30 GMT+0800 (China Standard Time) | INFO | type-item-api.log | API: /getTypeItemByCategory | data:{"message":"API Done","total":6,"status":true} | 
Wed Mar 23 2022 14:18:33 GMT+0800 (China Standard Time) | INFO | type-item-api.log | API: /getTypeItemByCategory | data:{"message":"API Done","total":6,"status":true} | 
Wed Mar 23 2022 14:18:48 GMT+0800 (China Standard Time) | INFO | type-item-api.log | API: /getTypeItemByCategory | data:{"message":"API Done","total":6,"status":true} | 
Wed Mar 23 2022 14:18:59 GMT+0800 (China Standard Time) | INFO | type-item-api.log | API: /getTypeItemByCategory | data:{"message":"API Done","total":6,"status":true} | 
Wed Mar 23 2022 14:19:02 GMT+0800 (China Standard Time) | INFO | type-item-api.log | API: /getTypeItemByCategory | data:{"message":"API Done","total":6,"status":true} | 
Wed Mar 23 2022 14:19:05 GMT+0800 (China Standard Time) | INFO | type-item-api.log | API: /getTypeItemByCategory | data:{"message":"API Done","total":6,"status":true} | 
Wed Mar 23 2022 14:19:18 GMT+0800 (China Standard Time) | INFO | type-item-api.log | API: /getTypeItemByCategory | data:{"message":"API Done","total":6,"status":true} | 
Wed Mar 23 2022 14:19:26 GMT+0800 (China Standard Time) | INFO | type-item-api.log | API: /getTypeItemByCategory | data:{"message":"API Done","total":6,"status":true} | 
Wed Mar 23 2022 14:19:28 GMT+0800 (China Standard Time) | INFO | type-item-api.log | API: /getTypeItemByCategory | data:{"message":"API Done","total":6,"status":true} | 
Wed Mar 23 2022 14:19:33 GMT+0800 (China Standard Time) | INFO | type-item-api.log | API: /getTypeItemByCategory | data:{"message":"API Done","total":6,"status":true} | 
Wed Mar 23 2022 14:19:36 GMT+0800 (China Standard Time) | INFO | type-item-api.log | API: /getTypeItemByCategory | data:{"message":"API Done","total":6,"status":true} | 
Wed Mar 23 2022 14:19:43 GMT+0800 (China Standard Time) | INFO | type-item-api.log | API: /getTypeItemByCategory | data:{"message":"API Done","total":6,"status":true} | 
Wed Mar 23 2022 14:19:50 GMT+0800 (China Standard Time) | INFO | type-item-api.log | API: /getTypeItemByCategory | data:{"message":"API Done","total":6,"status":true} | 
Wed Mar 23 2022 14:23:53 GMT+0800 (China Standard Time) | INFO | type-item-api.log | API: /getTypeItemByCategory | data:{"message":"API Done","total":11,"status":true} | 
Wed Mar 23 2022 14:24:25 GMT+0800 (China Standard Time) | INFO | type-item-api.log | API: /getTypeItemByCategory | data:{"message":"API Done","total":11,"status":true} | 
Wed Mar 23 2022 14:24:35 GMT+0800 (China Standard Time) | INFO | type-item-api.log | API: /getTypeItemByCategory | data:{"message":"API Done","total":1,"status":true} | 
Wed Mar 23 2022 15:21:59 GMT+0800 (China Standard Time) | INFO | type-item-api.log | API: /getAllTypeItems | data:{"message":"API Done","total":380,"status":true} | 
Wed Mar 23 2022 15:22:08 GMT+0800 (China Standard Time) | INFO | type-item-api.log | API: /getAllTypeItems | data:{"message":"API Done","total":380,"status":true} | 
Wed Mar 23 2022 20:27:26 GMT+0800 (China Standard Time) | INFO | type-item-api.log | API: /getTypeItemByCategory | data:{"message":"API Done","total":10,"status":true} | 
Wed Mar 23 2022 20:27:49 GMT+0800 (China Standard Time) | INFO | type-item-api.log | API: /getTypeItemByCategory | data:{"message":"API Done","total":4,"status":true} | 
Wed Mar 23 2022 20:30:25 GMT+0800 (China Standard Time) | INFO | type-item-api.log | API: /getTypeItemByCategory | data:{"message":"API Done","total":4,"status":true} | 
Wed Mar 23 2022 20:30:56 GMT+0800 (China Standard Time) | INFO | type-item-api.log | API: /getTypeItemByCategory | data:{"message":"API Done","total":10,"status":true} | 
Wed Mar 23 2022 20:31:16 GMT+0800 (China Standard Time) | INFO | type-item-api.log | API: /getTypeItemByCategory | data:{"message":"API Done","total":10,"status":true} | 
Wed Mar 23 2022 20:33:46 GMT+0800 (China Standard Time) | INFO | type-item-api.log | API: /getTypeItemByCategory | data:{"message":"API Done","total":10,"status":true} | 
Wed Mar 23 2022 20:34:59 GMT+0800 (China Standard Time) | INFO | type-item-api.log | API: /getTypeItemByCategory | data:{"message":"API Done","total":4,"status":true} | 
Wed Mar 23 2022 20:35:10 GMT+0800 (China Standard Time) | INFO | type-item-api.log | API: /getTypeItemByCategory | data:{"message":"API Done","total":1,"status":true} | 
Wed Mar 23 2022 20:35:18 GMT+0800 (China Standard Time) | INFO | type-item-api.log | API: /getTypeItemByCategory | data:{"message":"API Done","total":4,"status":true} | 
Wed Mar 23 2022 20:49:38 GMT+0800 (China Standard Time) | INFO | type-item-api.log | API: /getTypeItemByCategory | data:{"message":"API Done","total":10,"status":true} | 
Wed Mar 23 2022 20:49:46 GMT+0800 (China Standard Time) | INFO | type-item-api.log | API: /getTypeItemByCategory | data:{"message":"API Done","total":8,"status":true} | 
Wed Mar 23 2022 20:50:17 GMT+0800 (China Standard Time) | INFO | type-item-api.log | API: /getTypeItemByCategory | data:{"message":"API Done","total":10,"status":true} | 
Wed Mar 23 2022 20:50:52 GMT+0800 (China Standard Time) | INFO | type-item-api.log | API: /getTypeItemByCategory | data:{"message":"API Done","total":1,"status":true} | 
Wed Mar 23 2022 20:51:31 GMT+0800 (China Standard Time) | INFO | type-item-api.log | API: /getTypeItemByCategory | data:{"message":"API Done","total":1,"status":true} | 
Wed Mar 23 2022 20:51:34 GMT+0800 (China Standard Time) | INFO | type-item-api.log | API: /getTypeItemByCategory | data:{"message":"API Done","total":1,"status":true} | 
Thu Mar 24 2022 09:24:51 GMT+0800 (China Standard Time) | INFO | type-item-api.log | API: /getAllTypeItems | data:{"message":"API Done","total":380,"status":true} | 
Thu Mar 24 2022 09:25:01 GMT+0800 (China Standard Time) | INFO | type-item-api.log | API: /recoverTypeItem | data:{"message":"API Done","value":{"generatedMaps":[],"raw":{"fieldCount":0,"affectedRows":1,"insertId":0,"serverStatus":2,"warningCount":0,"message":"(Rows matched: 1  Changed: 1  Warnings: 0","protocol41":true,"changedRows":1},"affected":1},"status":true} | 
Thu Mar 24 2022 09:25:01 GMT+0800 (China Standard Time) | INFO | type-item-api.log | API: /getAllTypeItems | data:{"message":"API Done","total":380,"status":true} | 
Fri Mar 25 2022 09:30:11 GMT+0800 (China Standard Time) | INFO | type-item-api.log | API: /getTypeItemByCategory | data:{"message":"API Done","total":8,"status":true} | 
Fri Mar 25 2022 09:30:27 GMT+0800 (China Standard Time) | INFO | type-item-api.log | API: /getTypeItemByCategory | data:{"message":"API Done","total":8,"status":true} | 
Fri Mar 25 2022 10:49:08 GMT+0800 (China Standard Time) | INFO | type-item-api.log | API: /getTypeItemByCategory | data:{"message":"API Done","total":11,"status":true} | 
Fri Mar 25 2022 10:50:46 GMT+0800 (China Standard Time) | INFO | type-item-api.log | API: /getTypeItemByCategory | data:{"message":"API Done","total":11,"status":true} | 
Wed Mar 30 2022 08:41:56 GMT+0800 (China Standard Time) | INFO | type-item-api.log | API: /getTypeItemByCategory | data:{"message":"API Done","total":11,"status":true} | 
Wed Mar 30 2022 08:42:47 GMT+0800 (China Standard Time) | INFO | type-item-api.log | API: /getTypeItemByCategory | data:{"message":"API Done","total":11,"status":true} | 
Wed Mar 30 2022 08:42:52 GMT+0800 (China Standard Time) | INFO | type-item-api.log | API: /getTypeItemByCategory | data:{"message":"API Done","total":8,"status":true} | 
Wed Mar 30 2022 08:42:56 GMT+0800 (China Standard Time) | INFO | type-item-api.log | API: /getTypeItemByCategory | data:{"message":"API Done","total":11,"status":true} | 
Wed Mar 30 2022 08:43:19 GMT+0800 (China Standard Time) | INFO | type-item-api.log | API: /getTypeItemByCategory | data:{"message":"API Done","total":11,"status":true} | 
Wed Mar 30 2022 08:43:36 GMT+0800 (China Standard Time) | INFO | type-item-api.log | API: /getTypeItemByCategory | data:{"message":"API Done","total":8,"status":true} | 
Wed Mar 30 2022 08:43:40 GMT+0800 (China Standard Time) | INFO | type-item-api.log | API: /getTypeItemByCategory | data:{"message":"API Done","total":11,"status":true} | 
Wed Mar 30 2022 08:45:09 GMT+0800 (China Standard Time) | INFO | type-item-api.log | API: /getTypeItemByCategory | data:{"message":"API Done","total":11,"status":true} | 
Wed Mar 30 2022 08:46:58 GMT+0800 (China Standard Time) | INFO | type-item-api.log | API: /getTypeItemByCategory | data:{"message":"API Done","total":11,"status":true} | 
Wed Mar 30 2022 08:47:02 GMT+0800 (China Standard Time) | INFO | type-item-api.log | API: /getTypeItemByCategory | data:{"message":"API Done","total":11,"status":true} | 
Wed Mar 30 2022 08:47:18 GMT+0800 (China Standard Time) | INFO | type-item-api.log | API: /getTypeItemByCategory | data:{"message":"API Done","total":4,"status":true} | 
Wed Mar 30 2022 08:47:20 GMT+0800 (China Standard Time) | INFO | type-item-api.log | API: /getTypeItemByCategory | data:{"message":"API Done","total":12,"status":true} | 
Wed Mar 30 2022 08:47:21 GMT+0800 (China Standard Time) | INFO | type-item-api.log | API: /getTypeItemByCategory | data:{"message":"API Done","total":4,"status":true} | 
Wed Mar 30 2022 08:48:13 GMT+0800 (China Standard Time) | INFO | type-item-api.log | API: /getTypeItemByCategory | data:{"message":"API Done","total":11,"status":true} | 
Wed Mar 30 2022 08:48:23 GMT+0800 (China Standard Time) | INFO | type-item-api.log | API: /getTypeItemByCategory | data:{"message":"API Done","total":11,"status":true} | 
Wed Mar 30 2022 08:48:27 GMT+0800 (China Standard Time) | INFO | type-item-api.log | API: /getTypeItemByCategory | data:{"message":"API Done","total":11,"status":true} | 
Wed Mar 30 2022 08:48:30 GMT+0800 (China Standard Time) | INFO | type-item-api.log | API: /getTypeItemByCategory | data:{"message":"API Done","total":11,"status":true} | 
Wed Mar 30 2022 08:49:16 GMT+0800 (China Standard Time) | INFO | type-item-api.log | API: /getTypeItemByCategory | data:{"message":"API Done","total":11,"status":true} | 
Wed Mar 30 2022 08:49:41 GMT+0800 (China Standard Time) | INFO | type-item-api.log | API: /getTypeItemByCategory | data:{"message":"API Done","total":11,"status":true} | 
Wed Mar 30 2022 20:18:03 GMT+0800 (Malaysia Time) | INFO | type-item-api.log | API: /getTypeItemByCategory | data:{"message":"API Done","total":4,"status":true} | 
Wed Mar 30 2022 20:22:37 GMT+0800 (Malaysia Time) | INFO | type-item-api.log | API: /getTypeItemByCategory | data:{"message":"API Done","total":4,"status":true} | 
Wed Mar 30 2022 20:37:45 GMT+0800 (Malaysia Time) | INFO | type-item-api.log | API: /getTypeItemByCategory | data:{"message":"API Done","total":1,"status":true} | 
Wed Mar 30 2022 20:39:29 GMT+0800 (Malaysia Time) | INFO | type-item-api.log | API: /getTypeItemByCategory | data:{"message":"API Done","total":6,"status":true} | 
Wed Mar 30 2022 20:39:59 GMT+0800 (Malaysia Time) | INFO | type-item-api.log | API: /getTypeItemByCategory | data:{"message":"API Done","total":6,"status":true} | 
Wed Mar 30 2022 20:42:08 GMT+0800 (Malaysia Time) | INFO | type-item-api.log | API: /getTypeItemByCategory | data:{"message":"API Done","total":11,"status":true} | 
Wed Mar 30 2022 20:44:59 GMT+0800 (Malaysia Time) | INFO | type-item-api.log | API: /getTypeItemByCategory | data:{"message":"API Done","total":11,"status":true} | 
Wed Mar 30 2022 21:03:20 GMT+0800 (Malaysia Time) | INFO | type-item-api.log | API: /getTypeItemByCategory | data:{"message":"API Done","total":11,"status":true} | 
Wed Mar 30 2022 21:43:19 GMT+0800 (Malaysia Time) | INFO | type-item-api.log | API: /getTypeItemByCategory | data:{"message":"API Done","total":8,"status":true} | 
Wed Mar 30 2022 21:50:29 GMT+0800 (Malaysia Time) | INFO | type-item-api.log | API: /getTypeItemByCategory | data:{"message":"API Done","total":8,"status":true} | 
Thu Mar 31 2022 08:55:57 GMT+0800 (Malaysia Time) | INFO | type-item-api.log | API: /getAllTypeItems | data:{"message":"API Done","total":380,"status":true} | 
Thu Mar 31 2022 09:44:23 GMT+0800 (Malaysia Time) | INFO | type-item-api.log | API: /getOneTypeItem | data:{"message":"API Done","status":true} | 
Thu Mar 31 2022 09:44:50 GMT+0800 (Malaysia Time) | INFO | type-item-api.log | API: /getOneTypeItem | data:{"message":"API Done","status":true} | 
Thu Mar 31 2022 09:45:21 GMT+0800 (Malaysia Time) | INFO | type-item-api.log | API: /getOneTypeItem | data:{"message":"API Done","status":true} | 
Thu Mar 31 2022 09:47:17 GMT+0800 (Malaysia Time) | INFO | type-item-api.log | API: /getOneTypeItem | data:{"message":"API Done","status":true} | 
Thu Mar 31 2022 09:47:59 GMT+0800 (Malaysia Time) | INFO | type-item-api.log | API: /getOneTypeItem | data:{"message":"API Done","status":true} | 
Thu Mar 31 2022 09:50:45 GMT+0800 (Malaysia Time) | INFO | type-item-api.log | API: /getOneTypeItem | data:{"message":"API Done","status":true} | 
Thu Mar 31 2022 09:52:38 GMT+0800 (Malaysia Time) | INFO | type-item-api.log | API: /getOneTypeItem | data:{"message":"API Done","status":true} | 
Thu Mar 31 2022 09:53:12 GMT+0800 (Malaysia Time) | INFO | type-item-api.log | API: /getOneTypeItem | data:{"message":"API Done","status":true} | 
Thu Mar 31 2022 09:54:14 GMT+0800 (Malaysia Time) | INFO | type-item-api.log | API: /getOneTypeItem | data:{"message":"API Done","status":true} | 
Thu Mar 31 2022 09:55:12 GMT+0800 (Malaysia Time) | INFO | type-item-api.log | API: /getOneTypeItem | data:{"message":"API Done","status":true} | 
Thu Mar 31 2022 09:56:03 GMT+0800 (Malaysia Time) | INFO | type-item-api.log | API: /getOneTypeItem | data:{"message":"API Done","status":true} | 
Thu Mar 31 2022 09:56:19 GMT+0800 (Malaysia Time) | INFO | type-item-api.log | API: /getOneTypeItem | data:{"message":"API Done","status":true} | 
Thu Mar 31 2022 09:59:42 GMT+0800 (Malaysia Time) | INFO | type-item-api.log | API: /getOneTypeItem | data:{"message":"API Done","status":true} | 
Thu Mar 31 2022 09:59:51 GMT+0800 (Malaysia Time) | INFO | type-item-api.log | API: /getOneTypeItem | data:{"message":"API Done","status":true} | 
Thu Mar 31 2022 10:00:00 GMT+0800 (Malaysia Time) | INFO | type-item-api.log | API: /getOneTypeItem | data:{"message":"API Done","status":true} | 
Thu Mar 31 2022 10:01:52 GMT+0800 (Malaysia Time) | INFO | type-item-api.log | API: /getOneTypeItem | data:{"message":"API Done","status":true} | 
Thu Mar 31 2022 10:01:52 GMT+0800 (Malaysia Time) | INFO | type-item-api.log | API: /getTypeItemByCategory | data:{"message":"API Done","total":11,"status":true} | 
Thu Mar 31 2022 10:01:54 GMT+0800 (Malaysia Time) | INFO | type-item-api.log | API: /getOneTypeItem | data:{"message":"API Done","status":true} | 
Thu Mar 31 2022 10:01:54 GMT+0800 (Malaysia Time) | INFO | type-item-api.log | API: /getTypeItemByCategory | data:{"message":"API Done","total":11,"status":true} | 
Thu Mar 31 2022 10:02:11 GMT+0800 (Malaysia Time) | INFO | type-item-api.log | API: /getTypeItemByCategory | data:{"message":"API Done","total":8,"status":true} | 
Thu Mar 31 2022 10:03:25 GMT+0800 (Malaysia Time) | INFO | type-item-api.log | API: /getOneTypeItem | data:{"message":"API Done","status":true} | 
Thu Mar 31 2022 10:03:26 GMT+0800 (Malaysia Time) | INFO | type-item-api.log | API: /getTypeItemByCategory | data:{"message":"API Done","total":11,"status":true} | 
Thu Mar 31 2022 10:04:48 GMT+0800 (Malaysia Time) | INFO | type-item-api.log | API: /getOneTypeItem | data:{"message":"API Done","status":true} | 
Thu Mar 31 2022 10:04:49 GMT+0800 (Malaysia Time) | INFO | type-item-api.log | API: /getTypeItemByCategory | data:{"message":"API Done","total":11,"status":true} | 
Thu Mar 31 2022 10:04:52 GMT+0800 (Malaysia Time) | INFO | type-item-api.log | API: /getOneTypeItem | data:{"message":"API Done","status":true} | 
Thu Mar 31 2022 10:04:52 GMT+0800 (Malaysia Time) | INFO | type-item-api.log | API: /getTypeItemByCategory | data:{"message":"API Done","total":11,"status":true} | 
Thu Mar 31 2022 10:05:40 GMT+0800 (Malaysia Time) | INFO | type-item-api.log | API: /getOneTypeItem | data:{"message":"API Done","status":true} | 
Thu Mar 31 2022 10:05:41 GMT+0800 (Malaysia Time) | INFO | type-item-api.log | API: /getTypeItemByCategory | data:{"message":"API Done","total":11,"status":true} | 
Thu Mar 31 2022 10:05:56 GMT+0800 (Malaysia Time) | INFO | type-item-api.log | API: /getOneTypeItem | data:{"message":"API Done","status":true} | 
Thu Mar 31 2022 10:05:56 GMT+0800 (Malaysia Time) | INFO | type-item-api.log | API: /getTypeItemByCategory | data:{"message":"API Done","total":11,"status":true} | 
Thu Mar 31 2022 10:08:17 GMT+0800 (Malaysia Time) | INFO | type-item-api.log | API: /getOneTypeItem | data:{"message":"API Done","status":true} | 
Thu Mar 31 2022 10:08:18 GMT+0800 (Malaysia Time) | INFO | type-item-api.log | API: /getTypeItemByCategory | data:{"message":"API Done","total":11,"status":true} | 
Thu Mar 31 2022 10:08:28 GMT+0800 (Malaysia Time) | INFO | type-item-api.log | API: /getOneTypeItem | data:{"message":"API Done","status":true} | 
Thu Mar 31 2022 10:08:28 GMT+0800 (Malaysia Time) | INFO | type-item-api.log | API: /getTypeItemByCategory | data:{"message":"API Done","total":11,"status":true} | 
Thu Mar 31 2022 10:08:33 GMT+0800 (Malaysia Time) | INFO | type-item-api.log | API: /getOneTypeItem | data:{"message":"API Done","status":true} | 
Thu Mar 31 2022 10:08:33 GMT+0800 (Malaysia Time) | ERROR | type-item-api.log | API: /getTypeItemByCategory | data:{"message":"API Error: QueryFailedError: ER_BAD_FIELD_ERROR: Unknown column 'undefined' in 'where clause'","status":false} | 
Thu Mar 31 2022 10:08:42 GMT+0800 (Malaysia Time) | INFO | type-item-api.log | API: /getOneTypeItem | data:{"message":"API Done","status":true} | 
Thu Mar 31 2022 10:08:42 GMT+0800 (Malaysia Time) | ERROR | type-item-api.log | API: /getTypeItemByCategory | data:{"message":"API Error: QueryFailedError: ER_BAD_FIELD_ERROR: Unknown column 'undefined' in 'where clause'","status":false} | 
Thu Mar 31 2022 10:08:54 GMT+0800 (Malaysia Time) | INFO | type-item-api.log | API: /getOneTypeItem | data:{"message":"API Done","status":true} | 
Thu Mar 31 2022 10:08:54 GMT+0800 (Malaysia Time) | ERROR | type-item-api.log | API: /getTypeItemByCategory | data:{"message":"API Error: QueryFailedError: ER_BAD_FIELD_ERROR: Unknown column 'undefined' in 'where clause'","status":false} | 
Thu Mar 31 2022 10:09:06 GMT+0800 (Malaysia Time) | INFO | type-item-api.log | API: /getOneTypeItem | data:{"message":"API Done","status":true} | 
Thu Mar 31 2022 10:09:07 GMT+0800 (Malaysia Time) | ERROR | type-item-api.log | API: /getTypeItemByCategory | data:{"message":"API Error: QueryFailedError: ER_BAD_FIELD_ERROR: Unknown column 'undefined' in 'where clause'","status":false} | 
Thu Mar 31 2022 10:09:37 GMT+0800 (Malaysia Time) | INFO | type-item-api.log | API: /getOneTypeItem | data:{"message":"API Done","status":true} | 
Thu Mar 31 2022 10:09:38 GMT+0800 (Malaysia Time) | ERROR | type-item-api.log | API: /getTypeItemByCategory | data:{"message":"API Error: QueryFailedError: ER_BAD_FIELD_ERROR: Unknown column 'undefined' in 'where clause'","status":false} | 
Thu Mar 31 2022 10:11:11 GMT+0800 (Malaysia Time) | INFO | type-item-api.log | API: /getOneTypeItem | data:{"message":"API Done","status":true} | 
Thu Mar 31 2022 10:11:12 GMT+0800 (Malaysia Time) | INFO | type-item-api.log | API: /getTypeItemByCategory | data:{"message":"API Done","total":11,"status":true} | 
Thu Mar 31 2022 10:11:15 GMT+0800 (Malaysia Time) | INFO | type-item-api.log | API: /getOneTypeItem | data:{"message":"API Done","status":true} | 
Thu Mar 31 2022 10:11:15 GMT+0800 (Malaysia Time) | INFO | type-item-api.log | API: /getTypeItemByCategory | data:{"message":"API Done","total":11,"status":true} | 
Thu Mar 31 2022 10:12:09 GMT+0800 (Malaysia Time) | INFO | type-item-api.log | API: /getOneTypeItem | data:{"message":"API Done","status":true} | 
Thu Mar 31 2022 10:12:10 GMT+0800 (Malaysia Time) | INFO | type-item-api.log | API: /getTypeItemByCategory | data:{"message":"API Done","total":11,"status":true} | 
Thu Mar 31 2022 10:13:45 GMT+0800 (Malaysia Time) | INFO | type-item-api.log | API: /getOneTypeItem | data:{"message":"API Done","status":true} | 
Thu Mar 31 2022 10:13:46 GMT+0800 (Malaysia Time) | INFO | type-item-api.log | API: /getTypeItemByCategory | data:{"message":"API Done","total":11,"status":true} | 
Thu Mar 31 2022 10:13:48 GMT+0800 (Malaysia Time) | INFO | type-item-api.log | API: /getOneTypeItem | data:{"message":"API Done","status":true} | 
Thu Mar 31 2022 10:13:48 GMT+0800 (Malaysia Time) | INFO | type-item-api.log | API: /getTypeItemByCategory | data:{"message":"API Done","total":11,"status":true} | 
Thu Mar 31 2022 10:14:33 GMT+0800 (Malaysia Time) | INFO | type-item-api.log | API: /getOneTypeItem | data:{"message":"API Done","status":true} | 
Thu Mar 31 2022 10:14:34 GMT+0800 (Malaysia Time) | INFO | type-item-api.log | API: /getTypeItemByCategory | data:{"message":"API Done","total":11,"status":true} | 
Thu Mar 31 2022 10:15:19 GMT+0800 (Malaysia Time) | INFO | type-item-api.log | API: /getOneTypeItem | data:{"message":"API Done","status":true} | 
Thu Mar 31 2022 10:15:19 GMT+0800 (Malaysia Time) | INFO | type-item-api.log | API: /getTypeItemByCategory | data:{"message":"API Done","total":11,"status":true} | 
Thu Mar 31 2022 10:21:57 GMT+0800 (Malaysia Time) | INFO | type-item-api.log | API: /getOneTypeItem | data:{"message":"API Done","status":true} | 
Thu Mar 31 2022 10:21:58 GMT+0800 (Malaysia Time) | INFO | type-item-api.log | API: /getTypeItemByCategory | data:{"message":"API Done","total":11,"status":true} | 
Thu Mar 31 2022 10:22:20 GMT+0800 (Malaysia Time) | INFO | type-item-api.log | API: /getOneTypeItem | data:{"message":"API Done","status":true} | 
Thu Mar 31 2022 10:22:20 GMT+0800 (Malaysia Time) | INFO | type-item-api.log | API: /getTypeItemByCategory | data:{"message":"API Done","total":11,"status":true} | 
Thu Mar 31 2022 10:24:20 GMT+0800 (Malaysia Time) | INFO | type-item-api.log | API: /getOneTypeItem | data:{"message":"API Done","status":true} | 
Thu Mar 31 2022 10:24:20 GMT+0800 (Malaysia Time) | INFO | type-item-api.log | API: /getTypeItemByCategory | data:{"message":"API Done","total":11,"status":true} | 
Thu Mar 31 2022 10:25:45 GMT+0800 (Malaysia Time) | INFO | type-item-api.log | API: /getOneTypeItem | data:{"message":"API Done","status":true} | 
Thu Mar 31 2022 10:25:45 GMT+0800 (Malaysia Time) | INFO | type-item-api.log | API: /getTypeItemByCategory | data:{"message":"API Done","total":11,"status":true} | 
Thu Mar 31 2022 10:26:08 GMT+0800 (Malaysia Time) | INFO | type-item-api.log | API: /getOneTypeItem | data:{"message":"API Done","status":true} | 
Thu Mar 31 2022 10:26:08 GMT+0800 (Malaysia Time) | INFO | type-item-api.log | API: /getTypeItemByCategory | data:{"message":"API Done","total":11,"status":true} | 
Thu Mar 31 2022 10:26:49 GMT+0800 (Malaysia Time) | INFO | type-item-api.log | API: /getOneTypeItem | data:{"message":"API Done","status":true} | 
Thu Mar 31 2022 10:26:50 GMT+0800 (Malaysia Time) | INFO | type-item-api.log | API: /getTypeItemByCategory | data:{"message":"API Done","total":11,"status":true} | 
Thu Mar 31 2022 10:27:07 GMT+0800 (Malaysia Time) | INFO | type-item-api.log | API: /getOneTypeItem | data:{"message":"API Done","status":true} | 
Thu Mar 31 2022 10:27:07 GMT+0800 (Malaysia Time) | INFO | type-item-api.log | API: /getTypeItemByCategory | data:{"message":"API Done","total":11,"status":true} | 
Thu Mar 31 2022 10:27:33 GMT+0800 (Malaysia Time) | INFO | type-item-api.log | API: /getOneTypeItem | data:{"message":"API Done","status":true} | 
Thu Mar 31 2022 10:27:33 GMT+0800 (Malaysia Time) | INFO | type-item-api.log | API: /getTypeItemByCategory | data:{"message":"API Done","total":11,"status":true} | 
Thu Mar 31 2022 10:28:55 GMT+0800 (Malaysia Time) | INFO | type-item-api.log | API: /getOneTypeItem | data:{"message":"API Done","status":true} | 
Thu Mar 31 2022 10:28:56 GMT+0800 (Malaysia Time) | INFO | type-item-api.log | API: /getTypeItemByCategory | data:{"message":"API Done","total":11,"status":true} | 
Thu Mar 31 2022 10:29:34 GMT+0800 (Malaysia Time) | INFO | type-item-api.log | API: /getOneTypeItem | data:{"message":"API Done","status":true} | 
Thu Mar 31 2022 10:29:34 GMT+0800 (Malaysia Time) | INFO | type-item-api.log | API: /getTypeItemByCategory | data:{"message":"API Done","total":11,"status":true} | 
Thu Mar 31 2022 10:37:58 GMT+0800 (Malaysia Time) | INFO | type-item-api.log | API: /getOneTypeItem | data:{"message":"API Done","status":true} | 
Thu Mar 31 2022 10:37:58 GMT+0800 (Malaysia Time) | INFO | type-item-api.log | API: /getTypeItemByCategory | data:{"message":"API Done","total":11,"status":true} | 
Thu Mar 31 2022 10:38:29 GMT+0800 (Malaysia Time) | INFO | type-item-api.log | API: /getOneTypeItem | data:{"message":"API Done","status":true} | 
Thu Mar 31 2022 10:38:29 GMT+0800 (Malaysia Time) | INFO | type-item-api.log | API: /getTypeItemByCategory | data:{"message":"API Done","total":11,"status":true} | 
Thu Mar 31 2022 10:41:09 GMT+0800 (Malaysia Time) | INFO | type-item-api.log | API: /getOneTypeItem | data:{"message":"API Done","status":true} | 
Thu Mar 31 2022 10:41:10 GMT+0800 (Malaysia Time) | INFO | type-item-api.log | API: /getTypeItemByCategory | data:{"message":"API Done","total":11,"status":true} | 
Thu Mar 31 2022 10:45:44 GMT+0800 (Malaysia Time) | INFO | type-item-api.log | API: /getTypeItemByCategory | data:{"message":"API Done","total":11,"status":true} | 
Thu Mar 31 2022 10:48:08 GMT+0800 (Malaysia Time) | INFO | type-item-api.log | API: /getTypeItemByCategory | data:{"message":"API Done","total":11,"status":true} | 
Thu Mar 31 2022 10:48:35 GMT+0800 (Malaysia Time) | INFO | type-item-api.log | API: /getTypeItemByCategory | data:{"message":"API Done","total":11,"status":true} | 
Thu Mar 31 2022 10:50:19 GMT+0800 (Malaysia Time) | INFO | type-item-api.log | API: /getTypeItemByCategory | data:{"message":"API Done","total":11,"status":true} | 
Thu Mar 31 2022 10:50:23 GMT+0800 (Malaysia Time) | INFO | type-item-api.log | API: /getTypeItemByCategory | data:{"message":"API Done","total":8,"status":true} | 
Thu Mar 31 2022 10:50:24 GMT+0800 (Malaysia Time) | INFO | type-item-api.log | API: /getTypeItemByCategory | data:{"message":"API Done","total":11,"status":true} | 
Thu Mar 31 2022 10:53:03 GMT+0800 (Malaysia Time) | INFO | type-item-api.log | API: /getTypeItemByCategory | data:{"message":"API Done","total":11,"status":true} | 
Thu Mar 31 2022 10:53:08 GMT+0800 (Malaysia Time) | INFO | type-item-api.log | API: /getTypeItemByCategory | data:{"message":"API Done","total":11,"status":true} | 
Thu Mar 31 2022 10:55:43 GMT+0800 (Malaysia Time) | INFO | type-item-api.log | API: /getTypeItemByCategory | data:{"message":"API Done","total":4,"status":true} | 
Thu Mar 31 2022 10:55:44 GMT+0800 (Malaysia Time) | INFO | type-item-api.log | API: /getTypeItemByCategory | data:{"message":"API Done","total":11,"status":true} | 
Thu Mar 31 2022 10:56:24 GMT+0800 (Malaysia Time) | INFO | type-item-api.log | API: /getTypeItemByCategory | data:{"message":"API Done","total":11,"status":true} | 
Thu Mar 31 2022 11:01:30 GMT+0800 (Malaysia Time) | INFO | type-item-api.log | API: /getOneTypeItem | data:{"message":"API Done","status":true} | 
Thu Mar 31 2022 11:01:30 GMT+0800 (Malaysia Time) | INFO | type-item-api.log | API: /getTypeItemByCategory | data:{"message":"API Done","total":11,"status":true} | 
Thu Mar 31 2022 11:02:25 GMT+0800 (Malaysia Time) | INFO | type-item-api.log | API: /getOneTypeItem | data:{"message":"API Done","status":true} | 
Thu Mar 31 2022 11:02:25 GMT+0800 (Malaysia Time) | INFO | type-item-api.log | API: /getTypeItemByCategory | data:{"message":"API Done","total":11,"status":true} | 
Thu Mar 31 2022 11:06:11 GMT+0800 (Malaysia Time) | INFO | type-item-api.log | API: /getOneTypeItem | data:{"message":"API Done","status":true} | 
Thu Mar 31 2022 11:06:11 GMT+0800 (Malaysia Time) | INFO | type-item-api.log | API: /getTypeItemByCategory | data:{"message":"API Done","total":11,"status":true} | 
Thu Mar 31 2022 11:06:14 GMT+0800 (Malaysia Time) | INFO | type-item-api.log | API: /getTypeItemByCategory | data:{"message":"API Done","total":4,"status":true} | 
Thu Mar 31 2022 11:19:51 GMT+0800 (Malaysia Time) | ERROR | type-item-api.log | API: /getOneTypeItem | data:{"message":"API Error: QueryFailedError: ER_BAD_FIELD_ERROR: Unknown column 'undefined' in 'where clause'","status":false} | 
Thu Mar 31 2022 11:20:31 GMT+0800 (Malaysia Time) | ERROR | type-item-api.log | API: /getOneTypeItem | data:{"message":"API Error: QueryFailedError: ER_BAD_FIELD_ERROR: Unknown column 'undefined' in 'where clause'","status":false} | 
Thu Mar 31 2022 11:22:35 GMT+0800 (Malaysia Time) | ERROR | type-item-api.log | API: /getOneTypeItem | data:{"message":"API Error: QueryFailedError: ER_BAD_FIELD_ERROR: Unknown column 'undefined' in 'where clause'","status":false} | 
Thu Mar 31 2022 11:23:49 GMT+0800 (Malaysia Time) | INFO | type-item-api.log | API: /getOneTypeItem | data:{"message":"API Done","status":true} | 
Thu Mar 31 2022 11:24:04 GMT+0800 (Malaysia Time) | INFO | type-item-api.log | API: /getOneTypeItem | data:{"message":"API Done","status":true} | 
Thu Mar 31 2022 11:24:04 GMT+0800 (Malaysia Time) | INFO | type-item-api.log | API: /getTypeItemByCategory | data:{"message":"API Done","total":11,"status":true} | 
Thu Mar 31 2022 11:24:10 GMT+0800 (Malaysia Time) | INFO | type-item-api.log | API: /getTypeItemByCategory | data:{"message":"API Done","total":8,"status":true} | 
Thu Mar 31 2022 11:24:12 GMT+0800 (Malaysia Time) | INFO | type-item-api.log | API: /getTypeItemByCategory | data:{"message":"API Done","total":4,"status":true} | 
Thu Mar 31 2022 11:27:23 GMT+0800 (Malaysia Time) | INFO | type-item-api.log | API: /getOneTypeItem | data:{"message":"API Done","status":true} | 
Thu Mar 31 2022 11:27:23 GMT+0800 (Malaysia Time) | INFO | type-item-api.log | API: /getTypeItemByCategory | data:{"message":"API Done","total":4,"status":true} | 
Thu Mar 31 2022 11:27:55 GMT+0800 (Malaysia Time) | INFO | type-item-api.log | API: /getTypeItemByCategory | data:{"message":"API Done","total":2,"status":true} | 
Thu Mar 31 2022 11:38:52 GMT+0800 (Malaysia Time) | INFO | type-item-api.log | API: /getOneTypeItem | data:{"message":"API Done","status":true} | 
Thu Mar 31 2022 11:38:52 GMT+0800 (Malaysia Time) | INFO | type-item-api.log | API: /getTypeItemByCategory | data:{"message":"API Done","total":11,"status":true} | 
Thu Mar 31 2022 11:38:56 GMT+0800 (Malaysia Time) | INFO | type-item-api.log | API: /getTypeItemByCategory | data:{"message":"API Done","total":4,"status":true} | 
Thu Mar 31 2022 11:39:00 GMT+0800 (Malaysia Time) | INFO | type-item-api.log | API: /getTypeItemByCategory | data:{"message":"API Done","total":11,"status":true} | 
Thu Mar 31 2022 11:59:40 GMT+0800 (Malaysia Time) | INFO | type-item-api.log | API: /getTypeItemByCategory | data:{"message":"API Done","total":11,"status":true} | 
Thu Mar 31 2022 12:00:28 GMT+0800 (Malaysia Time) | INFO | type-item-api.log | API: /getTypeItemByCategory | data:{"message":"API Done","total":4,"status":true} | 
Thu Mar 31 2022 12:00:30 GMT+0800 (Malaysia Time) | INFO | type-item-api.log | API: /getTypeItemByCategory | data:{"message":"API Done","total":8,"status":true} | 
Thu Mar 31 2022 13:45:07 GMT+0800 (Malaysia Time) | INFO | type-item-api.log | API: /getTypeItemByCategory | data:{"message":"API Done","total":8,"status":true} | 
Thu Mar 31 2022 13:45:57 GMT+0800 (Malaysia Time) | INFO | type-item-api.log | API: /getTypeItemByCategory | data:{"message":"API Done","total":11,"status":true} | 
Thu Mar 31 2022 14:03:35 GMT+0800 (Malaysia Time) | INFO | type-item-api.log | API: /getTypeItemByCategory | data:{"message":"API Done","total":2,"status":true} | 
Thu Mar 31 2022 14:05:59 GMT+0800 (Malaysia Time) | INFO | type-item-api.log | API: /getTypeItemByCategory | data:{"message":"API Done","total":2,"status":true} | 
