Tue Mar 22 2022 21:46:24 GMT+0800 (Malaysia Time) | INFO | uom-api.log | API: /getAllUOM | data:{"message":"API Done","total":10,"status":true} | 
Tue Mar 22 2022 21:47:19 GMT+0800 (Malaysia Time) | INFO | uom-api.log | API: /getAllUOM | data:{"message":"API Done","total":10,"status":true} | 
Tue Mar 22 2022 21:56:41 GMT+0800 (Malaysia Time) | INFO | uom-api.log | API: /getAllUOM | data:{"message":"API Done","total":10,"status":true} | 
Wed Mar 23 2022 08:59:50 GMT+0800 (China Standard Time) | INFO | uom-api.log | API: /getAllUOM | data:{"message":"API Done","total":11,"status":true} | 
Wed Mar 23 2022 09:00:21 GMT+0800 (China Standard Time) | INFO | uom-api.log | API: /getAllUOM | data:{"message":"API Done","total":11,"status":true} | 
Wed Mar 23 2022 09:08:25 GMT+0800 (China Standard Time) | INFO | uom-api.log | API: /getAllUOM | data:{"message":"API Done","total":11,"status":true} | 
Wed Mar 23 2022 10:28:36 GMT+0800 (China Standard Time) | INFO | uom-api.log | API: /getAllUOM | data:{"message":"API Done","total":11,"status":true} | 
Wed Mar 23 2022 11:14:45 GMT+0800 (China Standard Time) | INFO | uom-api.log | API: /getAllUOM | data:{"message":"API Done","total":11,"status":true} | 
Wed Mar 23 2022 11:14:51 GMT+0800 (China Standard Time) | INFO | uom-api.log | API: /deleteUOM | data:{"message":"API Done","value":{"generatedMaps":[],"raw":{"fieldCount":0,"affectedRows":1,"insertId":0,"serverStatus":2,"warningCount":0,"message":"(Rows matched: 1  Changed: 1  Warnings: 0","protocol41":true,"changedRows":1},"affected":1},"status":true} | 
Wed Mar 23 2022 11:14:52 GMT+0800 (China Standard Time) | INFO | uom-api.log | API: /getAllUOM | data:{"message":"API Done","total":11,"status":true} | 
Wed Mar 23 2022 11:14:54 GMT+0800 (China Standard Time) | INFO | uom-api.log | API: /recoverUOM | data:{"message":"API Done","value":{"generatedMaps":[],"raw":{"fieldCount":0,"affectedRows":1,"insertId":0,"serverStatus":2,"warningCount":0,"message":"(Rows matched: 1  Changed: 1  Warnings: 0","protocol41":true,"changedRows":1},"affected":1},"status":true} | 
Wed Mar 23 2022 11:14:54 GMT+0800 (China Standard Time) | INFO | uom-api.log | API: /getAllUOM | data:{"message":"API Done","total":11,"status":true} | 
Wed Mar 23 2022 13:48:51 GMT+0800 (China Standard Time) | INFO | uom-api.log | API: /getAllUOM | data:{"message":"API Done","total":10,"status":true} | 
Wed Mar 23 2022 13:48:53 GMT+0800 (China Standard Time) | INFO | uom-api.log | API: /getAllUOM | data:{"message":"API Done","total":10,"status":true} | 
Wed Mar 23 2022 13:49:07 GMT+0800 (China Standard Time) | INFO | uom-api.log | API: /getAllUOM | data:{"message":"API Done","total":10,"status":true} | 
Wed Mar 23 2022 13:49:07 GMT+0800 (China Standard Time) | INFO | uom-api.log | API: /getAllUOM | data:{"message":"API Done","total":10,"status":true} | 
Wed Mar 23 2022 13:49:10 GMT+0800 (China Standard Time) | INFO | uom-api.log | API: /getAllUOM | data:{"message":"API Done","total":10,"status":true} | 
Wed Mar 23 2022 13:49:11 GMT+0800 (China Standard Time) | INFO | uom-api.log | API: /getAllUOM | data:{"message":"API Done","total":10,"status":true} | 
Wed Mar 23 2022 13:49:15 GMT+0800 (China Standard Time) | INFO | uom-api.log | API: /getAllUOM | data:{"message":"API Done","total":10,"status":true} | 
Wed Mar 23 2022 13:49:18 GMT+0800 (China Standard Time) | INFO | uom-api.log | API: /getAllUOM | data:{"message":"API Done","total":10,"status":true} | 
Wed Mar 23 2022 13:49:20 GMT+0800 (China Standard Time) | INFO | uom-api.log | API: /getAllUOM | data:{"message":"API Done","total":10,"status":true} | 
Wed Mar 23 2022 13:50:53 GMT+0800 (China Standard Time) | INFO | uom-api.log | API: /getAllUOM | data:{"message":"API Done","total":10,"status":true} | 
Wed Mar 23 2022 13:50:55 GMT+0800 (China Standard Time) | INFO | uom-api.log | API: /getAllUOM | data:{"message":"API Done","total":10,"status":true} | 
Wed Mar 23 2022 13:51:54 GMT+0800 (China Standard Time) | INFO | uom-api.log | API: /getAllUOM | data:{"message":"API Done","total":10,"status":true} | 
Wed Mar 23 2022 13:52:04 GMT+0800 (China Standard Time) | INFO | uom-api.log | API: /getAllUOM | data:{"message":"API Done","total":10,"status":true} | 
Wed Mar 23 2022 13:52:07 GMT+0800 (China Standard Time) | INFO | uom-api.log | API: /getAllUOM | data:{"message":"API Done","total":10,"status":true} | 
Wed Mar 23 2022 13:52:08 GMT+0800 (China Standard Time) | INFO | uom-api.log | API: /getAllUOM | data:{"message":"API Done","total":10,"status":true} | 
Wed Mar 23 2022 13:52:33 GMT+0800 (China Standard Time) | INFO | uom-api.log | API: /getAllUOM | data:{"message":"API Done","total":10,"status":true} | 
Wed Mar 23 2022 13:52:37 GMT+0800 (China Standard Time) | INFO | uom-api.log | API: /getAllUOM | data:{"message":"API Done","total":10,"status":true} | 
Wed Mar 23 2022 13:53:09 GMT+0800 (China Standard Time) | INFO | uom-api.log | API: /getAllUOM | data:{"message":"API Done","total":10,"status":true} | 
Wed Mar 23 2022 13:53:13 GMT+0800 (China Standard Time) | INFO | uom-api.log | API: /getAllUOM | data:{"message":"API Done","total":10,"status":true} | 
Wed Mar 23 2022 13:53:46 GMT+0800 (China Standard Time) | INFO | uom-api.log | API: /getAllUOM | data:{"message":"API Done","total":10,"status":true} | 
Wed Mar 23 2022 13:53:48 GMT+0800 (China Standard Time) | INFO | uom-api.log | API: /getAllUOM | data:{"message":"API Done","total":10,"status":true} | 
Wed Mar 23 2022 13:53:57 GMT+0800 (China Standard Time) | INFO | uom-api.log | API: /getAllUOM | data:{"message":"API Done","total":10,"status":true} | 
Wed Mar 23 2022 13:54:05 GMT+0800 (China Standard Time) | INFO | uom-api.log | API: /getAllUOM | data:{"message":"API Done","total":10,"status":true} | 
Wed Mar 23 2022 13:56:04 GMT+0800 (China Standard Time) | INFO | uom-api.log | API: /getAllUOM | data:{"message":"API Done","total":10,"status":true} | 
Wed Mar 23 2022 13:56:23 GMT+0800 (China Standard Time) | INFO | uom-api.log | API: /getAllUOM | data:{"message":"API Done","total":10,"status":true} | 
Wed Mar 23 2022 13:56:49 GMT+0800 (China Standard Time) | INFO | uom-api.log | API: /getAllUOM | data:{"message":"API Done","total":10,"status":true} | 
Wed Mar 23 2022 13:57:09 GMT+0800 (China Standard Time) | INFO | uom-api.log | API: /getAllUOM | data:{"message":"API Done","total":10,"status":true} | 
Wed Mar 23 2022 13:57:28 GMT+0800 (China Standard Time) | INFO | uom-api.log | API: /getAllUOM | data:{"message":"API Done","total":10,"status":true} | 
Wed Mar 23 2022 13:57:48 GMT+0800 (China Standard Time) | INFO | uom-api.log | API: /getAllUOM | data:{"message":"API Done","total":10,"status":true} | 
Wed Mar 23 2022 13:57:53 GMT+0800 (China Standard Time) | INFO | uom-api.log | API: /getAllUOM | data:{"message":"API Done","total":10,"status":true} | 
Wed Mar 23 2022 13:58:34 GMT+0800 (China Standard Time) | INFO | uom-api.log | API: /getAllUOM | data:{"message":"API Done","total":10,"status":true} | 
Wed Mar 23 2022 13:58:41 GMT+0800 (China Standard Time) | INFO | uom-api.log | API: /getAllUOM | data:{"message":"API Done","total":10,"status":true} | 
Wed Mar 23 2022 13:58:44 GMT+0800 (China Standard Time) | INFO | uom-api.log | API: /getAllUOM | data:{"message":"API Done","total":10,"status":true} | 
Wed Mar 23 2022 13:58:59 GMT+0800 (China Standard Time) | INFO | uom-api.log | API: /getAllUOM | data:{"message":"API Done","total":10,"status":true} | 
Wed Mar 23 2022 13:59:22 GMT+0800 (China Standard Time) | INFO | uom-api.log | API: /getAllUOM | data:{"message":"API Done","total":10,"status":true} | 
Wed Mar 23 2022 13:59:23 GMT+0800 (China Standard Time) | INFO | uom-api.log | API: /getAllUOM | data:{"message":"API Done","total":10,"status":true} | 
Wed Mar 23 2022 14:01:07 GMT+0800 (China Standard Time) | INFO | uom-api.log | API: /getAllUOM | data:{"message":"API Done","total":10,"status":true} | 
Wed Mar 23 2022 14:01:15 GMT+0800 (China Standard Time) | INFO | uom-api.log | API: /getAllUOM | data:{"message":"API Done","total":10,"status":true} | 
Wed Mar 23 2022 14:01:48 GMT+0800 (China Standard Time) | INFO | uom-api.log | API: /getAllUOM | data:{"message":"API Done","total":10,"status":true} | 
Wed Mar 23 2022 14:01:54 GMT+0800 (China Standard Time) | INFO | uom-api.log | API: /getAllUOM | data:{"message":"API Done","total":10,"status":true} | 
Wed Mar 23 2022 14:02:16 GMT+0800 (China Standard Time) | INFO | uom-api.log | API: /getAllUOM | data:{"message":"API Done","total":10,"status":true} | 
Wed Mar 23 2022 14:02:34 GMT+0800 (China Standard Time) | INFO | uom-api.log | API: /getAllUOM | data:{"message":"API Done","total":10,"status":true} | 
Wed Mar 23 2022 14:02:37 GMT+0800 (China Standard Time) | INFO | uom-api.log | API: /getAllUOM | data:{"message":"API Done","total":10,"status":true} | 
Wed Mar 23 2022 14:03:48 GMT+0800 (China Standard Time) | INFO | uom-api.log | API: /getAllUOM | data:{"message":"API Done","total":10,"status":true} | 
Wed Mar 23 2022 14:04:00 GMT+0800 (China Standard Time) | INFO | uom-api.log | API: /getAllUOM | data:{"message":"API Done","total":10,"status":true} | 
Wed Mar 23 2022 14:04:29 GMT+0800 (China Standard Time) | INFO | uom-api.log | API: /getAllUOM | data:{"message":"API Done","total":10,"status":true} | 
Wed Mar 23 2022 14:05:19 GMT+0800 (China Standard Time) | INFO | uom-api.log | API: /getAllUOM | data:{"message":"API Done","total":10,"status":true} | 
Wed Mar 23 2022 14:05:22 GMT+0800 (China Standard Time) | INFO | uom-api.log | API: /getAllUOM | data:{"message":"API Done","total":10,"status":true} | 
Wed Mar 23 2022 14:05:39 GMT+0800 (China Standard Time) | INFO | uom-api.log | API: /getAllUOM | data:{"message":"API Done","total":10,"status":true} | 
Wed Mar 23 2022 14:06:42 GMT+0800 (China Standard Time) | INFO | uom-api.log | API: /getAllUOM | data:{"message":"API Done","total":10,"status":true} | 
Wed Mar 23 2022 14:07:56 GMT+0800 (China Standard Time) | INFO | uom-api.log | API: /getAllUOM | data:{"message":"API Done","total":10,"status":true} | 
Wed Mar 23 2022 14:08:10 GMT+0800 (China Standard Time) | INFO | uom-api.log | API: /getAllUOM | data:{"message":"API Done","total":10,"status":true} | 
Wed Mar 23 2022 14:08:47 GMT+0800 (China Standard Time) | INFO | uom-api.log | API: /getAllUOM | data:{"message":"API Done","total":10,"status":true} | 
Wed Mar 23 2022 14:08:52 GMT+0800 (China Standard Time) | INFO | uom-api.log | API: /getAllUOM | data:{"message":"API Done","total":10,"status":true} | 
Wed Mar 23 2022 14:08:55 GMT+0800 (China Standard Time) | INFO | uom-api.log | API: /getAllUOM | data:{"message":"API Done","total":10,"status":true} | 
Wed Mar 23 2022 14:09:25 GMT+0800 (China Standard Time) | INFO | uom-api.log | API: /getAllUOM | data:{"message":"API Done","total":10,"status":true} | 
Wed Mar 23 2022 14:11:31 GMT+0800 (China Standard Time) | INFO | uom-api.log | API: /getAllUOM | data:{"message":"API Done","total":10,"status":true} | 
Wed Mar 23 2022 14:11:49 GMT+0800 (China Standard Time) | INFO | uom-api.log | API: /getAllUOM | data:{"message":"API Done","total":10,"status":true} | 
Wed Mar 23 2022 14:12:05 GMT+0800 (China Standard Time) | INFO | uom-api.log | API: /getAllUOM | data:{"message":"API Done","total":10,"status":true} | 
Wed Mar 23 2022 14:13:43 GMT+0800 (China Standard Time) | INFO | uom-api.log | API: /getAllUOM | data:{"message":"API Done","total":10,"status":true} | 
Wed Mar 23 2022 14:13:43 GMT+0800 (China Standard Time) | INFO | uom-api.log | API: /getAllUOM | data:{"message":"API Done","total":10,"status":true} | 
Wed Mar 23 2022 14:13:48 GMT+0800 (China Standard Time) | INFO | uom-api.log | API: /getAllUOM | data:{"message":"API Done","total":10,"status":true} | 
Wed Mar 23 2022 14:14:02 GMT+0800 (China Standard Time) | INFO | uom-api.log | API: /getAllUOM | data:{"message":"API Done","total":10,"status":true} | 
Wed Mar 23 2022 14:14:13 GMT+0800 (China Standard Time) | INFO | uom-api.log | API: /getAllUOM | data:{"message":"API Done","total":10,"status":true} | 
Wed Mar 23 2022 14:14:18 GMT+0800 (China Standard Time) | INFO | uom-api.log | API: /getAllUOM | data:{"message":"API Done","total":10,"status":true} | 
Wed Mar 23 2022 14:14:35 GMT+0800 (China Standard Time) | INFO | uom-api.log | API: /getAllUOM | data:{"message":"API Done","total":10,"status":true} | 
Wed Mar 23 2022 14:14:43 GMT+0800 (China Standard Time) | INFO | uom-api.log | API: /getAllUOM | data:{"message":"API Done","total":10,"status":true} | 
Wed Mar 23 2022 14:14:56 GMT+0800 (China Standard Time) | INFO | uom-api.log | API: /getAllUOM | data:{"message":"API Done","total":10,"status":true} | 
Wed Mar 23 2022 14:15:04 GMT+0800 (China Standard Time) | INFO | uom-api.log | API: /getAllUOM | data:{"message":"API Done","total":10,"status":true} | 
Wed Mar 23 2022 14:15:17 GMT+0800 (China Standard Time) | INFO | uom-api.log | API: /getAllUOM | data:{"message":"API Done","total":10,"status":true} | 
Wed Mar 23 2022 14:15:23 GMT+0800 (China Standard Time) | INFO | uom-api.log | API: /getAllUOM | data:{"message":"API Done","total":10,"status":true} | 
Wed Mar 23 2022 14:15:28 GMT+0800 (China Standard Time) | INFO | uom-api.log | API: /getAllUOM | data:{"message":"API Done","total":10,"status":true} | 
Wed Mar 23 2022 14:15:42 GMT+0800 (China Standard Time) | INFO | uom-api.log | API: /getAllUOM | data:{"message":"API Done","total":10,"status":true} | 
Wed Mar 23 2022 14:15:43 GMT+0800 (China Standard Time) | INFO | uom-api.log | API: /getAllUOM | data:{"message":"API Done","total":10,"status":true} | 
Wed Mar 23 2022 14:15:53 GMT+0800 (China Standard Time) | INFO | uom-api.log | API: /getAllUOM | data:{"message":"API Done","total":10,"status":true} | 
Wed Mar 23 2022 14:15:55 GMT+0800 (China Standard Time) | INFO | uom-api.log | API: /getAllUOM | data:{"message":"API Done","total":10,"status":true} | 
Wed Mar 23 2022 14:16:06 GMT+0800 (China Standard Time) | INFO | uom-api.log | API: /getAllUOM | data:{"message":"API Done","total":10,"status":true} | 
Wed Mar 23 2022 14:16:14 GMT+0800 (China Standard Time) | INFO | uom-api.log | API: /getAllUOM | data:{"message":"API Done","total":10,"status":true} | 
Wed Mar 23 2022 14:16:18 GMT+0800 (China Standard Time) | INFO | uom-api.log | API: /getAllUOM | data:{"message":"API Done","total":10,"status":true} | 
Wed Mar 23 2022 14:16:24 GMT+0800 (China Standard Time) | INFO | uom-api.log | API: /getAllUOM | data:{"message":"API Done","total":10,"status":true} | 
Wed Mar 23 2022 14:17:17 GMT+0800 (China Standard Time) | INFO | uom-api.log | API: /getAllUOM | data:{"message":"API Done","total":10,"status":true} | 
Wed Mar 23 2022 14:17:18 GMT+0800 (China Standard Time) | INFO | uom-api.log | API: /getAllUOM | data:{"message":"API Done","total":10,"status":true} | 
Wed Mar 23 2022 14:18:06 GMT+0800 (China Standard Time) | INFO | uom-api.log | API: /getAllUOM | data:{"message":"API Done","total":10,"status":true} | 
Wed Mar 23 2022 14:18:06 GMT+0800 (China Standard Time) | INFO | uom-api.log | API: /getAllUOM | data:{"message":"API Done","total":10,"status":true} | 
Wed Mar 23 2022 14:18:20 GMT+0800 (China Standard Time) | INFO | uom-api.log | API: /getAllUOM | data:{"message":"API Done","total":10,"status":true} | 
Wed Mar 23 2022 14:18:29 GMT+0800 (China Standard Time) | INFO | uom-api.log | API: /getAllUOM | data:{"message":"API Done","total":10,"status":true} | 
Wed Mar 23 2022 14:18:33 GMT+0800 (China Standard Time) | INFO | uom-api.log | API: /getAllUOM | data:{"message":"API Done","total":10,"status":true} | 
Wed Mar 23 2022 14:18:48 GMT+0800 (China Standard Time) | INFO | uom-api.log | API: /getAllUOM | data:{"message":"API Done","total":10,"status":true} | 
Wed Mar 23 2022 14:18:59 GMT+0800 (China Standard Time) | INFO | uom-api.log | API: /getAllUOM | data:{"message":"API Done","total":10,"status":true} | 
Wed Mar 23 2022 14:19:02 GMT+0800 (China Standard Time) | INFO | uom-api.log | API: /getAllUOM | data:{"message":"API Done","total":10,"status":true} | 
Wed Mar 23 2022 14:19:05 GMT+0800 (China Standard Time) | INFO | uom-api.log | API: /getAllUOM | data:{"message":"API Done","total":10,"status":true} | 
Wed Mar 23 2022 14:19:18 GMT+0800 (China Standard Time) | INFO | uom-api.log | API: /getAllUOM | data:{"message":"API Done","total":10,"status":true} | 
Wed Mar 23 2022 14:19:26 GMT+0800 (China Standard Time) | INFO | uom-api.log | API: /getAllUOM | data:{"message":"API Done","total":10,"status":true} | 
Wed Mar 23 2022 14:19:28 GMT+0800 (China Standard Time) | INFO | uom-api.log | API: /getAllUOM | data:{"message":"API Done","total":10,"status":true} | 
Wed Mar 23 2022 14:19:33 GMT+0800 (China Standard Time) | INFO | uom-api.log | API: /getAllUOM | data:{"message":"API Done","total":10,"status":true} | 
Wed Mar 23 2022 14:19:36 GMT+0800 (China Standard Time) | INFO | uom-api.log | API: /getAllUOM | data:{"message":"API Done","total":10,"status":true} | 
Wed Mar 23 2022 14:19:43 GMT+0800 (China Standard Time) | INFO | uom-api.log | API: /getAllUOM | data:{"message":"API Done","total":10,"status":true} | 
Wed Mar 23 2022 14:19:50 GMT+0800 (China Standard Time) | INFO | uom-api.log | API: /getAllUOM | data:{"message":"API Done","total":10,"status":true} | 
Wed Mar 23 2022 14:20:04 GMT+0800 (China Standard Time) | INFO | uom-api.log | API: /getAllUOM | data:{"message":"API Done","total":10,"status":true} | 
Wed Mar 23 2022 14:20:18 GMT+0800 (China Standard Time) | INFO | uom-api.log | API: /getAllUOM | data:{"message":"API Done","total":10,"status":true} | 
Wed Mar 23 2022 14:20:35 GMT+0800 (China Standard Time) | INFO | uom-api.log | API: /getAllUOM | data:{"message":"API Done","total":10,"status":true} | 
Wed Mar 23 2022 14:20:40 GMT+0800 (China Standard Time) | INFO | uom-api.log | API: /getAllUOM | data:{"message":"API Done","total":10,"status":true} | 
Wed Mar 23 2022 14:20:51 GMT+0800 (China Standard Time) | INFO | uom-api.log | API: /getAllUOM | data:{"message":"API Done","total":10,"status":true} | 
Wed Mar 23 2022 14:21:08 GMT+0800 (China Standard Time) | INFO | uom-api.log | API: /getAllUOM | data:{"message":"API Done","total":10,"status":true} | 
Wed Mar 23 2022 14:21:10 GMT+0800 (China Standard Time) | INFO | uom-api.log | API: /getAllUOM | data:{"message":"API Done","total":10,"status":true} | 
Wed Mar 23 2022 14:21:26 GMT+0800 (China Standard Time) | INFO | uom-api.log | API: /getAllUOM | data:{"message":"API Done","total":10,"status":true} | 
Wed Mar 23 2022 14:21:39 GMT+0800 (China Standard Time) | INFO | uom-api.log | API: /getAllUOM | data:{"message":"API Done","total":10,"status":true} | 
Wed Mar 23 2022 14:21:51 GMT+0800 (China Standard Time) | INFO | uom-api.log | API: /getAllUOM | data:{"message":"API Done","total":10,"status":true} | 
Wed Mar 23 2022 14:23:40 GMT+0800 (China Standard Time) | INFO | uom-api.log | API: /getAllUOM | data:{"message":"API Done","total":10,"status":true} | 
Wed Mar 23 2022 14:23:42 GMT+0800 (China Standard Time) | INFO | uom-api.log | API: /getAllUOM | data:{"message":"API Done","total":10,"status":true} | 
Wed Mar 23 2022 14:23:48 GMT+0800 (China Standard Time) | INFO | uom-api.log | API: /getAllUOM | data:{"message":"API Done","total":10,"status":true} | 
Wed Mar 23 2022 14:24:10 GMT+0800 (China Standard Time) | INFO | uom-api.log | API: /getAllUOM | data:{"message":"API Done","total":10,"status":true} | 
Wed Mar 23 2022 14:24:15 GMT+0800 (China Standard Time) | INFO | uom-api.log | API: /getAllUOM | data:{"message":"API Done","total":10,"status":true} | 
Wed Mar 23 2022 15:07:48 GMT+0800 (China Standard Time) | INFO | uom-api.log | API: /getAllUOM | data:{"message":"API Done","total":11,"status":true} | 
Wed Mar 23 2022 15:07:51 GMT+0800 (China Standard Time) | INFO | uom-api.log | API: /recoverUOM | data:{"message":"API Done","value":{"generatedMaps":[],"raw":{"fieldCount":0,"affectedRows":1,"insertId":0,"serverStatus":2,"warningCount":0,"message":"(Rows matched: 1  Changed: 1  Warnings: 0","protocol41":true,"changedRows":1},"affected":1},"status":true} | 
Wed Mar 23 2022 15:07:51 GMT+0800 (China Standard Time) | INFO | uom-api.log | API: /getAllUOM | data:{"message":"API Done","total":11,"status":true} | 
Wed Mar 23 2022 15:11:21 GMT+0800 (China Standard Time) | INFO | uom-api.log | API: /getAllUOM | data:{"message":"API Done","total":11,"status":true} | 
Wed Mar 23 2022 15:11:47 GMT+0800 (China Standard Time) | INFO | uom-api.log | API: /getAllUOM | data:{"message":"API Done","total":11,"status":true} | 
Wed Mar 23 2022 15:12:29 GMT+0800 (China Standard Time) | INFO | uom-api.log | API: /getAllUOM | data:{"message":"API Done","total":11,"status":true} | 
Wed Mar 23 2022 15:12:32 GMT+0800 (China Standard Time) | INFO | uom-api.log | API: /recoverUOM | data:{"message":"API Done","value":{"generatedMaps":[],"raw":{"fieldCount":0,"affectedRows":1,"insertId":0,"serverStatus":2,"warningCount":0,"message":"(Rows matched: 1  Changed: 1  Warnings: 0","protocol41":true,"changedRows":1},"affected":1},"status":true} | 
Wed Mar 23 2022 15:12:32 GMT+0800 (China Standard Time) | INFO | uom-api.log | API: /getAllUOM | data:{"message":"API Done","total":11,"status":true} | 
Wed Mar 23 2022 15:12:38 GMT+0800 (China Standard Time) | INFO | uom-api.log | API: /getAllUOM | data:{"message":"API Done","total":11,"status":true} | 
Wed Mar 23 2022 15:12:49 GMT+0800 (China Standard Time) | INFO | uom-api.log | API: /getAllUOM | data:{"message":"API Done","total":11,"status":true} | 
Wed Mar 23 2022 15:12:52 GMT+0800 (China Standard Time) | INFO | uom-api.log | API: /getAllUOM | data:{"message":"API Done","total":11,"status":true} | 
Wed Mar 23 2022 15:15:15 GMT+0800 (China Standard Time) | INFO | uom-api.log | API: /getAllUOM | data:{"message":"API Done","total":11,"status":true} | 
Wed Mar 23 2022 15:15:18 GMT+0800 (China Standard Time) | INFO | uom-api.log | API: /getAllUOM | data:{"message":"API Done","total":11,"status":true} | 
Wed Mar 23 2022 15:15:42 GMT+0800 (China Standard Time) | INFO | uom-api.log | API: /getAllUOM | data:{"message":"API Done","total":11,"status":true} | 
Wed Mar 23 2022 15:15:44 GMT+0800 (China Standard Time) | INFO | uom-api.log | API: /getAllUOM | data:{"message":"API Done","total":11,"status":true} | 
Wed Mar 23 2022 15:15:47 GMT+0800 (China Standard Time) | INFO | uom-api.log | API: /getAllUOM | data:{"message":"API Done","total":11,"status":true} | 
Wed Mar 23 2022 15:15:53 GMT+0800 (China Standard Time) | INFO | uom-api.log | API: /recoverUOM | data:{"message":"API Done","value":{"generatedMaps":[],"raw":{"fieldCount":0,"affectedRows":1,"insertId":0,"serverStatus":2,"warningCount":0,"message":"(Rows matched: 1  Changed: 1  Warnings: 0","protocol41":true,"changedRows":1},"affected":1},"status":true} | 
Wed Mar 23 2022 15:15:54 GMT+0800 (China Standard Time) | INFO | uom-api.log | API: /getAllUOM | data:{"message":"API Done","total":11,"status":true} | 
Wed Mar 23 2022 15:16:03 GMT+0800 (China Standard Time) | INFO | uom-api.log | API: /getAllUOM | data:{"message":"API Done","total":11,"status":true} | 
Wed Mar 23 2022 15:16:17 GMT+0800 (China Standard Time) | INFO | uom-api.log | API: /getAllUOM | data:{"message":"API Done","total":11,"status":true} | 
Wed Mar 23 2022 15:16:18 GMT+0800 (China Standard Time) | INFO | uom-api.log | API: /getAllUOM | data:{"message":"API Done","total":11,"status":true} | 
Wed Mar 23 2022 15:16:22 GMT+0800 (China Standard Time) | INFO | uom-api.log | API: /getAllUOM | data:{"message":"API Done","total":11,"status":true} | 
Wed Mar 23 2022 15:16:36 GMT+0800 (China Standard Time) | INFO | uom-api.log | API: /getAllUOM | data:{"message":"API Done","total":11,"status":true} | 
Wed Mar 23 2022 15:16:43 GMT+0800 (China Standard Time) | INFO | uom-api.log | API: /deleteUOM | data:{"message":"API Done","value":{"generatedMaps":[],"raw":{"fieldCount":0,"affectedRows":1,"insertId":0,"serverStatus":2,"warningCount":0,"message":"(Rows matched: 1  Changed: 1  Warnings: 0","protocol41":true,"changedRows":1},"affected":1},"status":true} | 
Wed Mar 23 2022 15:16:44 GMT+0800 (China Standard Time) | INFO | uom-api.log | API: /getAllUOM | data:{"message":"API Done","total":11,"status":true} | 
Wed Mar 23 2022 15:21:33 GMT+0800 (China Standard Time) | INFO | uom-api.log | API: /getAllUOM | data:{"message":"API Done","total":11,"status":true} | 
Wed Mar 23 2022 15:22:11 GMT+0800 (China Standard Time) | INFO | uom-api.log | API: /getAllUOM | data:{"message":"API Done","total":11,"status":true} | 
Wed Mar 23 2022 15:23:21 GMT+0800 (China Standard Time) | INFO | uom-api.log | API: /getAllUOM | data:{"message":"API Done","total":9,"status":true} | 
Wed Mar 23 2022 15:24:19 GMT+0800 (China Standard Time) | INFO | uom-api.log | API: /getAllUOM | data:{"message":"API Done","total":9,"status":true} | 
Wed Mar 23 2022 15:24:27 GMT+0800 (China Standard Time) | INFO | uom-api.log | API: /getAllUOM | data:{"message":"API Done","total":9,"status":true} | 
Wed Mar 23 2022 15:24:31 GMT+0800 (China Standard Time) | INFO | uom-api.log | API: /getAllUOM | data:{"message":"API Done","total":9,"status":true} | 
Wed Mar 23 2022 15:25:35 GMT+0800 (China Standard Time) | INFO | uom-api.log | API: /getAllUOM | data:{"message":"API Done","total":9,"status":true} | 
Wed Mar 23 2022 15:26:23 GMT+0800 (China Standard Time) | INFO | uom-api.log | API: /getAllUOM | data:{"message":"API Done","total":9,"status":true} | 
Wed Mar 23 2022 20:24:23 GMT+0800 (China Standard Time) | INFO | uom-api.log | API: /getAllUOM | data:{"message":"API Done","total":9,"status":true} | 
Wed Mar 23 2022 20:24:49 GMT+0800 (China Standard Time) | INFO | uom-api.log | API: /getAllUOM | data:{"message":"API Done","total":9,"status":true} | 
Wed Mar 23 2022 20:26:38 GMT+0800 (China Standard Time) | INFO | uom-api.log | API: /getAllUOM | data:{"message":"API Done","total":9,"status":true} | 
Wed Mar 23 2022 20:26:49 GMT+0800 (China Standard Time) | INFO | uom-api.log | API: /getAllUOM | data:{"message":"API Done","total":9,"status":true} | 
Wed Mar 23 2022 20:26:53 GMT+0800 (China Standard Time) | INFO | uom-api.log | API: /getAllUOM | data:{"message":"API Done","total":9,"status":true} | 
Wed Mar 23 2022 20:26:56 GMT+0800 (China Standard Time) | INFO | uom-api.log | API: /getAllUOM | data:{"message":"API Done","total":9,"status":true} | 
Wed Mar 23 2022 20:27:21 GMT+0800 (China Standard Time) | INFO | uom-api.log | API: /getAllUOM | data:{"message":"API Done","total":9,"status":true} | 
Wed Mar 23 2022 20:27:38 GMT+0800 (China Standard Time) | INFO | uom-api.log | API: /getAllUOM | data:{"message":"API Done","total":9,"status":true} | 
Wed Mar 23 2022 20:27:46 GMT+0800 (China Standard Time) | INFO | uom-api.log | API: /getAllUOM | data:{"message":"API Done","total":9,"status":true} | 
Wed Mar 23 2022 20:27:48 GMT+0800 (China Standard Time) | INFO | uom-api.log | API: /getAllUOM | data:{"message":"API Done","total":9,"status":true} | 
Wed Mar 23 2022 20:30:25 GMT+0800 (China Standard Time) | INFO | uom-api.log | API: /getAllUOM | data:{"message":"API Done","total":9,"status":true} | 
Wed Mar 23 2022 20:30:51 GMT+0800 (China Standard Time) | INFO | uom-api.log | API: /getAllUOM | data:{"message":"API Done","total":9,"status":true} | 
Wed Mar 23 2022 20:31:16 GMT+0800 (China Standard Time) | INFO | uom-api.log | API: /getAllUOM | data:{"message":"API Done","total":9,"status":true} | 
Wed Mar 23 2022 20:33:44 GMT+0800 (China Standard Time) | INFO | uom-api.log | API: /getAllUOM | data:{"message":"API Done","total":9,"status":true} | 
Wed Mar 23 2022 20:34:42 GMT+0800 (China Standard Time) | INFO | uom-api.log | API: /getAllUOM | data:{"message":"API Done","total":9,"status":true} | 
Wed Mar 23 2022 20:40:01 GMT+0800 (China Standard Time) | INFO | uom-api.log | API: /getAllUOM | data:{"message":"API Done","total":9,"status":true} | 
Wed Mar 23 2022 20:50:12 GMT+0800 (China Standard Time) | INFO | uom-api.log | API: /getAllUOM | data:{"message":"API Done","total":9,"status":true} | 
Wed Mar 23 2022 20:51:31 GMT+0800 (China Standard Time) | INFO | uom-api.log | API: /getAllUOM | data:{"message":"API Done","total":9,"status":true} | 
Wed Mar 23 2022 20:51:34 GMT+0800 (China Standard Time) | INFO | uom-api.log | API: /getAllUOM | data:{"message":"API Done","total":9,"status":true} | 
Fri Mar 25 2022 09:29:56 GMT+0800 (China Standard Time) | INFO | uom-api.log | API: /getAllUOM | data:{"message":"API Done","total":9,"status":true} | 
Fri Mar 25 2022 09:30:08 GMT+0800 (China Standard Time) | INFO | uom-api.log | API: /getAllUOM | data:{"message":"API Done","total":9,"status":true} | 
Fri Mar 25 2022 09:30:25 GMT+0800 (China Standard Time) | INFO | uom-api.log | API: /getAllUOM | data:{"message":"API Done","total":9,"status":true} | 
Fri Mar 25 2022 10:01:28 GMT+0800 (China Standard Time) | INFO | uom-api.log | API: /getAllUOM | data:{"message":"API Done","total":9,"status":true} | 
Fri Mar 25 2022 10:01:31 GMT+0800 (China Standard Time) | INFO | uom-api.log | API: /getAllUOM | data:{"message":"API Done","total":9,"status":true} | 
Fri Mar 25 2022 10:49:06 GMT+0800 (China Standard Time) | INFO | uom-api.log | API: /getAllUOM | data:{"message":"API Done","total":9,"status":true} | 
Fri Mar 25 2022 10:50:46 GMT+0800 (China Standard Time) | INFO | uom-api.log | API: /getAllUOM | data:{"message":"API Done","total":9,"status":true} | 
Wed Mar 30 2022 08:41:49 GMT+0800 (China Standard Time) | INFO | uom-api.log | API: /getAllUOM | data:{"message":"API Done","total":9,"status":true} | 
Wed Mar 30 2022 08:42:47 GMT+0800 (China Standard Time) | INFO | uom-api.log | API: /getAllUOM | data:{"message":"API Done","total":9,"status":true} | 
Wed Mar 30 2022 08:43:19 GMT+0800 (China Standard Time) | INFO | uom-api.log | API: /getAllUOM | data:{"message":"API Done","total":9,"status":true} | 
Wed Mar 30 2022 08:45:04 GMT+0800 (China Standard Time) | INFO | uom-api.log | API: /getAllUOM | data:{"message":"API Done","total":9,"status":true} | 
Wed Mar 30 2022 08:46:58 GMT+0800 (China Standard Time) | INFO | uom-api.log | API: /getAllUOM | data:{"message":"API Done","total":9,"status":true} | 
Wed Mar 30 2022 08:47:02 GMT+0800 (China Standard Time) | INFO | uom-api.log | API: /getAllUOM | data:{"message":"API Done","total":9,"status":true} | 
Wed Mar 30 2022 08:47:11 GMT+0800 (China Standard Time) | INFO | uom-api.log | API: /getAllUOM | data:{"message":"API Done","total":9,"status":true} | 
Wed Mar 30 2022 08:47:16 GMT+0800 (China Standard Time) | INFO | uom-api.log | API: /getAllUOM | data:{"message":"API Done","total":9,"status":true} | 
Wed Mar 30 2022 08:47:55 GMT+0800 (China Standard Time) | INFO | uom-api.log | API: /getAllUOM | data:{"message":"API Done","total":9,"status":true} | 
Wed Mar 30 2022 08:48:11 GMT+0800 (China Standard Time) | INFO | uom-api.log | API: /getAllUOM | data:{"message":"API Done","total":9,"status":true} | 
Wed Mar 30 2022 08:48:23 GMT+0800 (China Standard Time) | INFO | uom-api.log | API: /getAllUOM | data:{"message":"API Done","total":9,"status":true} | 
Wed Mar 30 2022 08:48:27 GMT+0800 (China Standard Time) | INFO | uom-api.log | API: /getAllUOM | data:{"message":"API Done","total":9,"status":true} | 
Wed Mar 30 2022 08:49:16 GMT+0800 (China Standard Time) | INFO | uom-api.log | API: /getAllUOM | data:{"message":"API Done","total":9,"status":true} | 
Wed Mar 30 2022 08:49:41 GMT+0800 (China Standard Time) | INFO | uom-api.log | API: /getAllUOM | data:{"message":"API Done","total":9,"status":true} | 
Wed Mar 30 2022 20:18:00 GMT+0800 (Malaysia Time) | INFO | uom-api.log | API: /getAllUOM | data:{"message":"API Done","total":9,"status":true} | 
Wed Mar 30 2022 20:22:33 GMT+0800 (Malaysia Time) | INFO | uom-api.log | API: /getAllUOM | data:{"message":"API Done","total":9,"status":true} | 
Wed Mar 30 2022 20:39:59 GMT+0800 (Malaysia Time) | INFO | uom-api.log | API: /getAllUOM | data:{"message":"API Done","total":9,"status":true} | 
Wed Mar 30 2022 20:41:01 GMT+0800 (Malaysia Time) | INFO | uom-api.log | API: /getAllUOM | data:{"message":"API Done","total":9,"status":true} | 
Wed Mar 30 2022 20:41:28 GMT+0800 (Malaysia Time) | INFO | uom-api.log | API: /getAllUOM | data:{"message":"API Done","total":9,"status":true} | 
Wed Mar 30 2022 20:44:56 GMT+0800 (Malaysia Time) | INFO | uom-api.log | API: /getAllUOM | data:{"message":"API Done","total":9,"status":true} | 
Wed Mar 30 2022 21:01:52 GMT+0800 (Malaysia Time) | INFO | uom-api.log | API: /getAllUOM | data:{"message":"API Done","total":11,"status":true} | 
Wed Mar 30 2022 21:03:04 GMT+0800 (Malaysia Time) | INFO | uom-api.log | API: /getAllUOM | data:{"message":"API Done","total":11,"status":true} | 
Wed Mar 30 2022 21:03:15 GMT+0800 (Malaysia Time) | INFO | uom-api.log | API: /getAllUOM | data:{"message":"API Done","total":11,"status":true} | 
Wed Mar 30 2022 21:06:22 GMT+0800 (Malaysia Time) | INFO | uom-api.log | API: /getAllUOM | data:{"message":"API Done","total":11,"status":true} | 
Wed Mar 30 2022 21:10:12 GMT+0800 (Malaysia Time) | INFO | uom-api.log | API: /getAllUOM | data:{"message":"API Done","total":11,"status":true} | 
Wed Mar 30 2022 21:10:19 GMT+0800 (Malaysia Time) | INFO | uom-api.log | API: /getAllUOM | data:{"message":"API Done","total":11,"status":true} | 
Wed Mar 30 2022 21:26:10 GMT+0800 (Malaysia Time) | INFO | uom-api.log | API: /getAllUOM | data:{"message":"API Done","total":11,"status":true} | 
Wed Mar 30 2022 21:26:20 GMT+0800 (Malaysia Time) | INFO | uom-api.log | API: /getAllUOM | data:{"message":"API Done","total":11,"status":true} | 
Wed Mar 30 2022 21:31:44 GMT+0800 (Malaysia Time) | INFO | uom-api.log | API: /getAllUOM | data:{"message":"API Done","total":11,"status":true} | 
Wed Mar 30 2022 21:32:06 GMT+0800 (Malaysia Time) | INFO | uom-api.log | API: /getAllUOM | data:{"message":"API Done","total":11,"status":true} | 
Wed Mar 30 2022 21:36:46 GMT+0800 (Malaysia Time) | INFO | uom-api.log | API: /getAllUOM | data:{"message":"API Done","total":11,"status":true} | 
Wed Mar 30 2022 21:37:02 GMT+0800 (Malaysia Time) | INFO | uom-api.log | API: /getAllUOM | data:{"message":"API Done","total":11,"status":true} | 
Wed Mar 30 2022 21:39:09 GMT+0800 (Malaysia Time) | INFO | uom-api.log | API: /getAllUOM | data:{"message":"API Done","total":11,"status":true} | 
Wed Mar 30 2022 21:39:32 GMT+0800 (Malaysia Time) | INFO | uom-api.log | API: /getAllUOM | data:{"message":"API Done","total":11,"status":true} | 
Wed Mar 30 2022 21:43:18 GMT+0800 (Malaysia Time) | INFO | uom-api.log | API: /getAllUOM | data:{"message":"API Done","total":11,"status":true} | 
Wed Mar 30 2022 21:50:27 GMT+0800 (Malaysia Time) | INFO | uom-api.log | API: /getAllUOM | data:{"message":"API Done","total":11,"status":true} | 
Wed Mar 30 2022 21:51:35 GMT+0800 (Malaysia Time) | INFO | uom-api.log | API: /getAllUOM | data:{"message":"API Done","total":11,"status":true} | 
Thu Mar 31 2022 08:55:46 GMT+0800 (Malaysia Time) | INFO | uom-api.log | API: /getAllUOM | data:{"message":"API Done","total":11,"status":true} | 
Thu Mar 31 2022 08:55:54 GMT+0800 (Malaysia Time) | INFO | uom-api.log | API: /getAllUOM | data:{"message":"API Done","total":11,"status":true} | 
Thu Mar 31 2022 09:54:14 GMT+0800 (Malaysia Time) | INFO | uom-api.log | API: /getAllUOM | data:{"message":"API Done","total":11,"status":true} | 
Thu Mar 31 2022 09:55:12 GMT+0800 (Malaysia Time) | INFO | uom-api.log | API: /getAllUOM | data:{"message":"API Done","total":11,"status":true} | 
Thu Mar 31 2022 09:56:02 GMT+0800 (Malaysia Time) | INFO | uom-api.log | API: /getAllUOM | data:{"message":"API Done","total":11,"status":true} | 
Thu Mar 31 2022 09:56:19 GMT+0800 (Malaysia Time) | INFO | uom-api.log | API: /getAllUOM | data:{"message":"API Done","total":11,"status":true} | 
Thu Mar 31 2022 09:59:42 GMT+0800 (Malaysia Time) | INFO | uom-api.log | API: /getAllUOM | data:{"message":"API Done","total":11,"status":true} | 
Thu Mar 31 2022 09:59:51 GMT+0800 (Malaysia Time) | INFO | uom-api.log | API: /getAllUOM | data:{"message":"API Done","total":11,"status":true} | 
Thu Mar 31 2022 10:00:00 GMT+0800 (Malaysia Time) | INFO | uom-api.log | API: /getAllUOM | data:{"message":"API Done","total":11,"status":true} | 
Thu Mar 31 2022 10:01:52 GMT+0800 (Malaysia Time) | INFO | uom-api.log | API: /getAllUOM | data:{"message":"API Done","total":11,"status":true} | 
Thu Mar 31 2022 10:01:54 GMT+0800 (Malaysia Time) | INFO | uom-api.log | API: /getAllUOM | data:{"message":"API Done","total":11,"status":true} | 
Thu Mar 31 2022 10:03:25 GMT+0800 (Malaysia Time) | INFO | uom-api.log | API: /getAllUOM | data:{"message":"API Done","total":11,"status":true} | 
Thu Mar 31 2022 10:04:48 GMT+0800 (Malaysia Time) | INFO | uom-api.log | API: /getAllUOM | data:{"message":"API Done","total":11,"status":true} | 
Thu Mar 31 2022 10:04:52 GMT+0800 (Malaysia Time) | INFO | uom-api.log | API: /getAllUOM | data:{"message":"API Done","total":11,"status":true} | 
Thu Mar 31 2022 10:05:40 GMT+0800 (Malaysia Time) | INFO | uom-api.log | API: /getAllUOM | data:{"message":"API Done","total":11,"status":true} | 
Thu Mar 31 2022 10:08:17 GMT+0800 (Malaysia Time) | INFO | uom-api.log | API: /getAllUOM | data:{"message":"API Done","total":11,"status":true} | 
Thu Mar 31 2022 10:08:28 GMT+0800 (Malaysia Time) | INFO | uom-api.log | API: /getAllUOM | data:{"message":"API Done","total":11,"status":true} | 
Thu Mar 31 2022 10:08:33 GMT+0800 (Malaysia Time) | INFO | uom-api.log | API: /getAllUOM | data:{"message":"API Done","total":11,"status":true} | 
Thu Mar 31 2022 10:08:42 GMT+0800 (Malaysia Time) | INFO | uom-api.log | API: /getAllUOM | data:{"message":"API Done","total":11,"status":true} | 
Thu Mar 31 2022 10:08:54 GMT+0800 (Malaysia Time) | INFO | uom-api.log | API: /getAllUOM | data:{"message":"API Done","total":11,"status":true} | 
Thu Mar 31 2022 10:09:06 GMT+0800 (Malaysia Time) | INFO | uom-api.log | API: /getAllUOM | data:{"message":"API Done","total":11,"status":true} | 
Thu Mar 31 2022 10:09:37 GMT+0800 (Malaysia Time) | INFO | uom-api.log | API: /getAllUOM | data:{"message":"API Done","total":11,"status":true} | 
Thu Mar 31 2022 10:11:11 GMT+0800 (Malaysia Time) | INFO | uom-api.log | API: /getAllUOM | data:{"message":"API Done","total":11,"status":true} | 
Thu Mar 31 2022 10:11:15 GMT+0800 (Malaysia Time) | INFO | uom-api.log | API: /getAllUOM | data:{"message":"API Done","total":11,"status":true} | 
Thu Mar 31 2022 10:12:09 GMT+0800 (Malaysia Time) | INFO | uom-api.log | API: /getAllUOM | data:{"message":"API Done","total":11,"status":true} | 
Thu Mar 31 2022 10:13:45 GMT+0800 (Malaysia Time) | INFO | uom-api.log | API: /getAllUOM | data:{"message":"API Done","total":11,"status":true} | 
Thu Mar 31 2022 10:13:48 GMT+0800 (Malaysia Time) | INFO | uom-api.log | API: /getAllUOM | data:{"message":"API Done","total":11,"status":true} | 
Thu Mar 31 2022 10:14:33 GMT+0800 (Malaysia Time) | INFO | uom-api.log | API: /getAllUOM | data:{"message":"API Done","total":11,"status":true} | 
Thu Mar 31 2022 10:15:19 GMT+0800 (Malaysia Time) | INFO | uom-api.log | API: /getAllUOM | data:{"message":"API Done","total":11,"status":true} | 
Thu Mar 31 2022 10:21:57 GMT+0800 (Malaysia Time) | INFO | uom-api.log | API: /getAllUOM | data:{"message":"API Done","total":11,"status":true} | 
Thu Mar 31 2022 10:22:20 GMT+0800 (Malaysia Time) | INFO | uom-api.log | API: /getAllUOM | data:{"message":"API Done","total":11,"status":true} | 
Thu Mar 31 2022 10:24:19 GMT+0800 (Malaysia Time) | INFO | uom-api.log | API: /getAllUOM | data:{"message":"API Done","total":11,"status":true} | 
Thu Mar 31 2022 10:25:45 GMT+0800 (Malaysia Time) | INFO | uom-api.log | API: /getAllUOM | data:{"message":"API Done","total":11,"status":true} | 
Thu Mar 31 2022 10:26:08 GMT+0800 (Malaysia Time) | INFO | uom-api.log | API: /getAllUOM | data:{"message":"API Done","total":11,"status":true} | 
Thu Mar 31 2022 10:26:49 GMT+0800 (Malaysia Time) | INFO | uom-api.log | API: /getAllUOM | data:{"message":"API Done","total":11,"status":true} | 
Thu Mar 31 2022 10:27:07 GMT+0800 (Malaysia Time) | INFO | uom-api.log | API: /getAllUOM | data:{"message":"API Done","total":11,"status":true} | 
Thu Mar 31 2022 10:27:33 GMT+0800 (Malaysia Time) | INFO | uom-api.log | API: /getAllUOM | data:{"message":"API Done","total":11,"status":true} | 
Thu Mar 31 2022 10:28:55 GMT+0800 (Malaysia Time) | INFO | uom-api.log | API: /getAllUOM | data:{"message":"API Done","total":11,"status":true} | 
Thu Mar 31 2022 10:29:34 GMT+0800 (Malaysia Time) | INFO | uom-api.log | API: /getAllUOM | data:{"message":"API Done","total":11,"status":true} | 
Thu Mar 31 2022 10:37:57 GMT+0800 (Malaysia Time) | INFO | uom-api.log | API: /getAllUOM | data:{"message":"API Done","total":11,"status":true} | 
Thu Mar 31 2022 10:38:29 GMT+0800 (Malaysia Time) | INFO | uom-api.log | API: /getAllUOM | data:{"message":"API Done","total":11,"status":true} | 
Thu Mar 31 2022 10:41:09 GMT+0800 (Malaysia Time) | INFO | uom-api.log | API: /getAllUOM | data:{"message":"API Done","total":11,"status":true} | 
Thu Mar 31 2022 10:45:41 GMT+0800 (Malaysia Time) | INFO | uom-api.log | API: /getAllUOM | data:{"message":"API Done","total":11,"status":true} | 
Thu Mar 31 2022 10:48:08 GMT+0800 (Malaysia Time) | INFO | uom-api.log | API: /getAllUOM | data:{"message":"API Done","total":11,"status":true} | 
Thu Mar 31 2022 10:48:17 GMT+0800 (Malaysia Time) | INFO | uom-api.log | API: /getAllUOM | data:{"message":"API Done","total":11,"status":true} | 
Thu Mar 31 2022 10:48:29 GMT+0800 (Malaysia Time) | INFO | uom-api.log | API: /getAllUOM | data:{"message":"API Done","total":11,"status":true} | 
Thu Mar 31 2022 10:50:19 GMT+0800 (Malaysia Time) | INFO | uom-api.log | API: /getAllUOM | data:{"message":"API Done","total":11,"status":true} | 
Thu Mar 31 2022 10:50:21 GMT+0800 (Malaysia Time) | INFO | uom-api.log | API: /getAllUOM | data:{"message":"API Done","total":11,"status":true} | 
Thu Mar 31 2022 10:53:03 GMT+0800 (Malaysia Time) | INFO | uom-api.log | API: /getAllUOM | data:{"message":"API Done","total":11,"status":true} | 
Thu Mar 31 2022 10:53:06 GMT+0800 (Malaysia Time) | INFO | uom-api.log | API: /getAllUOM | data:{"message":"API Done","total":11,"status":true} | 
Thu Mar 31 2022 10:55:05 GMT+0800 (Malaysia Time) | INFO | uom-api.log | API: /getAllUOM | data:{"message":"API Done","total":11,"status":true} | 
Thu Mar 31 2022 10:55:35 GMT+0800 (Malaysia Time) | INFO | uom-api.log | API: /getAllUOM | data:{"message":"API Done","total":11,"status":true} | 
Thu Mar 31 2022 10:56:21 GMT+0800 (Malaysia Time) | INFO | uom-api.log | API: /getAllUOM | data:{"message":"API Done","total":11,"status":true} | 
Thu Mar 31 2022 11:00:16 GMT+0800 (Malaysia Time) | INFO | uom-api.log | API: /getAllUOM | data:{"message":"API Done","total":11,"status":true} | 
Thu Mar 31 2022 11:01:30 GMT+0800 (Malaysia Time) | INFO | uom-api.log | API: /getAllUOM | data:{"message":"API Done","total":11,"status":true} | 
Thu Mar 31 2022 11:02:25 GMT+0800 (Malaysia Time) | INFO | uom-api.log | API: /getAllUOM | data:{"message":"API Done","total":11,"status":true} | 
Thu Mar 31 2022 11:03:20 GMT+0800 (Malaysia Time) | INFO | uom-api.log | API: /getAllUOM | data:{"message":"API Done","total":11,"status":true} | 
Thu Mar 31 2022 11:06:11 GMT+0800 (Malaysia Time) | INFO | uom-api.log | API: /getAllUOM | data:{"message":"API Done","total":11,"status":true} | 
Thu Mar 31 2022 11:19:51 GMT+0800 (Malaysia Time) | INFO | uom-api.log | API: /getAllUOM | data:{"message":"API Done","total":11,"status":true} | 
Thu Mar 31 2022 11:20:31 GMT+0800 (Malaysia Time) | INFO | uom-api.log | API: /getAllUOM | data:{"message":"API Done","total":11,"status":true} | 
Thu Mar 31 2022 11:24:04 GMT+0800 (Malaysia Time) | INFO | uom-api.log | API: /getAllUOM | data:{"message":"API Done","total":11,"status":true} | 
Thu Mar 31 2022 11:27:23 GMT+0800 (Malaysia Time) | INFO | uom-api.log | API: /getAllUOM | data:{"message":"API Done","total":11,"status":true} | 
Thu Mar 31 2022 11:38:52 GMT+0800 (Malaysia Time) | INFO | uom-api.log | API: /getAllUOM | data:{"message":"API Done","total":11,"status":true} | 
Thu Mar 31 2022 11:59:35 GMT+0800 (Malaysia Time) | INFO | uom-api.log | API: /getAllUOM | data:{"message":"API Done","total":11,"status":true} | 
Thu Mar 31 2022 12:00:12 GMT+0800 (Malaysia Time) | INFO | uom-api.log | API: /getAllUOM | data:{"message":"API Done","total":11,"status":true} | 
Thu Mar 31 2022 12:00:26 GMT+0800 (Malaysia Time) | INFO | uom-api.log | API: /getAllUOM | data:{"message":"API Done","total":11,"status":true} | 
Thu Mar 31 2022 13:45:07 GMT+0800 (Malaysia Time) | INFO | uom-api.log | API: /getAllUOM | data:{"message":"API Done","total":11,"status":true} | 
Thu Mar 31 2022 13:45:20 GMT+0800 (Malaysia Time) | INFO | uom-api.log | API: /getAllUOM | data:{"message":"API Done","total":11,"status":true} | 
Thu Mar 31 2022 13:45:46 GMT+0800 (Malaysia Time) | INFO | uom-api.log | API: /getAllUOM | data:{"message":"API Done","total":11,"status":true} | 
Thu Mar 31 2022 14:03:30 GMT+0800 (Malaysia Time) | INFO | uom-api.log | API: /getAllUOM | data:{"message":"API Done","total":11,"status":true} | 
Thu Mar 31 2022 14:05:59 GMT+0800 (Malaysia Time) | INFO | uom-api.log | API: /getAllUOM | data:{"message":"API Done","total":11,"status":true} | 
Thu Mar 31 2022 14:06:01 GMT+0800 (Malaysia Time) | INFO | uom-api.log | API: /getAllUOM | data:{"message":"API Done","total":11,"status":true} | 
Thu Mar 31 2022 14:06:11 GMT+0800 (Malaysia Time) | INFO | uom-api.log | API: /getAllUOM | data:{"message":"API Done","total":11,"status":true} | 
Thu Mar 31 2022 14:07:57 GMT+0800 (Malaysia Time) | INFO | uom-api.log | API: /getAllUOM | data:{"message":"API Done","total":11,"status":true} | 
Thu Mar 31 2022 14:10:44 GMT+0800 (Malaysia Time) | INFO | uom-api.log | API: /getAllUOM | data:{"message":"API Done","total":10,"status":true} | 
Thu Mar 31 2022 14:10:54 GMT+0800 (Malaysia Time) | INFO | uom-api.log | API: /getAllUOM | data:{"message":"API Done","total":10,"status":true} | 
Thu Mar 31 2022 14:13:24 GMT+0800 (Malaysia Time) | INFO | uom-api.log | API: /getAllUOM | data:{"message":"API Done","total":10,"status":true} | 
Sat Apr 16 2022 12:25:36 GMT+0800 (China Standard Time) | INFO | uom-api.log | API: /getAllUOM | data:{"message":"API Done","total":10,"status":true} | 
Sat Apr 16 2022 13:19:52 GMT+0800 (China Standard Time) | INFO | uom-api.log | API: /getAllUOM | data:{"message":"API Done","total":10,"status":true} | 
Sat Apr 16 2022 13:37:10 GMT+0800 (China Standard Time) | INFO | uom-api.log | API: /getAllUOM | data:{"message":"API Done","total":10,"status":true} | 
Sat Apr 16 2022 13:43:54 GMT+0800 (China Standard Time) | INFO | uom-api.log | API: /getAllUOM | data:{"message":"API Done","total":10,"status":true} | 
Sat Apr 16 2022 13:46:44 GMT+0800 (China Standard Time) | INFO | uom-api.log | API: /getAllUOM | data:{"message":"API Done","total":10,"status":true} | 
Sat Apr 16 2022 13:46:45 GMT+0800 (China Standard Time) | INFO | uom-api.log | API: /getAllUOM | data:{"message":"API Done","total":10,"status":true} | 
Sat Apr 16 2022 13:47:55 GMT+0800 (China Standard Time) | INFO | uom-api.log | API: /getAllUOM | data:{"message":"API Done","total":10,"status":true} | 
Sat Apr 16 2022 13:47:55 GMT+0800 (China Standard Time) | INFO | uom-api.log | API: /getAllUOM | data:{"message":"API Done","total":10,"status":true} | 
Sat Apr 16 2022 13:48:47 GMT+0800 (China Standard Time) | INFO | uom-api.log | API: /getAllUOM | data:{"message":"API Done","total":10,"status":true} | 
Sat Apr 16 2022 13:48:47 GMT+0800 (China Standard Time) | INFO | uom-api.log | API: /getAllUOM | data:{"message":"API Done","total":10,"status":true} | 
Sat Apr 16 2022 13:49:18 GMT+0800 (China Standard Time) | INFO | uom-api.log | API: /getAllUOM | data:{"message":"API Done","total":10,"status":true} | 
Sat Apr 16 2022 13:49:18 GMT+0800 (China Standard Time) | INFO | uom-api.log | API: /getAllUOM | data:{"message":"API Done","total":10,"status":true} | 
Sat Apr 16 2022 13:49:20 GMT+0800 (China Standard Time) | INFO | uom-api.log | API: /getAllUOM | data:{"message":"API Done","total":10,"status":true} | 
Sat Apr 16 2022 13:49:35 GMT+0800 (China Standard Time) | INFO | uom-api.log | API: /getAllUOM | data:{"message":"API Done","total":10,"status":true} | 
Sat Apr 16 2022 13:49:35 GMT+0800 (China Standard Time) | INFO | uom-api.log | API: /getAllUOM | data:{"message":"API Done","total":10,"status":true} | 
Sat Apr 16 2022 13:50:03 GMT+0800 (China Standard Time) | INFO | uom-api.log | API: /getAllUOM | data:{"message":"API Done","total":10,"status":true} | 
Sat Apr 16 2022 13:50:03 GMT+0800 (China Standard Time) | INFO | uom-api.log | API: /getAllUOM | data:{"message":"API Done","total":10,"status":true} | 
Sat Apr 16 2022 13:50:07 GMT+0800 (China Standard Time) | INFO | uom-api.log | API: /getAllUOM | data:{"message":"API Done","total":10,"status":true} | 
Sat Apr 16 2022 13:50:08 GMT+0800 (China Standard Time) | INFO | uom-api.log | API: /getAllUOM | data:{"message":"API Done","total":10,"status":true} | 
