Tue Mar 22 2022 21:47:25 GMT+0800 (Malaysia Time) | INFO | users-api.log | API: /getAllUsers | data:{"message":"API Done","total":240,"status":true} | 
Tue Mar 22 2022 21:56:39 GMT+0800 (Malaysia Time) | INFO | users-api.log | API: /getAllUsers | data:{"message":"API Done","total":240,"status":true} | 
Wed Mar 23 2022 11:16:45 GMT+0800 (China Standard Time) | ERROR | users-api.log | API: /loginUser | data:{"message":"API Error: Password Not Match","value":{"email":"derricktan@greatech-group.com"},"status":false} | 
Wed Mar 23 2022 11:16:50 GMT+0800 (China Standard Time) | INFO | users-api.log | API: /loginUser | data:{"message":"API Done","main":"derricktan@greatech-group.com","status":true} | 
Wed Mar 23 2022 15:07:35 GMT+0800 (China Standard Time) | INFO | users-api.log | API: /loginUser | data:{"message":"API Done","main":"derricktan@greatech-group.com","status":true} | 
Thu Mar 24 2022 09:33:25 GMT+0800 (China Standard Time) | INFO | users-api.log | API: /getAllUsers | data:{"message":"API Done","total":240,"status":true} | 
Thu Mar 24 2022 09:41:49 GMT+0800 (China Standard Time) | INFO | users-api.log | API: /getAllUsers | data:{"message":"API Done","total":72,"status":true} | 
Thu Mar 24 2022 09:41:58 GMT+0800 (China Standard Time) | INFO | users-api.log | API: /getAllUsers | data:{"message":"API Done","total":72,"status":true} | 
Thu Mar 24 2022 09:42:05 GMT+0800 (China Standard Time) | INFO | users-api.log | API: /getAllUsers | data:{"message":"API Done","total":72,"status":true} | 
Thu Mar 24 2022 09:42:14 GMT+0800 (China Standard Time) | INFO | users-api.log | API: /getAllUsers | data:{"message":"API Done","total":72,"status":true} | 
Thu Mar 24 2022 09:42:33 GMT+0800 (China Standard Time) | INFO | users-api.log | API: /getAllUsers | data:{"message":"API Done","total":72,"status":true} | 
Thu Mar 24 2022 09:42:35 GMT+0800 (China Standard Time) | INFO | users-api.log | API: /getAllUsers | data:{"message":"API Done","total":72,"status":true} | 
Thu Mar 24 2022 09:42:37 GMT+0800 (China Standard Time) | INFO | users-api.log | API: /getAllUsers | data:{"message":"API Done","total":72,"status":true} | 
Thu Mar 24 2022 09:42:53 GMT+0800 (China Standard Time) | INFO | users-api.log | API: /getAllUsers | data:{"message":"API Done","total":72,"status":true} | 
Thu Mar 24 2022 09:43:08 GMT+0800 (China Standard Time) | INFO | users-api.log | API: /getAllUsers | data:{"message":"API Done","total":72,"status":true} | 
Thu Mar 24 2022 09:43:14 GMT+0800 (China Standard Time) | INFO | users-api.log | API: /getAllUsers | data:{"message":"API Done","total":72,"status":true} | 
Thu Mar 24 2022 09:43:36 GMT+0800 (China Standard Time) | INFO | users-api.log | API: /getAllUsers | data:{"message":"API Done","total":72,"status":true} | 
Thu Mar 24 2022 09:43:44 GMT+0800 (China Standard Time) | INFO | users-api.log | API: /getAllUsers | data:{"message":"API Done","total":72,"status":true} | 
Thu Mar 24 2022 09:44:12 GMT+0800 (China Standard Time) | INFO | users-api.log | API: /getAllUsers | data:{"message":"API Done","total":72,"status":true} | 
Thu Mar 24 2022 09:44:25 GMT+0800 (China Standard Time) | INFO | users-api.log | API: /getAllUsers | data:{"message":"API Done","total":72,"status":true} | 
Thu Mar 24 2022 09:44:30 GMT+0800 (China Standard Time) | INFO | users-api.log | API: /getAllUsers | data:{"message":"API Done","total":72,"status":true} | 
Thu Mar 24 2022 09:46:30 GMT+0800 (China Standard Time) | INFO | users-api.log | API: /getAllUsers | data:{"message":"API Done","total":72,"status":true} | 
Thu Mar 24 2022 09:46:54 GMT+0800 (China Standard Time) | INFO | users-api.log | API: /getAllUsers | data:{"message":"API Done","total":72,"status":true} | 
Thu Mar 24 2022 09:47:09 GMT+0800 (China Standard Time) | INFO | users-api.log | API: /getAllUsers | data:{"message":"API Done","total":72,"status":true} | 
Thu Mar 24 2022 09:47:12 GMT+0800 (China Standard Time) | INFO | users-api.log | API: /getAllUsers | data:{"message":"API Done","total":72,"status":true} | 
Thu Mar 24 2022 09:55:04 GMT+0800 (China Standard Time) | INFO | users-api.log | API: /getAllUsers | data:{"message":"API Done","total":72,"status":true} | 
Thu Mar 24 2022 09:58:20 GMT+0800 (China Standard Time) | INFO | users-api.log | API: /getAllUsers | data:{"message":"API Done","total":72,"status":true} | 
Thu Mar 24 2022 09:58:20 GMT+0800 (China Standard Time) | INFO | users-api.log | API: /getAllUsers | data:{"message":"API Done","total":72,"status":true} | 
Thu Mar 24 2022 09:58:21 GMT+0800 (China Standard Time) | INFO | users-api.log | API: /getAllUsers | data:{"message":"API Done","total":72,"status":true} | 
Thu Mar 24 2022 10:02:26 GMT+0800 (China Standard Time) | INFO | users-api.log | API: /getAllUsers | data:{"message":"API Done","total":72,"status":true} | 
Thu Mar 24 2022 10:02:27 GMT+0800 (China Standard Time) | INFO | users-api.log | API: /getAllUsers | data:{"message":"API Done","total":72,"status":true} | 
Thu Mar 24 2022 10:03:26 GMT+0800 (China Standard Time) | INFO | users-api.log | API: /getAllUsers | data:{"message":"API Done","total":72,"status":true} | 
Thu Mar 24 2022 10:03:27 GMT+0800 (China Standard Time) | INFO | users-api.log | API: /getAllUsers | data:{"message":"API Done","total":72,"status":true} | 
Thu Mar 24 2022 10:04:21 GMT+0800 (China Standard Time) | INFO | users-api.log | API: /getAllUsers | data:{"message":"API Done","total":72,"status":true} | 
Thu Mar 24 2022 10:04:22 GMT+0800 (China Standard Time) | INFO | users-api.log | API: /getAllUsers | data:{"message":"API Done","total":72,"status":true} | 
Thu Mar 24 2022 10:04:22 GMT+0800 (China Standard Time) | INFO | users-api.log | API: /getAllUsers | data:{"message":"API Done","total":72,"status":true} | 
Thu Mar 24 2022 10:04:22 GMT+0800 (China Standard Time) | INFO | users-api.log | API: /getAllUsers | data:{"message":"API Done","total":72,"status":true} | 
Thu Mar 24 2022 10:05:05 GMT+0800 (China Standard Time) | INFO | users-api.log | API: /getAllUsers | data:{"message":"API Done","total":72,"status":true} | 
Thu Mar 24 2022 10:05:05 GMT+0800 (China Standard Time) | INFO | users-api.log | API: /getAllUsers | data:{"message":"API Done","total":72,"status":true} | 
Thu Mar 24 2022 10:10:27 GMT+0800 (China Standard Time) | INFO | users-api.log | API: /getAllUsers | data:{"message":"API Done","total":72,"status":true} | 
Thu Mar 24 2022 10:10:27 GMT+0800 (China Standard Time) | INFO | users-api.log | API: /getAllUsers | data:{"message":"API Done","total":72,"status":true} | 
Thu Mar 24 2022 10:10:40 GMT+0800 (China Standard Time) | INFO | users-api.log | API: /getAllUsers | data:{"message":"API Done","total":72,"status":true} | 
Thu Mar 24 2022 10:10:40 GMT+0800 (China Standard Time) | INFO | users-api.log | API: /getAllUsers | data:{"message":"API Done","total":72,"status":true} | 
Thu Mar 24 2022 10:10:42 GMT+0800 (China Standard Time) | INFO | users-api.log | API: /getAllUsers | data:{"message":"API Done","total":72,"status":true} | 
Thu Mar 24 2022 10:10:43 GMT+0800 (China Standard Time) | INFO | users-api.log | API: /getAllUsers | data:{"message":"API Done","total":72,"status":true} | 
Thu Mar 24 2022 10:10:52 GMT+0800 (China Standard Time) | INFO | users-api.log | API: /getAllUsers | data:{"message":"API Done","total":72,"status":true} | 
Thu Mar 24 2022 10:10:52 GMT+0800 (China Standard Time) | INFO | users-api.log | API: /getAllUsers | data:{"message":"API Done","total":72,"status":true} | 
Thu Mar 24 2022 10:11:24 GMT+0800 (China Standard Time) | INFO | users-api.log | API: /getAllUsers | data:{"message":"API Done","total":72,"status":true} | 
Thu Mar 24 2022 10:11:24 GMT+0800 (China Standard Time) | INFO | users-api.log | API: /getAllUsers | data:{"message":"API Done","total":72,"status":true} | 
Thu Mar 24 2022 10:11:46 GMT+0800 (China Standard Time) | INFO | users-api.log | API: /getAllUsers | data:{"message":"API Done","total":72,"status":true} | 
Thu Mar 24 2022 10:11:46 GMT+0800 (China Standard Time) | INFO | users-api.log | API: /getAllUsers | data:{"message":"API Done","total":72,"status":true} | 
Thu Mar 24 2022 10:11:55 GMT+0800 (China Standard Time) | INFO | users-api.log | API: /getAllUsers | data:{"message":"API Done","total":72,"status":true} | 
Thu Mar 24 2022 10:11:56 GMT+0800 (China Standard Time) | INFO | users-api.log | API: /getAllUsers | data:{"message":"API Done","total":72,"status":true} | 
Thu Mar 24 2022 10:11:56 GMT+0800 (China Standard Time) | INFO | users-api.log | API: /getAllUsers | data:{"message":"API Done","total":72,"status":true} | 
Thu Mar 24 2022 10:11:57 GMT+0800 (China Standard Time) | INFO | users-api.log | API: /getAllUsers | data:{"message":"API Done","total":72,"status":true} | 
Thu Mar 24 2022 11:04:03 GMT+0800 (China Standard Time) | INFO | users-api.log | API: /getAllUsers | data:{"message":"API Done","total":72,"status":true} | 
Thu Mar 24 2022 11:04:03 GMT+0800 (China Standard Time) | INFO | users-api.log | API: /getAllUsers | data:{"message":"API Done","total":72,"status":true} | 
Thu Mar 24 2022 11:05:28 GMT+0800 (China Standard Time) | INFO | users-api.log | API: /getAllUsers | data:{"message":"API Done","total":72,"status":true} | 
Thu Mar 24 2022 11:05:28 GMT+0800 (China Standard Time) | INFO | users-api.log | API: /getAllUsers | data:{"message":"API Done","total":72,"status":true} | 
Thu Mar 24 2022 11:05:37 GMT+0800 (China Standard Time) | INFO | users-api.log | API: /getAllUsers | data:{"message":"API Done","total":72,"status":true} | 
Thu Mar 24 2022 11:05:37 GMT+0800 (China Standard Time) | INFO | users-api.log | API: /getAllUsers | data:{"message":"API Done","total":72,"status":true} | 
Thu Mar 24 2022 11:06:04 GMT+0800 (China Standard Time) | INFO | users-api.log | API: /getAllUsers | data:{"message":"API Done","total":72,"status":true} | 
Thu Mar 24 2022 11:06:05 GMT+0800 (China Standard Time) | INFO | users-api.log | API: /getAllUsers | data:{"message":"API Done","total":72,"status":true} | 
Thu Mar 24 2022 11:06:05 GMT+0800 (China Standard Time) | INFO | users-api.log | API: /getAllUsers | data:{"message":"API Done","total":72,"status":true} | 
Thu Mar 24 2022 11:06:05 GMT+0800 (China Standard Time) | INFO | users-api.log | API: /getAllUsers | data:{"message":"API Done","total":72,"status":true} | 
Thu Mar 24 2022 11:06:15 GMT+0800 (China Standard Time) | INFO | users-api.log | API: /getAllUsers | data:{"message":"API Done","total":72,"status":true} | 
Thu Mar 24 2022 11:06:15 GMT+0800 (China Standard Time) | INFO | users-api.log | API: /getAllUsers | data:{"message":"API Done","total":72,"status":true} | 
Thu Mar 24 2022 11:09:23 GMT+0800 (China Standard Time) | INFO | users-api.log | API: /getAllUsers | data:{"message":"API Done","total":72,"status":true} | 
Thu Mar 24 2022 11:09:24 GMT+0800 (China Standard Time) | INFO | users-api.log | API: /getAllUsers | data:{"message":"API Done","total":72,"status":true} | 
Thu Mar 24 2022 11:09:33 GMT+0800 (China Standard Time) | INFO | users-api.log | API: /getAllUsers | data:{"message":"API Done","total":72,"status":true} | 
Thu Mar 24 2022 11:09:33 GMT+0800 (China Standard Time) | INFO | users-api.log | API: /getAllUsers | data:{"message":"API Done","total":72,"status":true} | 
Thu Mar 24 2022 11:09:34 GMT+0800 (China Standard Time) | INFO | users-api.log | API: /deleteUsers | data:{"message":"API Done","main":{"generatedMaps":[],"raw":{"fieldCount":0,"affectedRows":1,"insertId":0,"serverStatus":2,"warningCount":0,"message":"(Rows matched: 1  Changed: 1  Warnings: 0","protocol41":true,"changedRows":1},"affected":1},"status":true} | 
Thu Mar 24 2022 11:09:35 GMT+0800 (China Standard Time) | INFO | users-api.log | API: /getAllUsers | data:{"message":"API Done","total":72,"status":true} | 
Thu Mar 24 2022 11:09:39 GMT+0800 (China Standard Time) | INFO | users-api.log | API: /recoverUsers | data:{"message":"API Done","main":{"generatedMaps":[],"raw":{"fieldCount":0,"affectedRows":1,"insertId":0,"serverStatus":2,"warningCount":0,"message":"(Rows matched: 1  Changed: 1  Warnings: 0","protocol41":true,"changedRows":1},"affected":1},"status":true} | 
Thu Mar 24 2022 11:09:39 GMT+0800 (China Standard Time) | INFO | users-api.log | API: /getAllUsers | data:{"message":"API Done","total":72,"status":true} | 
Thu Mar 24 2022 11:10:07 GMT+0800 (China Standard Time) | INFO | users-api.log | API: /getAllUsers | data:{"message":"API Done","total":72,"status":true} | 
Thu Mar 24 2022 11:10:07 GMT+0800 (China Standard Time) | INFO | users-api.log | API: /getAllUsers | data:{"message":"API Done","total":72,"status":true} | 
Thu Mar 24 2022 11:10:12 GMT+0800 (China Standard Time) | INFO | users-api.log | API: /deleteUsers | data:{"message":"API Done","main":{"generatedMaps":[],"raw":{"fieldCount":0,"affectedRows":1,"insertId":0,"serverStatus":2,"warningCount":0,"message":"(Rows matched: 1  Changed: 1  Warnings: 0","protocol41":true,"changedRows":1},"affected":1},"status":true} | 
Thu Mar 24 2022 11:10:12 GMT+0800 (China Standard Time) | INFO | users-api.log | API: /getAllUsers | data:{"message":"API Done","total":72,"status":true} | 
Thu Mar 24 2022 11:10:14 GMT+0800 (China Standard Time) | INFO | users-api.log | API: /recoverUsers | data:{"message":"API Done","main":{"generatedMaps":[],"raw":{"fieldCount":0,"affectedRows":1,"insertId":0,"serverStatus":2,"warningCount":0,"message":"(Rows matched: 1  Changed: 1  Warnings: 0","protocol41":true,"changedRows":1},"affected":1},"status":true} | 
Thu Mar 24 2022 11:10:14 GMT+0800 (China Standard Time) | INFO | users-api.log | API: /getAllUsers | data:{"message":"API Done","total":72,"status":true} | 
Thu Mar 24 2022 11:27:01 GMT+0800 (China Standard Time) | INFO | users-api.log | API: /createUser | data:{"message":"API Done","main":{"employeeID":"201545"},"status":true} | 
Thu Mar 24 2022 11:27:05 GMT+0800 (China Standard Time) | INFO | users-api.log | API: /getAllUsers | data:{"message":"API Done","total":73,"status":true} | 
Thu Mar 24 2022 11:27:05 GMT+0800 (China Standard Time) | INFO | users-api.log | API: /getAllUsers | data:{"message":"API Done","total":73,"status":true} | 
Thu Mar 24 2022 11:27:40 GMT+0800 (China Standard Time) | ERROR | users-api.log | API: /createUser | data:{"message":"API Error: Redundant on Employee ID 201545.","value":{"section":"Electrical","employeeID":"201545","fullname":"Derrick Tan Poh Leng","name":"Derrick Tan Poh Leng","email":"derricktpl@derrickwebdev.com","role":"User"},"status":false} | 
Thu Mar 24 2022 11:27:53 GMT+0800 (China Standard Time) | ERROR | users-api.log | API: /createUser | data:{"message":"API Error: Redundant on Employee ID 201545.","value":{"section":"Electrical","employeeID":"201545","fullname":"Derrick Tan Poh Leng","name":"Derrick Tan Poh Leng","email":"derricktan@greatech-group.com","role":"User"},"status":false} | 
Thu Mar 24 2022 11:28:04 GMT+0800 (China Standard Time) | INFO | users-api.log | API: /getAllUsers | data:{"message":"API Done","total":73,"status":true} | 
Thu Mar 24 2022 11:28:04 GMT+0800 (China Standard Time) | INFO | users-api.log | API: /getAllUsers | data:{"message":"API Done","total":73,"status":true} | 
Thu Mar 24 2022 11:29:32 GMT+0800 (China Standard Time) | INFO | users-api.log | API: /getAllUsers | data:{"message":"API Done","total":73,"status":true} | 
Thu Mar 24 2022 11:29:32 GMT+0800 (China Standard Time) | INFO | users-api.log | API: /getAllUsers | data:{"message":"API Done","total":73,"status":true} | 
Thu Mar 24 2022 11:34:19 GMT+0800 (China Standard Time) | INFO | users-api.log | API: /getAllUsers | data:{"message":"API Done","total":73,"status":true} | 
Thu Mar 24 2022 11:34:19 GMT+0800 (China Standard Time) | INFO | users-api.log | API: /getAllUsers | data:{"message":"API Done","total":73,"status":true} | 
Thu Mar 24 2022 11:34:50 GMT+0800 (China Standard Time) | ERROR | users-api.log | API: /createUser | data:{"message":"API Error: Redundant on Employee ID/Email 201545 derricktpl@derrickwebdev.com.","value":{"section":"Electrical","employeeID":"201545","fullname":"Derrick Tan Poh Leng","name":"Derrick Tan Poh Leng","email":"derricktpl@derrickwebdev.com","role":"User"},"status":false} | 
Thu Mar 24 2022 11:35:08 GMT+0800 (China Standard Time) | ERROR | users-api.log | API: /createUser | data:{"message":"API Error: Redundant on Employee ID/Email 201545 derricktpl@derrickwebdev.com.","value":{"section":"Electrical","employeeID":"201545","fullname":"Derrick Tan Poh Leng","name":"Derrick Tan Poh Leng","email":"derricktpl@derrickwebdev.com","role":"User"},"status":false} | 
Thu Mar 24 2022 11:35:13 GMT+0800 (China Standard Time) | ERROR | users-api.log | API: /createUser | data:{"message":"API Error: Redundant on Employee ID/Email 201545 derricktpl@derrickwebdev.com.","value":{"section":"Electrical","employeeID":"201545","fullname":"Derrick Tan Poh Leng","name":"Derrick Tan Poh Leng","email":"derricktpl@derrickwebdev.com","role":"User"},"status":false} | 
Thu Mar 24 2022 11:39:37 GMT+0800 (China Standard Time) | ERROR | users-api.log | API: /createUser | data:{"message":"API Error: Redundant on Employee ID/Email 201545 derricktpl@derrickwebdev.com.","value":{"section":"Electrical","employeeID":"201545","fullname":"Derrick Tan Poh Leng","name":"Derrick Tan Poh Leng","email":"derricktpl@derrickwebdev.com","role":"User"},"status":false} | 
Thu Mar 24 2022 11:39:39 GMT+0800 (China Standard Time) | ERROR | users-api.log | API: /createUser | data:{"message":"API Error: Redundant on Employee ID/Email 201545 derricktpl@derrickwebdev.com.","value":{"section":"Electrical","employeeID":"201545","fullname":"Derrick Tan Poh Leng","name":"Derrick Tan Poh Leng","email":"derricktpl@derrickwebdev.com","role":"User"},"status":false} | 
Thu Mar 24 2022 13:54:42 GMT+0800 (China Standard Time) | INFO | users-api.log | API: /getAllUsers | data:{"message":"API Done","total":72,"status":true} | 
Thu Mar 24 2022 13:54:42 GMT+0800 (China Standard Time) | INFO | users-api.log | API: /getAllUsers | data:{"message":"API Done","total":72,"status":true} | 
Thu Mar 24 2022 13:59:37 GMT+0800 (China Standard Time) | INFO | users-api.log | API: /getAllUsers | data:{"message":"API Done","total":69,"status":true} | 
Thu Mar 24 2022 13:59:37 GMT+0800 (China Standard Time) | INFO | users-api.log | API: /getAllUsers | data:{"message":"API Done","total":69,"status":true} | 
Thu Mar 24 2022 14:03:26 GMT+0800 (China Standard Time) | INFO | users-api.log | API: /getAllAdmins | data:{"message":"API Done","total":9,"status":true} | 
Thu Mar 24 2022 14:05:23 GMT+0800 (China Standard Time) | INFO | users-api.log | API: /getAllAdmins | data:{"message":"API Done","total":9,"status":true} | 
Thu Mar 24 2022 14:06:50 GMT+0800 (China Standard Time) | INFO | users-api.log | API: /getAllAdmins | data:{"message":"API Done","total":9,"status":true} | 
Thu Mar 24 2022 14:06:54 GMT+0800 (China Standard Time) | INFO | users-api.log | API: /getAllAdmins | data:{"message":"API Done","total":9,"status":true} | 
Thu Mar 24 2022 14:07:01 GMT+0800 (China Standard Time) | INFO | users-api.log | API: /getAllAdmins | data:{"message":"API Done","total":9,"status":true} | 
Thu Mar 24 2022 14:07:10 GMT+0800 (China Standard Time) | INFO | users-api.log | API: /getAllAdmins | data:{"message":"API Done","total":9,"status":true} | 
Thu Mar 24 2022 14:07:11 GMT+0800 (China Standard Time) | INFO | users-api.log | API: /getAllAdmins | data:{"message":"API Done","total":9,"status":true} | 
Thu Mar 24 2022 14:07:36 GMT+0800 (China Standard Time) | INFO | users-api.log | API: /getAllAdmins | data:{"message":"API Done","total":9,"status":true} | 
Thu Mar 24 2022 14:12:12 GMT+0800 (China Standard Time) | INFO | users-api.log | API: /getAllAdmins | data:{"message":"API Done","total":9,"status":true} | 
Thu Mar 24 2022 14:12:16 GMT+0800 (China Standard Time) | INFO | users-api.log | API: /deleteUsers | data:{"message":"API Done","main":{"generatedMaps":[],"raw":{"fieldCount":0,"affectedRows":1,"insertId":0,"serverStatus":2,"warningCount":0,"message":"(Rows matched: 1  Changed: 1  Warnings: 0","protocol41":true,"changedRows":1},"affected":1},"status":true} | 
Thu Mar 24 2022 14:12:16 GMT+0800 (China Standard Time) | INFO | users-api.log | API: /getAllAdmins | data:{"message":"API Done","total":9,"status":true} | 
Thu Mar 24 2022 14:12:18 GMT+0800 (China Standard Time) | INFO | users-api.log | API: /recoverUsers | data:{"message":"API Done","main":{"generatedMaps":[],"raw":{"fieldCount":0,"affectedRows":1,"insertId":0,"serverStatus":2,"warningCount":0,"message":"(Rows matched: 1  Changed: 1  Warnings: 0","protocol41":true,"changedRows":1},"affected":1},"status":true} | 
Thu Mar 24 2022 14:12:19 GMT+0800 (China Standard Time) | INFO | users-api.log | API: /getAllAdmins | data:{"message":"API Done","total":9,"status":true} | 
Thu Mar 24 2022 14:12:28 GMT+0800 (China Standard Time) | INFO | users-api.log | API: /getAllAdmins | data:{"message":"API Done","total":9,"status":true} | 
Thu Mar 24 2022 14:12:31 GMT+0800 (China Standard Time) | INFO | users-api.log | API: /deleteUsers | data:{"message":"API Done","main":{"generatedMaps":[],"raw":{"fieldCount":0,"affectedRows":1,"insertId":0,"serverStatus":2,"warningCount":0,"message":"(Rows matched: 1  Changed: 1  Warnings: 0","protocol41":true,"changedRows":1},"affected":1},"status":true} | 
Thu Mar 24 2022 14:12:31 GMT+0800 (China Standard Time) | INFO | users-api.log | API: /getAllAdmins | data:{"message":"API Done","total":9,"status":true} | 
Thu Mar 24 2022 14:12:34 GMT+0800 (China Standard Time) | INFO | users-api.log | API: /recoverUsers | data:{"message":"API Done","main":{"generatedMaps":[],"raw":{"fieldCount":0,"affectedRows":1,"insertId":0,"serverStatus":2,"warningCount":0,"message":"(Rows matched: 1  Changed: 1  Warnings: 0","protocol41":true,"changedRows":1},"affected":1},"status":true} | 
Thu Mar 24 2022 14:12:34 GMT+0800 (China Standard Time) | INFO | users-api.log | API: /getAllAdmins | data:{"message":"API Done","total":9,"status":true} | 
Thu Mar 24 2022 14:18:52 GMT+0800 (China Standard Time) | ERROR | users-api.log | API: /createUser | data:{"message":"API Error: Redundant on Employee ID/Email 201545 derricktpl@derrickwebdev.com.","value":{"section":"Mechanical","employeeID":"201545","fullname":"Derrick Tan Poh Leng","name":"Derrick Tan Poh Leng","email":"derricktpl@derrickwebdev.com","role":"Admin"},"status":false} | 
Thu Mar 24 2022 14:18:57 GMT+0800 (China Standard Time) | INFO | users-api.log | API: /getAllAdmins | data:{"message":"API Done","total":9,"status":true} | 
Thu Mar 24 2022 14:19:08 GMT+0800 (China Standard Time) | INFO | users-api.log | API: /getAllAdmins | data:{"message":"API Done","total":9,"status":true} | 
Thu Mar 24 2022 14:23:25 GMT+0800 (China Standard Time) | INFO | users-api.log | API: /getAllAdmins | data:{"message":"API Done","total":9,"status":true} | 
Thu Mar 24 2022 14:25:22 GMT+0800 (China Standard Time) | INFO | users-api.log | API: /getAllSuperAdmins | data:{"message":"API Done","total":2,"status":true} | 
Thu Mar 24 2022 14:25:22 GMT+0800 (China Standard Time) | INFO | users-api.log | API: /getAllSuperAdmins | data:{"message":"API Done","total":2,"status":true} | 
Thu Mar 24 2022 14:25:24 GMT+0800 (China Standard Time) | INFO | users-api.log | API: /getAllSuperAdmins | data:{"message":"API Done","total":2,"status":true} | 
Thu Mar 24 2022 14:27:43 GMT+0800 (China Standard Time) | INFO | users-api.log | API: /deleteUsers | data:{"message":"API Done","main":{"generatedMaps":[],"raw":{"fieldCount":0,"affectedRows":1,"insertId":0,"serverStatus":2,"warningCount":0,"message":"(Rows matched: 1  Changed: 1  Warnings: 0","protocol41":true,"changedRows":1},"affected":1},"status":true} | 
Thu Mar 24 2022 14:27:43 GMT+0800 (China Standard Time) | INFO | users-api.log | API: /getAllSuperAdmins | data:{"message":"API Done","total":2,"status":true} | 
Thu Mar 24 2022 14:27:46 GMT+0800 (China Standard Time) | INFO | users-api.log | API: /recoverUsers | data:{"message":"API Done","main":{"generatedMaps":[],"raw":{"fieldCount":0,"affectedRows":1,"insertId":0,"serverStatus":2,"warningCount":0,"message":"(Rows matched: 1  Changed: 1  Warnings: 0","protocol41":true,"changedRows":1},"affected":1},"status":true} | 
Thu Mar 24 2022 14:27:46 GMT+0800 (China Standard Time) | INFO | users-api.log | API: /getAllSuperAdmins | data:{"message":"API Done","total":2,"status":true} | 
Thu Mar 24 2022 14:32:46 GMT+0800 (China Standard Time) | INFO | users-api.log | API: /getAllSuperAdmins | data:{"message":"API Done","total":2,"status":true} | 
Thu Mar 24 2022 14:32:46 GMT+0800 (China Standard Time) | INFO | users-api.log | API: /getAllSuperAdmins | data:{"message":"API Done","total":2,"status":true} | 
Thu Mar 24 2022 14:38:07 GMT+0800 (China Standard Time) | INFO | users-api.log | API: /getAllSuperAdmins | data:{"message":"API Done","total":2,"status":true} | 
Thu Mar 24 2022 14:38:08 GMT+0800 (China Standard Time) | INFO | users-api.log | API: /getAllSuperAdmins | data:{"message":"API Done","total":2,"status":true} | 
Thu Mar 24 2022 14:39:16 GMT+0800 (China Standard Time) | INFO | users-api.log | API: /getAllUsers | data:{"message":"API Done","total":69,"status":true} | 
Thu Mar 24 2022 14:39:17 GMT+0800 (China Standard Time) | INFO | users-api.log | API: /getAllUsers | data:{"message":"API Done","total":69,"status":true} | 
Thu Mar 24 2022 14:39:19 GMT+0800 (China Standard Time) | INFO | users-api.log | API: /getAllViewers | data:{"message":"API Done","total":155,"status":true} | 
Thu Mar 24 2022 14:39:26 GMT+0800 (China Standard Time) | INFO | users-api.log | API: /deleteUsers | data:{"message":"API Done","main":{"generatedMaps":[],"raw":{"fieldCount":0,"affectedRows":1,"insertId":0,"serverStatus":2,"warningCount":0,"message":"(Rows matched: 1  Changed: 1  Warnings: 0","protocol41":true,"changedRows":1},"affected":1},"status":true} | 
Thu Mar 24 2022 14:39:30 GMT+0800 (China Standard Time) | INFO | users-api.log | API: /getAllViewers | data:{"message":"API Done","total":155,"status":true} | 
Thu Mar 24 2022 14:39:32 GMT+0800 (China Standard Time) | INFO | users-api.log | API: /recoverUsers | data:{"message":"API Done","main":{"generatedMaps":[],"raw":{"fieldCount":0,"affectedRows":1,"insertId":0,"serverStatus":2,"warningCount":0,"message":"(Rows matched: 1  Changed: 1  Warnings: 0","protocol41":true,"changedRows":1},"affected":1},"status":true} | 
Thu Mar 24 2022 14:39:32 GMT+0800 (China Standard Time) | INFO | users-api.log | API: /getAllViewers | data:{"message":"API Done","total":155,"status":true} | 
Thu Mar 24 2022 14:39:37 GMT+0800 (China Standard Time) | INFO | users-api.log | API: /deleteUsers | data:{"message":"API Done","main":{"generatedMaps":[],"raw":{"fieldCount":0,"affectedRows":1,"insertId":0,"serverStatus":2,"warningCount":0,"message":"(Rows matched: 1  Changed: 1  Warnings: 0","protocol41":true,"changedRows":1},"affected":1},"status":true} | 
Thu Mar 24 2022 14:39:37 GMT+0800 (China Standard Time) | INFO | users-api.log | API: /getAllViewers | data:{"message":"API Done","total":155,"status":true} | 
Thu Mar 24 2022 14:39:41 GMT+0800 (China Standard Time) | INFO | users-api.log | API: /recoverUsers | data:{"message":"API Done","main":{"generatedMaps":[],"raw":{"fieldCount":0,"affectedRows":1,"insertId":0,"serverStatus":2,"warningCount":0,"message":"(Rows matched: 1  Changed: 1  Warnings: 0","protocol41":true,"changedRows":1},"affected":1},"status":true} | 
Thu Mar 24 2022 14:39:47 GMT+0800 (China Standard Time) | INFO | users-api.log | API: /getAllViewers | data:{"message":"API Done","total":155,"status":true} | 
Thu Mar 24 2022 14:39:49 GMT+0800 (China Standard Time) | INFO | users-api.log | API: /getAllViewers | data:{"message":"API Done","total":155,"status":true} | 
Thu Mar 24 2022 14:40:14 GMT+0800 (China Standard Time) | INFO | users-api.log | API: /getAllViewers | data:{"message":"API Done","total":155,"status":true} | 
Thu Mar 24 2022 14:40:17 GMT+0800 (China Standard Time) | INFO | users-api.log | API: /deleteUsers | data:{"message":"API Done","main":{"generatedMaps":[],"raw":{"fieldCount":0,"affectedRows":1,"insertId":0,"serverStatus":2,"warningCount":0,"message":"(Rows matched: 1  Changed: 1  Warnings: 0","protocol41":true,"changedRows":1},"affected":1},"status":true} | 
Thu Mar 24 2022 14:40:17 GMT+0800 (China Standard Time) | INFO | users-api.log | API: /getAllViewers | data:{"message":"API Done","total":155,"status":true} | 
Thu Mar 24 2022 14:40:20 GMT+0800 (China Standard Time) | INFO | users-api.log | API: /recoverUsers | data:{"message":"API Done","main":{"generatedMaps":[],"raw":{"fieldCount":0,"affectedRows":1,"insertId":0,"serverStatus":2,"warningCount":0,"message":"(Rows matched: 1  Changed: 1  Warnings: 0","protocol41":true,"changedRows":1},"affected":1},"status":true} | 
Thu Mar 24 2022 14:40:22 GMT+0800 (China Standard Time) | INFO | users-api.log | API: /getAllViewers | data:{"message":"API Done","total":155,"status":true} | 
Thu Mar 24 2022 14:40:35 GMT+0800 (China Standard Time) | INFO | users-api.log | API: /getAllViewers | data:{"message":"API Done","total":155,"status":true} | 
Thu Mar 24 2022 14:48:48 GMT+0800 (China Standard Time) | ERROR | users-api.log | API: /createUser | data:{"message":"API Error: Redundant on Employee ID/Email 201545 derricktpl@derrickwebdev.com.","value":{"section":"Mechanical","employeeID":"201545","fullname":"Derrick Tan Poh Leng","name":"Derrick Tan Poh Leng","email":"derricktpl@derrickwebdev.com","role":"Viewer"},"status":false} | 
Thu Mar 24 2022 14:48:54 GMT+0800 (China Standard Time) | INFO | users-api.log | API: /getAllViewers | data:{"message":"API Done","total":155,"status":true} | 
Thu Mar 24 2022 14:51:56 GMT+0800 (China Standard Time) | INFO | users-api.log | API: /getAllViewers | data:{"message":"API Done","total":155,"status":true} | 
Thu Mar 24 2022 14:52:44 GMT+0800 (China Standard Time) | INFO | users-api.log | API: /getAllDevelopers | data:{"message":"API Done","total":2,"status":true} | 
Thu Mar 24 2022 14:53:06 GMT+0800 (China Standard Time) | INFO | users-api.log | API: /getAllViewers | data:{"message":"API Done","total":155,"status":true} | 
Thu Mar 24 2022 14:53:10 GMT+0800 (China Standard Time) | INFO | users-api.log | API: /getAllDevelopers | data:{"message":"API Done","total":2,"status":true} | 
Thu Mar 24 2022 14:54:40 GMT+0800 (China Standard Time) | INFO | users-api.log | API: /getAllDevelopers | data:{"message":"API Done","total":2,"status":true} | 
Thu Mar 24 2022 15:02:37 GMT+0800 (China Standard Time) | INFO | users-api.log | API: /deleteUsers | data:{"message":"API Done","main":{"generatedMaps":[],"raw":{"fieldCount":0,"affectedRows":1,"insertId":0,"serverStatus":2,"warningCount":0,"message":"(Rows matched: 1  Changed: 1  Warnings: 0","protocol41":true,"changedRows":1},"affected":1},"status":true} | 
Thu Mar 24 2022 15:02:39 GMT+0800 (China Standard Time) | INFO | users-api.log | API: /getAllDevelopers | data:{"message":"API Done","total":2,"status":true} | 
Thu Mar 24 2022 15:02:42 GMT+0800 (China Standard Time) | INFO | users-api.log | API: /recoverUsers | data:{"message":"API Done","main":{"generatedMaps":[],"raw":{"fieldCount":0,"affectedRows":1,"insertId":0,"serverStatus":2,"warningCount":0,"message":"(Rows matched: 1  Changed: 1  Warnings: 0","protocol41":true,"changedRows":1},"affected":1},"status":true} | 
Thu Mar 24 2022 15:02:42 GMT+0800 (China Standard Time) | INFO | users-api.log | API: /getAllDevelopers | data:{"message":"API Done","total":2,"status":true} | 
Thu Mar 24 2022 15:03:09 GMT+0800 (China Standard Time) | INFO | users-api.log | API: /deleteUsers | data:{"message":"API Done","main":{"generatedMaps":[],"raw":{"fieldCount":0,"affectedRows":1,"insertId":0,"serverStatus":2,"warningCount":0,"message":"(Rows matched: 1  Changed: 1  Warnings: 0","protocol41":true,"changedRows":1},"affected":1},"status":true} | 
Thu Mar 24 2022 15:03:09 GMT+0800 (China Standard Time) | INFO | users-api.log | API: /getAllDevelopers | data:{"message":"API Done","total":2,"status":true} | 
Thu Mar 24 2022 15:03:12 GMT+0800 (China Standard Time) | INFO | users-api.log | API: /recoverUsers | data:{"message":"API Done","main":{"generatedMaps":[],"raw":{"fieldCount":0,"affectedRows":1,"insertId":0,"serverStatus":2,"warningCount":0,"message":"(Rows matched: 1  Changed: 1  Warnings: 0","protocol41":true,"changedRows":1},"affected":1},"status":true} | 
Thu Mar 24 2022 15:03:13 GMT+0800 (China Standard Time) | INFO | users-api.log | API: /getAllDevelopers | data:{"message":"API Done","total":2,"status":true} | 
Thu Mar 24 2022 15:03:34 GMT+0800 (China Standard Time) | ERROR | users-api.log | API: /createUser | data:{"message":"API Error: Redundant on Employee ID/Email 201545 derricktpl@derrickwebdev.com.","value":{"section":"Mechanical","employeeID":"201545","fullname":"Derrick Tan Poh Leng","name":"Derrick Tan Poh Leng","email":"derricktpl@derrickwebdev.com","role":"Developer"},"status":false} | 
Thu Mar 24 2022 15:05:23 GMT+0800 (China Standard Time) | INFO | users-api.log | API: /getAllDevelopers | data:{"message":"API Done","total":2,"status":true} | 
Thu Mar 24 2022 15:05:27 GMT+0800 (China Standard Time) | INFO | users-api.log | API: /getAllAdmins | data:{"message":"API Done","total":9,"status":true} | 
Thu Mar 24 2022 15:16:34 GMT+0800 (China Standard Time) | INFO | users-api.log | API: /getAllUsers | data:{"message":"API Done","total":69,"status":true} | 
Thu Mar 24 2022 15:16:35 GMT+0800 (China Standard Time) | INFO | users-api.log | API: /getAllUsers | data:{"message":"API Done","total":69,"status":true} | 
Thu Mar 24 2022 15:18:38 GMT+0800 (China Standard Time) | INFO | users-api.log | API: /getOneUser | data:{"message":"API Done","total":1,"value":"49","status":true} | 
Thu Mar 24 2022 15:18:47 GMT+0800 (China Standard Time) | INFO | users-api.log | API: /getOneUser | data:{"message":"API Done","total":1,"value":"49","status":true} | 
Thu Mar 24 2022 15:18:58 GMT+0800 (China Standard Time) | INFO | users-api.log | API: /getOneUser | data:{"message":"API Done","total":1,"value":"49","status":true} | 
Thu Mar 24 2022 15:19:38 GMT+0800 (China Standard Time) | INFO | users-api.log | API: /getOneUser | data:{"message":"API Done","value":"49","status":true} | 
Thu Mar 24 2022 15:19:44 GMT+0800 (China Standard Time) | INFO | users-api.log | API: /getOneUser | data:{"message":"API Done","value":"49","status":true} | 
Thu Mar 24 2022 15:19:49 GMT+0800 (China Standard Time) | INFO | users-api.log | API: /getOneUser | data:{"message":"API Done","value":"49","status":true} | 
Thu Mar 24 2022 15:19:53 GMT+0800 (China Standard Time) | INFO | users-api.log | API: /getOneUser | data:{"message":"API Done","value":"49","status":true} | 
Thu Mar 24 2022 15:20:02 GMT+0800 (China Standard Time) | INFO | users-api.log | API: /getOneUser | data:{"message":"API Done","value":"49","status":true} | 
Thu Mar 24 2022 15:20:04 GMT+0800 (China Standard Time) | INFO | users-api.log | API: /getOneUser | data:{"message":"API Done","value":"49","status":true} | 
Thu Mar 24 2022 15:20:10 GMT+0800 (China Standard Time) | INFO | users-api.log | API: /getOneUser | data:{"message":"API Done","value":"49","status":true} | 
Thu Mar 24 2022 15:20:13 GMT+0800 (China Standard Time) | INFO | users-api.log | API: /getOneUser | data:{"message":"API Done","value":"49","status":true} | 
Thu Mar 24 2022 15:20:15 GMT+0800 (China Standard Time) | INFO | users-api.log | API: /getOneUser | data:{"message":"API Done","value":"49","status":true} | 
Thu Mar 24 2022 15:20:56 GMT+0800 (China Standard Time) | INFO | users-api.log | API: /getOneUser | data:{"message":"API Done","value":"49","status":true} | 
Thu Mar 24 2022 15:21:09 GMT+0800 (China Standard Time) | INFO | users-api.log | API: /getOneUser | data:{"message":"API Done","value":"49","status":true} | 
Thu Mar 24 2022 15:21:12 GMT+0800 (China Standard Time) | INFO | users-api.log | API: /getOneUser | data:{"message":"API Done","value":"49","status":true} | 
Thu Mar 24 2022 15:21:14 GMT+0800 (China Standard Time) | INFO | users-api.log | API: /getOneUser | data:{"message":"API Done","value":"49","status":true} | 
Thu Mar 24 2022 15:21:16 GMT+0800 (China Standard Time) | INFO | users-api.log | API: /getOneUser | data:{"message":"API Done","value":"49","status":true} | 
Thu Mar 24 2022 15:21:19 GMT+0800 (China Standard Time) | INFO | users-api.log | API: /getOneUser | data:{"message":"API Done","value":"49","status":true} | 
Thu Mar 24 2022 15:21:21 GMT+0800 (China Standard Time) | INFO | users-api.log | API: /getOneUser | data:{"message":"API Done","value":"49","status":true} | 
Thu Mar 24 2022 15:21:22 GMT+0800 (China Standard Time) | INFO | users-api.log | API: /getOneUser | data:{"message":"API Done","value":"49","status":true} | 
Thu Mar 24 2022 15:21:35 GMT+0800 (China Standard Time) | INFO | users-api.log | API: /getOneUser | data:{"message":"API Done","value":"49","status":true} | 
Thu Mar 24 2022 15:21:38 GMT+0800 (China Standard Time) | INFO | users-api.log | API: /getOneUser | data:{"message":"API Done","value":"49","status":true} | 
Thu Mar 24 2022 15:21:40 GMT+0800 (China Standard Time) | INFO | users-api.log | API: /getOneUser | data:{"message":"API Done","value":"49","status":true} | 
Thu Mar 24 2022 15:22:11 GMT+0800 (China Standard Time) | INFO | users-api.log | API: /getOneUser | data:{"message":"API Done","value":"49","status":true} | 
Thu Mar 24 2022 15:22:29 GMT+0800 (China Standard Time) | INFO | users-api.log | API: /getOneUser | data:{"message":"API Done","value":"49","status":true} | 
Thu Mar 24 2022 15:22:32 GMT+0800 (China Standard Time) | INFO | users-api.log | API: /getOneUser | data:{"message":"API Done","value":"49","status":true} | 
Thu Mar 24 2022 15:22:36 GMT+0800 (China Standard Time) | INFO | users-api.log | API: /getOneUser | data:{"message":"API Done","value":"49","status":true} | 
Thu Mar 24 2022 15:22:56 GMT+0800 (China Standard Time) | INFO | users-api.log | API: /getOneUser | data:{"message":"API Done","value":"49","status":true} | 
Thu Mar 24 2022 15:23:10 GMT+0800 (China Standard Time) | INFO | users-api.log | API: /getOneUser | data:{"message":"API Done","value":"49","status":true} | 
Thu Mar 24 2022 15:23:18 GMT+0800 (China Standard Time) | INFO | users-api.log | API: /getOneUser | data:{"message":"API Done","value":"49","status":true} | 
Thu Mar 24 2022 15:23:23 GMT+0800 (China Standard Time) | INFO | users-api.log | API: /editUsers | data:{"message":"API Done","main":{"generatedMaps":[],"raw":{"fieldCount":0,"affectedRows":1,"insertId":0,"serverStatus":2,"warningCount":1,"message":"(Rows matched: 1  Changed: 1  Warnings: 1","protocol41":true,"changedRows":1},"affected":1},"status":true} | 
Thu Mar 24 2022 15:23:30 GMT+0800 (China Standard Time) | INFO | users-api.log | API: /getAllUsers | data:{"message":"API Done","total":69,"status":true} | 
Thu Mar 24 2022 15:23:31 GMT+0800 (China Standard Time) | INFO | users-api.log | API: /getAllUsers | data:{"message":"API Done","total":69,"status":true} | 
Thu Mar 24 2022 15:23:49 GMT+0800 (China Standard Time) | INFO | users-api.log | API: /getOneUser | data:{"message":"API Done","value":"49","status":true} | 
Thu Mar 24 2022 15:26:30 GMT+0800 (China Standard Time) | INFO | users-api.log | API: /editUsers | data:{"message":"API Done","main":{"generatedMaps":[],"raw":{"fieldCount":0,"affectedRows":1,"insertId":0,"serverStatus":2,"warningCount":1,"message":"(Rows matched: 1  Changed: 0  Warnings: 1","protocol41":true,"changedRows":0},"affected":1},"status":true} | 
Thu Mar 24 2022 15:26:37 GMT+0800 (China Standard Time) | INFO | users-api.log | API: /getAllUsers | data:{"message":"API Done","total":69,"status":true} | 
Thu Mar 24 2022 15:26:38 GMT+0800 (China Standard Time) | INFO | users-api.log | API: /getAllUsers | data:{"message":"API Done","total":69,"status":true} | 
Thu Mar 24 2022 15:27:48 GMT+0800 (China Standard Time) | INFO | users-api.log | API: /getOneUser | data:{"message":"API Done","value":"49","status":true} | 
Thu Mar 24 2022 15:27:52 GMT+0800 (China Standard Time) | INFO | users-api.log | API: /editUsers | data:{"message":"API Done","main":{"generatedMaps":[],"raw":{"fieldCount":0,"affectedRows":1,"insertId":0,"serverStatus":2,"warningCount":0,"message":"(Rows matched: 1  Changed: 1  Warnings: 0","protocol41":true,"changedRows":1},"affected":1},"status":true} | 
Thu Mar 24 2022 15:27:58 GMT+0800 (China Standard Time) | INFO | users-api.log | API: /getAllUsers | data:{"message":"API Done","total":69,"status":true} | 
Thu Mar 24 2022 15:27:58 GMT+0800 (China Standard Time) | INFO | users-api.log | API: /getAllUsers | data:{"message":"API Done","total":69,"status":true} | 
Thu Mar 24 2022 15:30:21 GMT+0800 (China Standard Time) | INFO | users-api.log | API: /getOneUser | data:{"message":"API Done","value":"4","status":true} | 
Thu Mar 24 2022 15:30:25 GMT+0800 (China Standard Time) | INFO | users-api.log | API: /editUsers | data:{"message":"API Done","main":{"generatedMaps":[],"raw":{"fieldCount":0,"affectedRows":1,"insertId":0,"serverStatus":2,"warningCount":0,"message":"(Rows matched: 1  Changed: 1  Warnings: 0","protocol41":true,"changedRows":1},"affected":1},"status":true} | 
Thu Mar 24 2022 15:31:25 GMT+0800 (China Standard Time) | INFO | users-api.log | API: /getOneUser | data:{"message":"API Done","value":"4","status":true} | 
Thu Mar 24 2022 15:31:28 GMT+0800 (China Standard Time) | INFO | users-api.log | API: /editUsers | data:{"message":"API Done","main":{"generatedMaps":[],"raw":{"fieldCount":0,"affectedRows":1,"insertId":0,"serverStatus":2,"warningCount":0,"message":"(Rows matched: 1  Changed: 0  Warnings: 0","protocol41":true,"changedRows":0},"affected":1},"status":true} | 
Thu Mar 24 2022 15:31:28 GMT+0800 (China Standard Time) | INFO | users-api.log | API: /getAllUsers | data:{"message":"API Done","total":69,"status":true} | 
Thu Mar 24 2022 15:31:28 GMT+0800 (China Standard Time) | INFO | users-api.log | API: /getAllUsers | data:{"message":"API Done","total":69,"status":true} | 
Thu Mar 24 2022 15:31:32 GMT+0800 (China Standard Time) | INFO | users-api.log | API: /getOneUser | data:{"message":"API Done","value":"4","status":true} | 
Thu Mar 24 2022 15:31:37 GMT+0800 (China Standard Time) | INFO | users-api.log | API: /getOneUser | data:{"message":"API Done","value":"4","status":true} | 
Thu Mar 24 2022 15:31:41 GMT+0800 (China Standard Time) | INFO | users-api.log | API: /editUsers | data:{"message":"API Done","main":{"generatedMaps":[],"raw":{"fieldCount":0,"affectedRows":1,"insertId":0,"serverStatus":2,"warningCount":0,"message":"(Rows matched: 1  Changed: 1  Warnings: 0","protocol41":true,"changedRows":1},"affected":1},"status":true} | 
Thu Mar 24 2022 15:31:45 GMT+0800 (China Standard Time) | INFO | users-api.log | API: /getAllUsers | data:{"message":"API Done","total":69,"status":true} | 
Thu Mar 24 2022 15:31:45 GMT+0800 (China Standard Time) | INFO | users-api.log | API: /getAllUsers | data:{"message":"API Done","total":69,"status":true} | 
Thu Mar 24 2022 15:31:47 GMT+0800 (China Standard Time) | INFO | users-api.log | API: /deleteUsers | data:{"message":"API Done","main":{"generatedMaps":[],"raw":{"fieldCount":0,"affectedRows":1,"insertId":0,"serverStatus":2,"warningCount":0,"message":"(Rows matched: 1  Changed: 1  Warnings: 0","protocol41":true,"changedRows":1},"affected":1},"status":true} | 
Thu Mar 24 2022 15:31:48 GMT+0800 (China Standard Time) | INFO | users-api.log | API: /getAllUsers | data:{"message":"API Done","total":69,"status":true} | 
Thu Mar 24 2022 15:31:50 GMT+0800 (China Standard Time) | INFO | users-api.log | API: /recoverUsers | data:{"message":"API Done","main":{"generatedMaps":[],"raw":{"fieldCount":0,"affectedRows":1,"insertId":0,"serverStatus":2,"warningCount":0,"message":"(Rows matched: 1  Changed: 1  Warnings: 0","protocol41":true,"changedRows":1},"affected":1},"status":true} | 
Thu Mar 24 2022 15:31:51 GMT+0800 (China Standard Time) | INFO | users-api.log | API: /getAllUsers | data:{"message":"API Done","total":69,"status":true} | 
Thu Mar 24 2022 15:31:52 GMT+0800 (China Standard Time) | INFO | users-api.log | API: /getOneUser | data:{"message":"API Done","value":"4","status":true} | 
Thu Mar 24 2022 15:31:55 GMT+0800 (China Standard Time) | INFO | users-api.log | API: /editUsers | data:{"message":"API Done","main":{"generatedMaps":[],"raw":{"fieldCount":0,"affectedRows":1,"insertId":0,"serverStatus":2,"warningCount":0,"message":"(Rows matched: 1  Changed: 0  Warnings: 0","protocol41":true,"changedRows":0},"affected":1},"status":true} | 
Thu Mar 24 2022 15:31:59 GMT+0800 (China Standard Time) | INFO | users-api.log | API: /getAllUsers | data:{"message":"API Done","total":69,"status":true} | 
Thu Mar 24 2022 15:32:00 GMT+0800 (China Standard Time) | INFO | users-api.log | API: /getAllUsers | data:{"message":"API Done","total":69,"status":true} | 
Thu Mar 24 2022 15:32:29 GMT+0800 (China Standard Time) | INFO | users-api.log | API: /getOneUser | data:{"message":"API Done","value":"4","status":true} | 
Thu Mar 24 2022 15:32:34 GMT+0800 (China Standard Time) | INFO | users-api.log | API: /editUsers | data:{"message":"API Done","main":{"generatedMaps":[],"raw":{"fieldCount":0,"affectedRows":1,"insertId":0,"serverStatus":2,"warningCount":0,"message":"(Rows matched: 1  Changed: 0  Warnings: 0","protocol41":true,"changedRows":0},"affected":1},"status":true} | 
Thu Mar 24 2022 15:32:39 GMT+0800 (China Standard Time) | INFO | users-api.log | API: /getAllUsers | data:{"message":"API Done","total":69,"status":true} | 
Thu Mar 24 2022 15:32:39 GMT+0800 (China Standard Time) | INFO | users-api.log | API: /getAllUsers | data:{"message":"API Done","total":69,"status":true} | 
Thu Mar 24 2022 15:35:25 GMT+0800 (China Standard Time) | INFO | users-api.log | API: /getAllUsers | data:{"message":"API Done","total":69,"status":true} | 
Thu Mar 24 2022 15:35:25 GMT+0800 (China Standard Time) | INFO | users-api.log | API: /getAllUsers | data:{"message":"API Done","total":69,"status":true} | 
Thu Mar 24 2022 15:35:27 GMT+0800 (China Standard Time) | INFO | users-api.log | API: /getOneUser | data:{"message":"API Done","value":"4","status":true} | 
Thu Mar 24 2022 15:35:30 GMT+0800 (China Standard Time) | INFO | users-api.log | API: /editUsers | data:{"message":"API Done","main":{"generatedMaps":[],"raw":{"fieldCount":0,"affectedRows":1,"insertId":0,"serverStatus":2,"warningCount":0,"message":"(Rows matched: 1  Changed: 0  Warnings: 0","protocol41":true,"changedRows":0},"affected":1},"status":true} | 
Thu Mar 24 2022 15:35:34 GMT+0800 (China Standard Time) | INFO | users-api.log | API: /getAllUsers | data:{"message":"API Done","total":69,"status":true} | 
Thu Mar 24 2022 15:35:34 GMT+0800 (China Standard Time) | INFO | users-api.log | API: /getAllUsers | data:{"message":"API Done","total":69,"status":true} | 
Thu Mar 24 2022 15:43:55 GMT+0800 (China Standard Time) | INFO | users-api.log | API: /getAllAdmins | data:{"message":"API Done","total":9,"status":true} | 
Thu Mar 24 2022 15:44:44 GMT+0800 (China Standard Time) | INFO | users-api.log | API: /getOneUser | data:{"message":"API Done","value":"2","status":true} | 
Thu Mar 24 2022 15:44:50 GMT+0800 (China Standard Time) | INFO | users-api.log | API: /editUsers | data:{"message":"API Done","main":{"generatedMaps":[],"raw":{"fieldCount":0,"affectedRows":1,"insertId":0,"serverStatus":2,"warningCount":0,"message":"(Rows matched: 1  Changed: 1  Warnings: 0","protocol41":true,"changedRows":1},"affected":1},"status":true} | 
Thu Mar 24 2022 15:44:54 GMT+0800 (China Standard Time) | INFO | users-api.log | API: /getAllAdmins | data:{"message":"API Done","total":9,"status":true} | 
Thu Mar 24 2022 15:44:58 GMT+0800 (China Standard Time) | INFO | users-api.log | API: /recoverUsers | data:{"message":"API Done","main":{"generatedMaps":[],"raw":{"fieldCount":0,"affectedRows":1,"insertId":0,"serverStatus":2,"warningCount":0,"message":"(Rows matched: 1  Changed: 1  Warnings: 0","protocol41":true,"changedRows":1},"affected":1},"status":true} | 
Thu Mar 24 2022 15:44:58 GMT+0800 (China Standard Time) | INFO | users-api.log | API: /getAllAdmins | data:{"message":"API Done","total":9,"status":true} | 
Thu Mar 24 2022 15:49:17 GMT+0800 (China Standard Time) | INFO | users-api.log | API: /getOneUser | data:{"message":"API Done","value":"42","status":true} | 
Thu Mar 24 2022 15:49:30 GMT+0800 (China Standard Time) | ERROR | users-api.log | API: /editUsers | data:{"message":"API Error: Redundant on Employee ID/Email 201545 derricktan@greatech-group.com.","value":{"section":"Software","employeeID":"201545","fullname":"Derrick","name":"DT","email":"derricktan@greatech-group.com","status":"Show"},"status":false} | 
Thu Mar 24 2022 15:49:52 GMT+0800 (China Standard Time) | ERROR | users-api.log | API: /editUsers | data:{"message":"API Error: Redundant on Employee ID/Email 201545 derricktan@greatech-group.com.","value":{"section":"Software","employeeID":"201545","fullname":"Derrick","name":"DT","email":"derricktan@greatech-group.com","status":"Show"},"status":false} | 
Thu Mar 24 2022 15:50:20 GMT+0800 (China Standard Time) | INFO | users-api.log | API: /getAllAdmins | data:{"message":"API Done","total":9,"status":true} | 
Thu Mar 24 2022 15:50:25 GMT+0800 (China Standard Time) | INFO | users-api.log | API: /getOneUser | data:{"message":"API Done","value":"42","status":true} | 
Thu Mar 24 2022 15:50:29 GMT+0800 (China Standard Time) | ERROR | users-api.log | API: /editUsers | data:{"message":"API Error: Redundant on Employee ID/Email 201545 derricktan@greatech-group.com.","value":{"section":"Software","employeeID":"201545","fullname":"Derrick","name":"DT","email":"derricktan@greatech-group.com","status":"Show"},"status":false} | 
Thu Mar 24 2022 15:50:34 GMT+0800 (China Standard Time) | ERROR | users-api.log | API: /editUsers | data:{"message":"API Error: Redundant on Employee ID/Email 201545 derricktan@greatech-group.com.","value":{"section":"Mechanical","employeeID":"201545","fullname":"Derrick","name":"DT","email":"derricktan@greatech-group.com","status":"Show"},"status":false} | 
Thu Mar 24 2022 15:51:04 GMT+0800 (China Standard Time) | ERROR | users-api.log | API: /editUsers | data:{"message":"API Error: Redundant on Employee ID/Email 201545 derricktan@greatech-group.com.","value":{"section":"Mechanical","employeeID":"201545","fullname":"Derrick","name":"DT","email":"derricktan@greatech-group.com","status":"Show"},"status":false} | 
Thu Mar 24 2022 15:52:33 GMT+0800 (China Standard Time) | ERROR | users-api.log | API: /editUsers | data:{"message":"API Error: Redundant on Employee ID/Email 201545 derricktan@greatech-group.com.","value":{"section":"Mechanical","employeeID":"201545","fullname":"Derrick","name":"DT","email":"derricktan@greatech-group.com","status":"Show"},"status":false} | 
Thu Mar 24 2022 15:52:38 GMT+0800 (China Standard Time) | INFO | users-api.log | API: /getAllAdmins | data:{"message":"API Done","total":8,"status":true} | 
Thu Mar 24 2022 15:52:47 GMT+0800 (China Standard Time) | INFO | users-api.log | API: /getAllDevelopers | data:{"message":"API Done","total":2,"status":true} | 
Thu Mar 24 2022 15:52:50 GMT+0800 (China Standard Time) | ERROR | users-api.log | API: /getOneUser | data:{"message":"API Error: TypeError: Cannot read property 'length' of undefined","status":false} | 
Thu Mar 24 2022 15:54:06 GMT+0800 (China Standard Time) | ERROR | users-api.log | API: /getOneUser | data:{"message":"API Error: TypeError: Cannot read property 'length' of undefined","status":false} | 
Thu Mar 24 2022 16:00:07 GMT+0800 (China Standard Time) | INFO | users-api.log | API: /getAllSuperAdmins | data:{"message":"API Done","total":2,"status":true} | 
Thu Mar 24 2022 16:00:07 GMT+0800 (China Standard Time) | INFO | users-api.log | API: /getAllSuperAdmins | data:{"message":"API Done","total":2,"status":true} | 
Thu Mar 24 2022 16:01:05 GMT+0800 (China Standard Time) | INFO | users-api.log | API: /getAllSuperAdmins | data:{"message":"API Done","total":2,"status":true} | 
Thu Mar 24 2022 16:01:05 GMT+0800 (China Standard Time) | INFO | users-api.log | API: /getAllSuperAdmins | data:{"message":"API Done","total":2,"status":true} | 
Thu Mar 24 2022 16:01:30 GMT+0800 (China Standard Time) | INFO | users-api.log | API: /getAllSuperAdmins | data:{"message":"API Done","total":2,"status":true} | 
Thu Mar 24 2022 16:01:30 GMT+0800 (China Standard Time) | INFO | users-api.log | API: /getAllSuperAdmins | data:{"message":"API Done","total":2,"status":true} | 
Thu Mar 24 2022 16:01:40 GMT+0800 (China Standard Time) | INFO | users-api.log | API: /getAllSuperAdmins | data:{"message":"API Done","total":2,"status":true} | 
Thu Mar 24 2022 16:01:40 GMT+0800 (China Standard Time) | INFO | users-api.log | API: /getAllSuperAdmins | data:{"message":"API Done","total":2,"status":true} | 
Thu Mar 24 2022 16:06:46 GMT+0800 (China Standard Time) | INFO | users-api.log | API: /getAllSuperAdmins | data:{"message":"API Done","total":2,"status":true} | 
Thu Mar 24 2022 16:06:46 GMT+0800 (China Standard Time) | INFO | users-api.log | API: /getAllSuperAdmins | data:{"message":"API Done","total":2,"status":true} | 
Thu Mar 24 2022 16:06:48 GMT+0800 (China Standard Time) | ERROR | users-api.log | API: /getOneUser | data:{"message":"API Error: TypeError: Cannot read property 'length' of undefined","status":false} | 
Thu Mar 24 2022 16:07:07 GMT+0800 (China Standard Time) | ERROR | users-api.log | API: /getOneUser | data:{"message":"API Error: TypeError: Cannot read property 'length' of undefined","status":false} | 
Thu Mar 24 2022 16:07:09 GMT+0800 (China Standard Time) | ERROR | users-api.log | API: /getOneUser | data:{"message":"API Error: TypeError: Cannot read property 'length' of undefined","status":false} | 
Thu Mar 24 2022 16:07:09 GMT+0800 (China Standard Time) | ERROR | users-api.log | API: /getOneUser | data:{"message":"API Error: TypeError: Cannot read property 'length' of undefined","status":false} | 
Thu Mar 24 2022 16:07:38 GMT+0800 (China Standard Time) | INFO | users-api.log | API: /getAllSuperAdmins | data:{"message":"API Done","total":2,"status":true} | 
Thu Mar 24 2022 16:07:38 GMT+0800 (China Standard Time) | INFO | users-api.log | API: /getAllSuperAdmins | data:{"message":"API Done","total":2,"status":true} | 
Thu Mar 24 2022 16:07:39 GMT+0800 (China Standard Time) | INFO | users-api.log | API: /getOneUser | data:{"message":"API Done","total":1,"status":true} | 
Thu Mar 24 2022 16:08:17 GMT+0800 (China Standard Time) | INFO | users-api.log | API: /getOneUser | data:{"message":"API Done","total":1,"status":true} | 
Thu Mar 24 2022 16:08:53 GMT+0800 (China Standard Time) | INFO | users-api.log | API: /getOneUser | data:{"message":"API Done","total":1,"status":true} | 
Thu Mar 24 2022 16:09:12 GMT+0800 (China Standard Time) | INFO | users-api.log | API: /getOneUser | data:{"message":"API Done","total":1,"status":true} | 
Thu Mar 24 2022 16:09:45 GMT+0800 (China Standard Time) | INFO | users-api.log | API: /getOneUser | data:{"message":"API Done","total":1,"value":"35","status":true} | 
Thu Mar 24 2022 16:11:08 GMT+0800 (China Standard Time) | INFO | users-api.log | API: /editUsers | data:{"message":"API Done","main":{"generatedMaps":[],"raw":{"fieldCount":0,"affectedRows":1,"insertId":0,"serverStatus":2,"warningCount":0,"message":"(Rows matched: 1  Changed: 0  Warnings: 0","protocol41":true,"changedRows":0},"affected":1},"status":true} | 
Thu Mar 24 2022 16:11:12 GMT+0800 (China Standard Time) | INFO | users-api.log | API: /getAllSuperAdmins | data:{"message":"API Done","total":2,"status":true} | 
Thu Mar 24 2022 16:11:13 GMT+0800 (China Standard Time) | INFO | users-api.log | API: /getAllSuperAdmins | data:{"message":"API Done","total":2,"status":true} | 
Thu Mar 24 2022 16:11:18 GMT+0800 (China Standard Time) | INFO | users-api.log | API: /getOneUser | data:{"message":"API Done","total":1,"value":"35","status":true} | 
Thu Mar 24 2022 16:11:20 GMT+0800 (China Standard Time) | INFO | users-api.log | API: /editUsers | data:{"message":"API Done","main":{"generatedMaps":[],"raw":{"fieldCount":0,"affectedRows":1,"insertId":0,"serverStatus":2,"warningCount":0,"message":"(Rows matched: 1  Changed: 1  Warnings: 0","protocol41":true,"changedRows":1},"affected":1},"status":true} | 
Thu Mar 24 2022 16:11:24 GMT+0800 (China Standard Time) | INFO | users-api.log | API: /getAllSuperAdmins | data:{"message":"API Done","total":2,"status":true} | 
Thu Mar 24 2022 16:11:24 GMT+0800 (China Standard Time) | INFO | users-api.log | API: /getAllSuperAdmins | data:{"message":"API Done","total":2,"status":true} | 
Thu Mar 24 2022 16:11:36 GMT+0800 (China Standard Time) | INFO | users-api.log | API: /recoverUsers | data:{"message":"API Done","main":{"generatedMaps":[],"raw":{"fieldCount":0,"affectedRows":1,"insertId":0,"serverStatus":2,"warningCount":0,"message":"(Rows matched: 1  Changed: 1  Warnings: 0","protocol41":true,"changedRows":1},"affected":1},"status":true} | 
Thu Mar 24 2022 16:11:37 GMT+0800 (China Standard Time) | INFO | users-api.log | API: /getAllSuperAdmins | data:{"message":"API Done","total":2,"status":true} | 
Thu Mar 24 2022 16:33:52 GMT+0800 (China Standard Time) | INFO | users-api.log | API: /getAllAdmins | data:{"message":"API Done","total":8,"status":true} | 
Thu Mar 24 2022 16:33:53 GMT+0800 (China Standard Time) | INFO | users-api.log | API: /getOneUser | data:{"message":"API Done","total":1,"value":"2","status":true} | 
Thu Mar 24 2022 16:38:22 GMT+0800 (China Standard Time) | INFO | users-api.log | API: /getAllAdmins | data:{"message":"API Done","total":8,"status":true} | 
Thu Mar 24 2022 16:43:26 GMT+0800 (China Standard Time) | INFO | users-api.log | API: /getAllViewers | data:{"message":"API Done","total":155,"status":true} | 
Thu Mar 24 2022 16:46:25 GMT+0800 (China Standard Time) | INFO | users-api.log | API: /getOneUser | data:{"message":"API Done","total":1,"value":"16","status":true} | 
Thu Mar 24 2022 16:46:31 GMT+0800 (China Standard Time) | INFO | users-api.log | API: /editUsers | data:{"message":"API Done","main":{"generatedMaps":[],"raw":{"fieldCount":0,"affectedRows":1,"insertId":0,"serverStatus":2,"warningCount":0,"message":"(Rows matched: 1  Changed: 1  Warnings: 0","protocol41":true,"changedRows":1},"affected":1},"status":true} | 
Thu Mar 24 2022 16:46:35 GMT+0800 (China Standard Time) | INFO | users-api.log | API: /getAllViewers | data:{"message":"API Done","total":155,"status":true} | 
Thu Mar 24 2022 16:46:42 GMT+0800 (China Standard Time) | INFO | users-api.log | API: /recoverUsers | data:{"message":"API Done","main":{"generatedMaps":[],"raw":{"fieldCount":0,"affectedRows":1,"insertId":0,"serverStatus":2,"warningCount":0,"message":"(Rows matched: 1  Changed: 1  Warnings: 0","protocol41":true,"changedRows":1},"affected":1},"status":true} | 
Thu Mar 24 2022 16:46:42 GMT+0800 (China Standard Time) | INFO | users-api.log | API: /getAllViewers | data:{"message":"API Done","total":155,"status":true} | 
Fri Mar 25 2022 08:57:30 GMT+0800 (China Standard Time) | INFO | users-api.log | API: /getOneUser | data:{"message":"API Done","total":1,"value":"16","status":true} | 
Fri Mar 25 2022 08:57:31 GMT+0800 (China Standard Time) | INFO | users-api.log | API: /getAllViewers | data:{"message":"API Done","total":155,"status":true} | 
Fri Mar 25 2022 08:57:34 GMT+0800 (China Standard Time) | INFO | users-api.log | API: /getAllDevelopers | data:{"message":"API Done","total":2,"status":true} | 
Fri Mar 25 2022 08:57:36 GMT+0800 (China Standard Time) | INFO | users-api.log | API: /getOneUser | data:{"message":"API Done","total":1,"status":true} | 
Fri Mar 25 2022 08:59:45 GMT+0800 (China Standard Time) | INFO | users-api.log | API: /getOneUser | data:{"message":"API Done","total":1,"status":true} | 
Fri Mar 25 2022 09:01:24 GMT+0800 (China Standard Time) | INFO | users-api.log | API: /getOneUser | data:{"message":"API Done","total":1,"status":true} | 
Fri Mar 25 2022 09:01:30 GMT+0800 (China Standard Time) | INFO | users-api.log | API: /getOneUser | data:{"message":"API Done","total":1,"status":true} | 
Fri Mar 25 2022 09:02:31 GMT+0800 (China Standard Time) | INFO | users-api.log | API: /getOneUser | data:{"message":"API Done","total":1,"value":"1","status":true} | 
Fri Mar 25 2022 09:02:38 GMT+0800 (China Standard Time) | INFO | users-api.log | API: /editUsers | data:{"message":"API Done","main":{"generatedMaps":[],"raw":{"fieldCount":0,"affectedRows":1,"insertId":0,"serverStatus":2,"warningCount":0,"message":"(Rows matched: 1  Changed: 1  Warnings: 0","protocol41":true,"changedRows":1},"affected":1},"status":true} | 
Fri Mar 25 2022 09:02:42 GMT+0800 (China Standard Time) | INFO | users-api.log | API: /getAllDevelopers | data:{"message":"API Done","total":2,"status":true} | 
Fri Mar 25 2022 09:02:46 GMT+0800 (China Standard Time) | INFO | users-api.log | API: /getOneUser | data:{"message":"API Done","total":1,"value":"18","status":true} | 
Fri Mar 25 2022 09:02:49 GMT+0800 (China Standard Time) | INFO | users-api.log | API: /editUsers | data:{"message":"API Done","main":{"generatedMaps":[],"raw":{"fieldCount":0,"affectedRows":1,"insertId":0,"serverStatus":2,"warningCount":0,"message":"(Rows matched: 1  Changed: 1  Warnings: 0","protocol41":true,"changedRows":1},"affected":1},"status":true} | 
Fri Mar 25 2022 09:02:53 GMT+0800 (China Standard Time) | INFO | users-api.log | API: /getAllDevelopers | data:{"message":"API Done","total":2,"status":true} | 
Fri Mar 25 2022 09:04:57 GMT+0800 (China Standard Time) | INFO | users-api.log | API: /getAllViewers | data:{"message":"API Done","total":155,"status":true} | 
Fri Mar 25 2022 09:05:00 GMT+0800 (China Standard Time) | INFO | users-api.log | API: /getOneUser | data:{"message":"API Done","total":1,"value":"16","status":true} | 
Fri Mar 25 2022 09:05:00 GMT+0800 (China Standard Time) | INFO | users-api.log | API: /getOneUser | data:{"message":"API Done","total":1,"value":"16","status":true} | 
Fri Mar 25 2022 09:05:08 GMT+0800 (China Standard Time) | INFO | users-api.log | API: /getOneUser | data:{"message":"API Done","total":1,"value":"16","status":true} | 
Fri Mar 25 2022 09:05:09 GMT+0800 (China Standard Time) | INFO | users-api.log | API: /getOneUser | data:{"message":"API Done","total":1,"value":"16","status":true} | 
Fri Mar 25 2022 09:05:23 GMT+0800 (China Standard Time) | INFO | users-api.log | API: /getOneUser | data:{"message":"API Done","total":1,"value":"16","status":true} | 
Fri Mar 25 2022 09:05:47 GMT+0800 (China Standard Time) | INFO | users-api.log | API: /getOneUser | data:{"message":"API Done","total":1,"value":"16","status":true} | 
Fri Mar 25 2022 09:06:16 GMT+0800 (China Standard Time) | INFO | users-api.log | API: /getOneUser | data:{"message":"API Done","total":1,"value":"16","status":true} | 
Fri Mar 25 2022 09:06:16 GMT+0800 (China Standard Time) | INFO | users-api.log | API: /getOneUser | data:{"message":"API Done","total":1,"value":"16","status":true} | 
Fri Mar 25 2022 09:06:16 GMT+0800 (China Standard Time) | INFO | users-api.log | API: /getOneUser | data:{"message":"API Done","total":1,"value":"16","status":true} | 
Fri Mar 25 2022 09:06:16 GMT+0800 (China Standard Time) | INFO | users-api.log | API: /getOneUser | data:{"message":"API Done","total":1,"value":"16","status":true} | 
Fri Mar 25 2022 09:06:16 GMT+0800 (China Standard Time) | INFO | users-api.log | API: /getOneUser | data:{"message":"API Done","total":1,"value":"16","status":true} | 
Fri Mar 25 2022 09:06:16 GMT+0800 (China Standard Time) | INFO | users-api.log | API: /getOneUser | data:{"message":"API Done","total":1,"value":"16","status":true} | 
Fri Mar 25 2022 09:06:16 GMT+0800 (China Standard Time) | INFO | users-api.log | API: /getOneUser | data:{"message":"API Done","total":1,"value":"16","status":true} | 
Fri Mar 25 2022 09:06:16 GMT+0800 (China Standard Time) | INFO | users-api.log | API: /getOneUser | data:{"message":"API Done","total":1,"value":"16","status":true} | 
Fri Mar 25 2022 09:06:16 GMT+0800 (China Standard Time) | INFO | users-api.log | API: /getOneUser | data:{"message":"API Done","total":1,"value":"16","status":true} | 
Fri Mar 25 2022 09:06:16 GMT+0800 (China Standard Time) | INFO | users-api.log | API: /getOneUser | data:{"message":"API Done","total":1,"value":"16","status":true} | 
Fri Mar 25 2022 09:06:16 GMT+0800 (China Standard Time) | INFO | users-api.log | API: /getOneUser | data:{"message":"API Done","total":1,"value":"16","status":true} | 
Fri Mar 25 2022 09:06:16 GMT+0800 (China Standard Time) | INFO | users-api.log | API: /getOneUser | data:{"message":"API Done","total":1,"value":"16","status":true} | 
Fri Mar 25 2022 09:06:16 GMT+0800 (China Standard Time) | INFO | users-api.log | API: /getOneUser | data:{"message":"API Done","total":1,"value":"16","status":true} | 
Fri Mar 25 2022 09:06:16 GMT+0800 (China Standard Time) | INFO | users-api.log | API: /getOneUser | data:{"message":"API Done","total":1,"value":"16","status":true} | 
Fri Mar 25 2022 09:06:16 GMT+0800 (China Standard Time) | INFO | users-api.log | API: /getOneUser | data:{"message":"API Done","total":1,"value":"16","status":true} | 
Fri Mar 25 2022 09:06:16 GMT+0800 (China Standard Time) | INFO | users-api.log | API: /getOneUser | data:{"message":"API Done","total":1,"value":"16","status":true} | 
Fri Mar 25 2022 09:06:16 GMT+0800 (China Standard Time) | INFO | users-api.log | API: /getOneUser | data:{"message":"API Done","total":1,"value":"16","status":true} | 
Fri Mar 25 2022 09:06:16 GMT+0800 (China Standard Time) | INFO | users-api.log | API: /getOneUser | data:{"message":"API Done","total":1,"value":"16","status":true} | 
Fri Mar 25 2022 09:06:17 GMT+0800 (China Standard Time) | INFO | users-api.log | API: /getOneUser | data:{"message":"API Done","total":1,"value":"16","status":true} | 
Fri Mar 25 2022 09:06:19 GMT+0800 (China Standard Time) | INFO | users-api.log | API: /getOneUser | data:{"message":"API Done","total":1,"value":"16","status":true} | 
Fri Mar 25 2022 09:06:19 GMT+0800 (China Standard Time) | INFO | users-api.log | API: /getOneUser | data:{"message":"API Done","total":1,"value":"16","status":true} | 
Fri Mar 25 2022 09:06:20 GMT+0800 (China Standard Time) | INFO | users-api.log | API: /getOneUser | data:{"message":"API Done","total":1,"value":"16","status":true} | 
Fri Mar 25 2022 09:06:20 GMT+0800 (China Standard Time) | INFO | users-api.log | API: /getOneUser | data:{"message":"API Done","total":1,"value":"16","status":true} | 
Fri Mar 25 2022 09:06:21 GMT+0800 (China Standard Time) | INFO | users-api.log | API: /getOneUser | data:{"message":"API Done","total":1,"value":"16","status":true} | 
Fri Mar 25 2022 09:06:21 GMT+0800 (China Standard Time) | INFO | users-api.log | API: /getOneUser | data:{"message":"API Done","total":1,"value":"16","status":true} | 
Fri Mar 25 2022 09:06:21 GMT+0800 (China Standard Time) | INFO | users-api.log | API: /getOneUser | data:{"message":"API Done","total":1,"value":"16","status":true} | 
Fri Mar 25 2022 09:06:21 GMT+0800 (China Standard Time) | INFO | users-api.log | API: /getOneUser | data:{"message":"API Done","total":1,"value":"16","status":true} | 
Fri Mar 25 2022 09:06:21 GMT+0800 (China Standard Time) | INFO | users-api.log | API: /getOneUser | data:{"message":"API Done","total":1,"value":"16","status":true} | 
Fri Mar 25 2022 09:06:21 GMT+0800 (China Standard Time) | INFO | users-api.log | API: /getOneUser | data:{"message":"API Done","total":1,"value":"16","status":true} | 
Fri Mar 25 2022 09:06:21 GMT+0800 (China Standard Time) | INFO | users-api.log | API: /getOneUser | data:{"message":"API Done","total":1,"value":"16","status":true} | 
Fri Mar 25 2022 09:06:21 GMT+0800 (China Standard Time) | INFO | users-api.log | API: /getOneUser | data:{"message":"API Done","total":1,"value":"16","status":true} | 
Fri Mar 25 2022 09:06:21 GMT+0800 (China Standard Time) | INFO | users-api.log | API: /getOneUser | data:{"message":"API Done","total":1,"value":"16","status":true} | 
Fri Mar 25 2022 09:06:21 GMT+0800 (China Standard Time) | INFO | users-api.log | API: /getOneUser | data:{"message":"API Done","total":1,"value":"16","status":true} | 
Fri Mar 25 2022 09:06:21 GMT+0800 (China Standard Time) | INFO | users-api.log | API: /getOneUser | data:{"message":"API Done","total":1,"value":"16","status":true} | 
Fri Mar 25 2022 09:06:21 GMT+0800 (China Standard Time) | INFO | users-api.log | API: /getOneUser | data:{"message":"API Done","total":1,"value":"16","status":true} | 
Fri Mar 25 2022 09:06:21 GMT+0800 (China Standard Time) | INFO | users-api.log | API: /getOneUser | data:{"message":"API Done","total":1,"value":"16","status":true} | 
Fri Mar 25 2022 09:06:21 GMT+0800 (China Standard Time) | INFO | users-api.log | API: /getOneUser | data:{"message":"API Done","total":1,"value":"16","status":true} | 
Fri Mar 25 2022 09:06:21 GMT+0800 (China Standard Time) | INFO | users-api.log | API: /getOneUser | data:{"message":"API Done","total":1,"value":"16","status":true} | 
Fri Mar 25 2022 09:06:21 GMT+0800 (China Standard Time) | INFO | users-api.log | API: /getOneUser | data:{"message":"API Done","total":1,"value":"16","status":true} | 
Fri Mar 25 2022 09:06:21 GMT+0800 (China Standard Time) | INFO | users-api.log | API: /getOneUser | data:{"message":"API Done","total":1,"value":"16","status":true} | 
Fri Mar 25 2022 09:06:21 GMT+0800 (China Standard Time) | INFO | users-api.log | API: /getOneUser | data:{"message":"API Done","total":1,"value":"16","status":true} | 
Fri Mar 25 2022 09:06:21 GMT+0800 (China Standard Time) | INFO | users-api.log | API: /getOneUser | data:{"message":"API Done","total":1,"value":"16","status":true} | 
Fri Mar 25 2022 09:06:21 GMT+0800 (China Standard Time) | INFO | users-api.log | API: /getOneUser | data:{"message":"API Done","total":1,"value":"16","status":true} | 
Fri Mar 25 2022 09:06:21 GMT+0800 (China Standard Time) | INFO | users-api.log | API: /getOneUser | data:{"message":"API Done","total":1,"value":"16","status":true} | 
Fri Mar 25 2022 09:06:21 GMT+0800 (China Standard Time) | INFO | users-api.log | API: /getOneUser | data:{"message":"API Done","total":1,"value":"16","status":true} | 
Fri Mar 25 2022 09:06:22 GMT+0800 (China Standard Time) | INFO | users-api.log | API: /getOneUser | data:{"message":"API Done","total":1,"value":"16","status":true} | 
Fri Mar 25 2022 09:06:22 GMT+0800 (China Standard Time) | INFO | users-api.log | API: /getOneUser | data:{"message":"API Done","total":1,"value":"16","status":true} | 
Fri Mar 25 2022 09:06:22 GMT+0800 (China Standard Time) | INFO | users-api.log | API: /getOneUser | data:{"message":"API Done","total":1,"value":"16","status":true} | 
Fri Mar 25 2022 09:06:24 GMT+0800 (China Standard Time) | INFO | users-api.log | API: /getOneUser | data:{"message":"API Done","total":1,"value":"16","status":true} | 
Fri Mar 25 2022 09:06:25 GMT+0800 (China Standard Time) | INFO | users-api.log | API: /getOneUser | data:{"message":"API Done","total":1,"value":"16","status":true} | 
Fri Mar 25 2022 09:06:26 GMT+0800 (China Standard Time) | INFO | users-api.log | API: /getOneUser | data:{"message":"API Done","total":1,"value":"16","status":true} | 
Wed Mar 30 2022 20:16:27 GMT+0800 (Malaysia Time) | INFO | users-api.log | API: /loginUser | data:{"message":"API Done","main":"yqteow@greatech-group.com","status":true} | 
Wed Mar 30 2022 20:22:00 GMT+0800 (Malaysia Time) | INFO | users-api.log | API: /loginUser | data:{"message":"API Done","main":"yqteow@greatech-group.com","status":true} | 
Wed Mar 30 2022 20:22:15 GMT+0800 (Malaysia Time) | INFO | users-api.log | API: /loginUser | data:{"message":"API Done","main":"yqteow@greatech-group.com","status":true} | 
Wed Mar 30 2022 20:41:12 GMT+0800 (Malaysia Time) | INFO | users-api.log | API: /loginUser | data:{"message":"API Done","main":"yqteow@greatech-group.com","status":true} | 
Wed Mar 30 2022 21:56:22 GMT+0800 (Malaysia Time) | INFO | users-api.log | API: /getUserAdminSuperAdmin | data:{"message":"API Done","total":82,"status":true} | 
Wed Mar 30 2022 22:07:33 GMT+0800 (Malaysia Time) | INFO | users-api.log | API: /getUserAdminSuperAdmin | data:{"message":"API Done","total":82,"status":true} | 
Wed Mar 30 2022 22:08:42 GMT+0800 (Malaysia Time) | INFO | users-api.log | API: /getUserAdminSuperAdmin | data:{"message":"API Done","total":82,"status":true} | 
Wed Mar 30 2022 22:10:31 GMT+0800 (Malaysia Time) | INFO | users-api.log | API: /getUserAdminSuperAdmin | data:{"message":"API Done","total":82,"status":true} | 
Wed Mar 30 2022 22:10:48 GMT+0800 (Malaysia Time) | INFO | users-api.log | API: /getUserAdminSuperAdmin | data:{"message":"API Done","total":82,"status":true} | 
Wed Mar 30 2022 22:15:12 GMT+0800 (Malaysia Time) | INFO | users-api.log | API: /getUserAdminSuperAdmin | data:{"message":"API Done","total":82,"status":true} | 
Wed Mar 30 2022 22:15:21 GMT+0800 (Malaysia Time) | INFO | users-api.log | API: /getUserAdminSuperAdmin | data:{"message":"API Done","total":82,"status":true} | 
Wed Mar 30 2022 22:16:26 GMT+0800 (Malaysia Time) | INFO | users-api.log | API: /getUserAdminSuperAdmin | data:{"message":"API Done","total":82,"status":true} | 
Wed Mar 30 2022 22:16:30 GMT+0800 (Malaysia Time) | INFO | users-api.log | API: /getUserAdminSuperAdmin | data:{"message":"API Done","total":82,"status":true} | 
Wed Mar 30 2022 22:17:06 GMT+0800 (Malaysia Time) | INFO | users-api.log | API: /getUserAdminSuperAdmin | data:{"message":"API Done","total":82,"status":true} | 
Wed Mar 30 2022 22:17:22 GMT+0800 (Malaysia Time) | INFO | users-api.log | API: /getUserAdminSuperAdmin | data:{"message":"API Done","total":82,"status":true} | 
Wed Mar 30 2022 22:17:43 GMT+0800 (Malaysia Time) | INFO | users-api.log | API: /getUserAdminSuperAdmin | data:{"message":"API Done","total":82,"status":true} | 
Wed Mar 30 2022 22:20:37 GMT+0800 (Malaysia Time) | INFO | users-api.log | API: /getUserAdminSuperAdmin | data:{"message":"API Done","total":82,"status":true} | 
Wed Mar 30 2022 22:20:42 GMT+0800 (Malaysia Time) | INFO | users-api.log | API: /getUserAdminSuperAdmin | data:{"message":"API Done","total":82,"status":true} | 
Wed Mar 30 2022 22:29:15 GMT+0800 (Malaysia Time) | INFO | users-api.log | API: /getUserAdminSuperAdmin | data:{"message":"API Done","total":84,"status":true} | 
Wed Mar 30 2022 22:29:41 GMT+0800 (Malaysia Time) | INFO | users-api.log | API: /getUserAdminSuperAdmin | data:{"message":"API Done","total":84,"status":true} | 
Thu Mar 31 2022 08:40:24 GMT+0800 (Malaysia Time) | INFO | users-api.log | API: /getUserAdminSuperAdmin | data:{"message":"API Done","total":84,"status":true} | 
Thu Mar 31 2022 08:40:41 GMT+0800 (Malaysia Time) | INFO | users-api.log | API: /getUserAdminSuperAdmin | data:{"message":"API Done","total":84,"status":true} | 
Thu Mar 31 2022 08:40:58 GMT+0800 (Malaysia Time) | INFO | users-api.log | API: /getUserAdminSuperAdmin | data:{"message":"API Done","total":84,"status":true} | 
Thu Mar 31 2022 08:46:14 GMT+0800 (Malaysia Time) | INFO | users-api.log | API: /getUserAdminSuperAdmin | data:{"message":"API Done","total":84,"status":true} | 
Thu Mar 31 2022 08:49:10 GMT+0800 (Malaysia Time) | INFO | users-api.log | API: /loginUser | data:{"message":"API Done","main":"yqteow@greatech-group.com","status":true} | 
Thu Mar 31 2022 08:49:34 GMT+0800 (Malaysia Time) | INFO | users-api.log | API: /getUserAdminSuperAdmin | data:{"message":"API Done","total":84,"status":true} | 
Thu Mar 31 2022 08:54:45 GMT+0800 (Malaysia Time) | INFO | users-api.log | API: /getAllDevelopers | data:{"message":"API Done","total":2,"status":true} | 
Thu Mar 31 2022 08:54:57 GMT+0800 (Malaysia Time) | INFO | users-api.log | API: /getAllViewers | data:{"message":"API Done","total":155,"status":true} | 
Thu Mar 31 2022 08:55:06 GMT+0800 (Malaysia Time) | INFO | users-api.log | API: /getAllUsers | data:{"message":"API Done","total":69,"status":true} | 
Thu Mar 31 2022 08:55:06 GMT+0800 (Malaysia Time) | INFO | users-api.log | API: /getAllUsers | data:{"message":"API Done","total":69,"status":true} | 
Thu Mar 31 2022 08:55:11 GMT+0800 (Malaysia Time) | INFO | users-api.log | API: /getAllAdmins | data:{"message":"API Done","total":8,"status":true} | 
Thu Mar 31 2022 08:55:19 GMT+0800 (Malaysia Time) | INFO | users-api.log | API: /getAllSuperAdmins | data:{"message":"API Done","total":2,"status":true} | 
Thu Mar 31 2022 08:55:20 GMT+0800 (Malaysia Time) | INFO | users-api.log | API: /getAllSuperAdmins | data:{"message":"API Done","total":2,"status":true} | 
Thu Mar 31 2022 08:55:28 GMT+0800 (Malaysia Time) | INFO | users-api.log | API: /getUserAdminSuperAdmin | data:{"message":"API Done","total":84,"status":true} | 
Thu Mar 31 2022 08:57:44 GMT+0800 (Malaysia Time) | INFO | users-api.log | API: /loginUser | data:{"message":"API Done","main":"yqteow@greatech-group.com","status":true} | 
Thu Mar 31 2022 08:58:09 GMT+0800 (Malaysia Time) | INFO | users-api.log | API: /getUserAdminSuperAdmin | data:{"message":"API Done","total":84,"status":true} | 
Thu Mar 31 2022 08:58:24 GMT+0800 (Malaysia Time) | INFO | users-api.log | API: /getUserAdminSuperAdmin | data:{"message":"API Done","total":84,"status":true} | 
Thu Mar 31 2022 09:01:36 GMT+0800 (Malaysia Time) | INFO | users-api.log | API: /getUserAdminSuperAdmin | data:{"message":"API Done","total":84,"status":true} | 
Thu Mar 31 2022 09:01:39 GMT+0800 (Malaysia Time) | INFO | users-api.log | API: /getUserAdminSuperAdmin | data:{"message":"API Done","total":84,"status":true} | 
Thu Mar 31 2022 09:06:22 GMT+0800 (Malaysia Time) | INFO | users-api.log | API: /loginUser | data:{"message":"API Done","main":"yqteow@greatech-group.com","status":true} | 
Thu Mar 31 2022 09:10:28 GMT+0800 (Malaysia Time) | INFO | users-api.log | API: /loginUser | data:{"message":"API Done","main":"yqteow@greatech-group.com","status":true} | 
Thu Mar 31 2022 09:10:45 GMT+0800 (Malaysia Time) | INFO | users-api.log | API: /getUserAdminSuperAdmin | data:{"message":"API Done","total":84,"status":true} | 
Thu Mar 31 2022 09:54:06 GMT+0800 (Malaysia Time) | INFO | users-api.log | API: /getUserAdminSuperAdmin | data:{"message":"API Done","total":84,"status":true} | 
Thu Mar 31 2022 09:56:07 GMT+0800 (Malaysia Time) | INFO | users-api.log | API: /getUserAdminSuperAdmin | data:{"message":"API Done","total":84,"status":true} | 
Thu Mar 31 2022 09:56:13 GMT+0800 (Malaysia Time) | INFO | users-api.log | API: /getUserAdminSuperAdmin | data:{"message":"API Done","total":84,"status":true} | 
Thu Mar 31 2022 09:59:54 GMT+0800 (Malaysia Time) | INFO | users-api.log | API: /getUserAdminSuperAdmin | data:{"message":"API Done","total":84,"status":true} | 
Thu Mar 31 2022 10:02:14 GMT+0800 (Malaysia Time) | INFO | users-api.log | API: /getUserAdminSuperAdmin | data:{"message":"API Done","total":84,"status":true} | 
Thu Mar 31 2022 10:03:13 GMT+0800 (Malaysia Time) | INFO | users-api.log | API: /getUserAdminSuperAdmin | data:{"message":"API Done","total":84,"status":true} | 
Thu Mar 31 2022 10:03:18 GMT+0800 (Malaysia Time) | INFO | users-api.log | API: /getUserAdminSuperAdmin | data:{"message":"API Done","total":84,"status":true} | 
Thu Mar 31 2022 10:09:32 GMT+0800 (Malaysia Time) | INFO | users-api.log | API: /getUserAdminSuperAdmin | data:{"message":"API Done","total":84,"status":true} | 
Thu Mar 31 2022 10:12:02 GMT+0800 (Malaysia Time) | INFO | users-api.log | API: /getUserAdminSuperAdmin | data:{"message":"API Done","total":84,"status":true} | 
Thu Mar 31 2022 10:24:13 GMT+0800 (Malaysia Time) | INFO | users-api.log | API: /getUserAdminSuperAdmin | data:{"message":"API Done","total":84,"status":true} | 
Thu Mar 31 2022 10:27:27 GMT+0800 (Malaysia Time) | INFO | users-api.log | API: /getUserAdminSuperAdmin | data:{"message":"API Done","total":84,"status":true} | 
Thu Mar 31 2022 10:29:28 GMT+0800 (Malaysia Time) | INFO | users-api.log | API: /getUserAdminSuperAdmin | data:{"message":"API Done","total":84,"status":true} | 
Thu Mar 31 2022 10:38:19 GMT+0800 (Malaysia Time) | INFO | users-api.log | API: /getUserAdminSuperAdmin | data:{"message":"API Done","total":84,"status":true} | 
Thu Mar 31 2022 10:42:08 GMT+0800 (Malaysia Time) | INFO | users-api.log | API: /getUserAdminSuperAdmin | data:{"message":"API Done","total":84,"status":true} | 
Thu Mar 31 2022 10:45:26 GMT+0800 (Malaysia Time) | INFO | users-api.log | API: /getUserAdminSuperAdmin | data:{"message":"API Done","total":84,"status":true} | 
Thu Mar 31 2022 10:48:22 GMT+0800 (Malaysia Time) | INFO | users-api.log | API: /getUserAdminSuperAdmin | data:{"message":"API Done","total":84,"status":true} | 
Thu Mar 31 2022 10:56:04 GMT+0800 (Malaysia Time) | INFO | users-api.log | API: /getUserAdminSuperAdmin | data:{"message":"API Done","total":84,"status":true} | 
Thu Mar 31 2022 10:56:45 GMT+0800 (Malaysia Time) | INFO | users-api.log | API: /getUserAdminSuperAdmin | data:{"message":"API Done","total":84,"status":true} | 
Thu Mar 31 2022 11:01:19 GMT+0800 (Malaysia Time) | INFO | users-api.log | API: /getUserAdminSuperAdmin | data:{"message":"API Done","total":84,"status":true} | 
Thu Mar 31 2022 11:05:58 GMT+0800 (Malaysia Time) | INFO | users-api.log | API: /getUserAdminSuperAdmin | data:{"message":"API Done","total":84,"status":true} | 
Thu Mar 31 2022 11:20:20 GMT+0800 (Malaysia Time) | INFO | users-api.log | API: /getUserAdminSuperAdmin | data:{"message":"API Done","total":84,"status":true} | 
Thu Mar 31 2022 11:23:57 GMT+0800 (Malaysia Time) | INFO | users-api.log | API: /getUserAdminSuperAdmin | data:{"message":"API Done","total":84,"status":true} | 
Thu Mar 31 2022 11:26:39 GMT+0800 (Malaysia Time) | INFO | users-api.log | API: /getUserAdminSuperAdmin | data:{"message":"API Done","total":84,"status":true} | 
Thu Mar 31 2022 11:28:54 GMT+0800 (Malaysia Time) | INFO | users-api.log | API: /getUserAdminSuperAdmin | data:{"message":"API Done","total":84,"status":true} | 
Thu Mar 31 2022 11:38:41 GMT+0800 (Malaysia Time) | INFO | users-api.log | API: /getUserAdminSuperAdmin | data:{"message":"API Done","total":84,"status":true} | 
Thu Mar 31 2022 14:45:57 GMT+0800 (Malaysia Time) | INFO | users-api.log | API: /loginUser | data:{"message":"API Done","main":"derricktan@greatech-group.com","status":true} | 
Thu Mar 31 2022 14:46:12 GMT+0800 (Malaysia Time) | INFO | users-api.log | API: /getOneUser | data:{"message":"API Done","total":1,"value":"18","status":true} | 
Thu Mar 31 2022 14:48:40 GMT+0800 (Malaysia Time) | INFO | users-api.log | API: /getOneUser | data:{"message":"API Done","total":1,"value":"18","status":true} | 
Thu Mar 31 2022 14:48:48 GMT+0800 (Malaysia Time) | INFO | users-api.log | API: /getOneUser | data:{"message":"API Done","total":1,"value":"18","status":true} | 
Thu Mar 31 2022 14:49:39 GMT+0800 (Malaysia Time) | INFO | users-api.log | API: /getOneUser | data:{"message":"API Done","total":1,"value":"18","status":true} | 
Thu Mar 31 2022 14:49:43 GMT+0800 (Malaysia Time) | INFO | users-api.log | API: /getOneUser | data:{"message":"API Done","total":1,"value":"18","status":true} | 
Thu Mar 31 2022 14:50:28 GMT+0800 (Malaysia Time) | INFO | users-api.log | API: /getOneUser | data:{"message":"API Done","total":1,"value":"18","status":true} | 
Thu Mar 31 2022 14:51:13 GMT+0800 (Malaysia Time) | INFO | users-api.log | API: /getOneUser | data:{"message":"API Done","total":1,"value":"18","status":true} | 
Thu Mar 31 2022 14:51:16 GMT+0800 (Malaysia Time) | INFO | users-api.log | API: /getOneUser | data:{"message":"API Done","total":1,"value":"18","status":true} | 
Thu Mar 31 2022 14:51:55 GMT+0800 (Malaysia Time) | INFO | users-api.log | API: /editUsersProfile | data:{"message":"API Done","main":{"generatedMaps":[],"raw":{"fieldCount":0,"affectedRows":1,"insertId":0,"serverStatus":2,"warningCount":0,"message":"(Rows matched: 1  Changed: 1  Warnings: 0","protocol41":true,"changedRows":1},"affected":1},"status":true} | 
Thu Mar 31 2022 14:52:05 GMT+0800 (Malaysia Time) | INFO | users-api.log | API: /getOneUser | data:{"message":"API Done","total":1,"value":"18","status":true} | 
Thu Mar 31 2022 14:52:10 GMT+0800 (Malaysia Time) | INFO | users-api.log | API: /editUsersProfile | data:{"message":"API Done","main":{"generatedMaps":[],"raw":{"fieldCount":0,"affectedRows":1,"insertId":0,"serverStatus":2,"warningCount":0,"message":"(Rows matched: 1  Changed: 1  Warnings: 0","protocol41":true,"changedRows":1},"affected":1},"status":true} | 
Thu Mar 31 2022 14:52:52 GMT+0800 (Malaysia Time) | INFO | users-api.log | API: /getOneUser | data:{"message":"API Done","total":1,"value":"18","status":true} | 
Thu Mar 31 2022 14:53:00 GMT+0800 (Malaysia Time) | INFO | users-api.log | API: /getOneUser | data:{"message":"API Done","total":1,"value":"18","status":true} | 
Thu Mar 31 2022 14:54:23 GMT+0800 (Malaysia Time) | INFO | users-api.log | API: /getOneUser | data:{"message":"API Done","total":1,"value":"18","status":true} | 
Thu Mar 31 2022 14:54:32 GMT+0800 (Malaysia Time) | INFO | users-api.log | API: /getOneUser | data:{"message":"API Done","total":1,"value":"18","status":true} | 
Thu Mar 31 2022 14:54:37 GMT+0800 (Malaysia Time) | ERROR | users-api.log | API: /changePassword | data:{"message":"API Error: User Not Found","value":{},"status":false} | 
Thu Mar 31 2022 14:55:15 GMT+0800 (Malaysia Time) | ERROR | users-api.log | API: /changePassword | data:{"message":"API Error: User Not Found","value":{},"status":false} | 
Thu Mar 31 2022 14:55:40 GMT+0800 (Malaysia Time) | ERROR | users-api.log | API: /changePassword | data:{"message":"API Error: User Not Found","value":{},"status":false} | 
Thu Mar 31 2022 15:06:01 GMT+0800 (Malaysia Time) | INFO | users-api.log | API: /getOneUser | data:{"message":"API Done","total":1,"value":"18","status":true} | 
Thu Mar 31 2022 15:06:18 GMT+0800 (Malaysia Time) | INFO | users-api.log | API: /getOneUser | data:{"message":"API Done","total":1,"value":"18","status":true} | 
Thu Mar 31 2022 15:06:23 GMT+0800 (Malaysia Time) | ERROR | users-api.log | API: /changePassword | data:{"message":"API Error: Password Incorrect","value":{"user_id":"18"},"status":false} | 
Thu Mar 31 2022 15:06:41 GMT+0800 (Malaysia Time) | ERROR | users-api.log | API: /changePassword | data:{"message":"API Error: Password Incorrect","value":{"user_id":"18"},"status":false} | 
Thu Mar 31 2022 15:06:52 GMT+0800 (Malaysia Time) | ERROR | users-api.log | API: /changePassword | data:{"message":"API Error: Password Incorrect","value":{"user_id":"18"},"status":false} | 
Thu Mar 31 2022 15:08:07 GMT+0800 (Malaysia Time) | ERROR | users-api.log | API: /changePassword | data:{"message":"API Error: Password Incorrect","value":{"user_id":"18"},"status":false} | 
Thu Mar 31 2022 15:08:34 GMT+0800 (Malaysia Time) | ERROR | users-api.log | API: /changePassword | data:{"message":"API Error: Password Incorrect","value":{"user_id":"18"},"status":false} | 
Thu Mar 31 2022 15:09:04 GMT+0800 (Malaysia Time) | ERROR | users-api.log | API: /changePassword | data:{"message":"API Error: Password Incorrect","value":{"user_id":"18"},"status":false} | 
Thu Mar 31 2022 15:11:16 GMT+0800 (Malaysia Time) | INFO | users-api.log | API: /changePassword | data:{"message":"API Done","main":{"generatedMaps":[],"raw":{"fieldCount":0,"affectedRows":1,"insertId":0,"serverStatus":2,"warningCount":0,"message":"(Rows matched: 1  Changed: 1  Warnings: 0","protocol41":true,"changedRows":1},"affected":1},"status":true} | 
Thu Mar 31 2022 15:11:35 GMT+0800 (Malaysia Time) | INFO | users-api.log | API: /getOneUser | data:{"message":"API Done","total":1,"value":"18","status":true} | 
Thu Mar 31 2022 15:12:19 GMT+0800 (Malaysia Time) | ERROR | users-api.log | API: /loginUser | data:{"message":"API Failed: TypeError: pchstr must contain a $ as first char","value":{"email":"derricktan@greatech-group.com"},"status":false} | 
Thu Mar 31 2022 15:12:30 GMT+0800 (Malaysia Time) | ERROR | users-api.log | API: /loginUser | data:{"message":"API Failed: TypeError: pchstr must contain a $ as first char","value":{"email":"derricktan@greatech-group.com"},"status":false} | 
Thu Mar 31 2022 15:12:31 GMT+0800 (Malaysia Time) | ERROR | users-api.log | API: /loginUser | data:{"message":"API Failed: TypeError: pchstr must contain a $ as first char","value":{"email":"derricktan@greatech-group.com"},"status":false} | 
Thu Mar 31 2022 15:12:31 GMT+0800 (Malaysia Time) | ERROR | users-api.log | API: /loginUser | data:{"message":"API Failed: TypeError: pchstr must contain a $ as first char","value":{"email":"derricktan@greatech-group.com"},"status":false} | 
Thu Mar 31 2022 15:12:41 GMT+0800 (Malaysia Time) | INFO | users-api.log | API: /loginUser | data:{"message":"API Done","main":"yqteow@greatech-group.com","status":true} | 
Thu Mar 31 2022 15:13:58 GMT+0800 (Malaysia Time) | INFO | users-api.log | API: /loginUser | data:{"message":"API Done","main":"derricktan@greatech-group.com","status":true} | 
Thu Mar 31 2022 15:14:07 GMT+0800 (Malaysia Time) | INFO | users-api.log | API: /getOneUser | data:{"message":"API Done","total":1,"value":"18","status":true} | 
Thu Mar 31 2022 15:14:12 GMT+0800 (Malaysia Time) | INFO | users-api.log | API: /changePassword | data:{"message":"API Done","main":{"generatedMaps":[],"raw":{"fieldCount":0,"affectedRows":1,"insertId":0,"serverStatus":2,"warningCount":0,"message":"(Rows matched: 1  Changed: 1  Warnings: 0","protocol41":true,"changedRows":1},"affected":1},"status":true} | 
Thu Mar 31 2022 15:14:21 GMT+0800 (Malaysia Time) | INFO | users-api.log | API: /changePassword | data:{"message":"API Done","main":{"generatedMaps":[],"raw":{"fieldCount":0,"affectedRows":1,"insertId":0,"serverStatus":2,"warningCount":0,"message":"(Rows matched: 1  Changed: 1  Warnings: 0","protocol41":true,"changedRows":1},"affected":1},"status":true} | 
Sat Apr 16 2022 13:00:55 GMT+0800 (China Standard Time) | INFO | users-api.log | API: /getUserAdminSuperAdmin | data:{"message":"API Done","total":87,"status":true} | 
Sat Apr 16 2022 13:03:07 GMT+0800 (China Standard Time) | INFO | users-api.log | API: /getUserAdminSuperAdmin | data:{"message":"API Done","total":87,"status":true} | 
Sat Apr 16 2022 13:03:38 GMT+0800 (China Standard Time) | INFO | users-api.log | API: /getUserAdminSuperAdmin | data:{"message":"API Done","total":87,"status":true} | 
Sat Apr 16 2022 13:03:40 GMT+0800 (China Standard Time) | INFO | users-api.log | API: /getUserAdminSuperAdmin | data:{"message":"API Done","total":87,"status":true} | 
Sat Apr 16 2022 13:03:42 GMT+0800 (China Standard Time) | INFO | users-api.log | API: /getUserAdminSuperAdmin | data:{"message":"API Done","total":87,"status":true} | 
Sat Apr 16 2022 13:03:52 GMT+0800 (China Standard Time) | INFO | users-api.log | API: /getUserAdminSuperAdmin | data:{"message":"API Done","total":87,"status":true} | 
Sat Apr 16 2022 13:37:07 GMT+0800 (China Standard Time) | INFO | users-api.log | API: /getUserAdminSuperAdmin | data:{"message":"API Done","total":87,"status":true} | 
Sat Apr 16 2022 13:37:28 GMT+0800 (China Standard Time) | INFO | users-api.log | API: /getUserAdminSuperAdmin | data:{"message":"API Done","total":87,"status":true} | 
Sat Apr 16 2022 13:51:25 GMT+0800 (China Standard Time) | INFO | users-api.log | API: /getUserAdminSuperAdmin | data:{"message":"API Done","total":87,"status":true} | 
Sat Apr 16 2022 14:30:01 GMT+0800 (China Standard Time) | ERROR | users-api.log | API: /changePasswordByEmail | data:{"message":"API Failed: EntityNotFound: Could not find any entity of type \"User\" matching: {\n    \"email\": \"derricktpl@derrickwebdev.com\"\n}","value":{"email":"derricktpl@derrickwebdev.com"},"status":false} | 
Sat Apr 16 2022 14:30:31 GMT+0800 (China Standard Time) | INFO | users-api.log | API: /changePasswordByEmail | data:{"message":"API Done","main":"derricktan@greatech-group.com","status":true} | 
Sat Apr 16 2022 14:30:58 GMT+0800 (China Standard Time) | ERROR | users-api.log | API: /changePasswordByEmail | data:{"message":"API Failed: EntityNotFound: Could not find any entity of type \"User\" matching: {\n    \"email\": \"derricktpl@derrickwebdev.com\"\n}","value":{"email":"derricktpl@derrickwebdev.com"},"status":false} | 
Sat Apr 16 2022 14:31:24 GMT+0800 (China Standard Time) | ERROR | users-api.log | API: /changePasswordByEmail | data:{"message":"API Failed: EntityNotFound: Could not find any entity of type \"User\" matching: {\n    \"email\": \"derricktpl@derrickwebdev.com\"\n}","value":{"email":"derricktpl@derrickwebdev.com"},"status":false} | 
Sat Apr 16 2022 14:32:02 GMT+0800 (China Standard Time) | ERROR | users-api.log | API: /changePasswordByEmail | data:{"message":"API Failed: EntityNotFound: Could not find any entity of type \"User\" matching: {\n    \"email\": \"derricktpl@derrickwebdev.com\"\n}","value":{"email":"derricktpl@derrickwebdev.com"},"status":false} | 
Sat Apr 16 2022 14:34:21 GMT+0800 (China Standard Time) | ERROR | users-api.log | API: /changePasswordByEmail | data:{"message":"API Failed: EntityNotFound: Could not find any entity of type \"User\" matching: {\n    \"email\": \"derricktpl@derrickwebdev.com\"\n}","value":{"email":"derricktpl@derrickwebdev.com"},"status":false} | 
Sat Apr 16 2022 14:34:36 GMT+0800 (China Standard Time) | ERROR | users-api.log | API: /changePasswordByEmail | data:{"message":"API Failed: EntityNotFound: Could not find any entity of type \"User\" matching: {\n    \"email\": \"derricktpl@derrickwebdev.com\"\n}","value":{"email":"derricktpl@derrickwebdev.com"},"status":false} | 
Sat Apr 16 2022 14:34:58 GMT+0800 (China Standard Time) | ERROR | users-api.log | API: /changePasswordByEmail | data:{"message":"API Failed: EntityNotFound: Could not find any entity of type \"User\" matching: {\n    \"email\": \"derricktpl@derrickwebdev.com\"\n}","value":{"email":"derricktpl@derrickwebdev.com"},"status":false} | 
Sat Apr 16 2022 14:35:21 GMT+0800 (China Standard Time) | ERROR | users-api.log | API: /changePasswordByEmail | data:{"message":"API Failed: EntityNotFound: Could not find any entity of type \"User\" matching: {\n    \"email\": \"derricktpl@derrickwebdev.com\"\n}","value":{"email":"derricktpl@derrickwebdev.com"},"status":false} | 
Sat Apr 16 2022 15:11:19 GMT+0800 (China Standard Time) | INFO | users-api.log | API: /changePasswordByEmail | data:{"message":"API Done","main":"derricktan@greatech-group.com","status":true} | 
Sat Apr 16 2022 15:11:51 GMT+0800 (China Standard Time) | ERROR | users-api.log | API: /changePasswordByEmail | data:{"message":"API Failed: EntityNotFound: Could not find any entity of type \"User\" matching: {}","value":{},"status":false} | 
Sat Apr 16 2022 15:11:57 GMT+0800 (China Standard Time) | ERROR | users-api.log | API: /changePasswordByEmail | data:{"message":"API Failed: EntityNotFound: Could not find any entity of type \"User\" matching: {}","value":{},"status":false} | 
Sat Apr 16 2022 15:12:23 GMT+0800 (China Standard Time) | ERROR | users-api.log | API: /changePasswordByEmail | data:{"message":"API Failed: EntityNotFound: Could not find any entity of type \"User\" matching: {}","value":{},"status":false} | 
Sat Apr 16 2022 15:13:21 GMT+0800 (China Standard Time) | ERROR | users-api.log | API: /changePasswordByEmail | data:{"message":"API Failed: EntityNotFound: Could not find any entity of type \"User\" matching: {}","value":{},"status":false} | 
Sat Apr 16 2022 15:13:47 GMT+0800 (China Standard Time) | INFO | users-api.log | API: /resetPassword | data:{"message":"API Done: Successfully Change the password","status":true} | 
Sat Apr 16 2022 15:14:29 GMT+0800 (China Standard Time) | INFO | users-api.log | API: /loginUser | data:{"message":"API Done","main":"derricktan@greatech-group.com","status":true} | 
